HERMES F2p - full fit
     X        Q2         W2       THEORY        error         DATA         ERROR        chi^2     _w    ITYPE
.2642E+00     1.749  0.575E+01   0.31714E+00   0.14226E-02   0.35200E+00    0.15967E-01  -4.77          HERMES_F2p
.3477E+00     2.672  0.589E+01   0.27072E+00   0.98125E-03   0.26900E+00    0.21553E-01   0.01          HERMES_F2p
.4605E+00     4.224  0.583E+01   0.18598E+00   0.63200E-03   0.17900E+00    0.82719E-02   0.71          HERMES_F2p
.6346E+00     8.688  0.588E+01   0.66625E-01   0.24193E-03   0.64000E-01    0.20197E-02   1.69          HERMES_F2p
.1661E+00     1.811  0.997E+01   0.34427E+00   0.12503E-02   0.37300E+00    0.15868E-01  -3.28          HERMES_F2p
.2104E+00     2.050  0.858E+01   0.33710E+00   0.12432E-02   0.35200E+00    0.11255E-01  -1.75          HERMES_F2p
.2722E+00     2.471  0.749E+01   0.31373E+00   0.11290E-02   0.32900E+00    0.13356E-01  -1.31          HERMES_F2p
.3620E+00     3.790  0.756E+01   0.25481E+00   0.84838E-03   0.26800E+00    0.65400E-02  -4.07          HERMES_F2p
.4900E+00     6.026  0.715E+01   0.15577E+00   0.52134E-03   0.15600E+00    0.20614E-02  -0.01          HERMES_F2p
.6641E+00    12.778  0.734E+01   0.46967E-01   0.17955E-03   0.47000E-01    0.11510E-02  -0.00          HERMES_F2p
.8850E-01     1.691  0.183E+02   0.34055E+00   0.13006E-02   0.35100E+00    0.65471E-02  -2.55          HERMES_F2p
.1082E+00     2.013  0.175E+02   0.34840E+00   0.12095E-02   0.36700E+00    0.10616E-01  -3.07          HERMES_F2p
.1334E+00     2.158  0.149E+02   0.35010E+00   0.11410E-02   0.35900E+00    0.87699E-02  -1.03          HERMES_F2p
.1662E+00     2.458  0.132E+02   0.34854E+00   0.10907E-02   0.36300E+00    0.56496E-02  -6.55          HERMES_F2p
.2105E+00     2.851  0.116E+02   0.33838E+00   0.10934E-02   0.35500E+00    0.89858E-02  -3.42          HERMES_F2p
.2724E+00     3.479  0.102E+02   0.31073E+00   0.10034E-02   0.31600E+00    0.59698E-02  -0.78          HERMES_F2p
.3622E+00     5.125  0.991E+01   0.24767E+00   0.80137E-03   0.25000E+00    0.48737E-02  -0.23          HERMES_F2p
.4957E+00     8.280  0.931E+01   0.14290E+00   0.47808E-03   0.14700E+00    0.34361E-02  -1.42          HERMES_F2p
.4960E-01     1.927  0.378E+02   0.33382E+00   0.15409E-02   0.32300E+00    0.10291E-01   1.10          HERMES_F2p
.7260E-01     1.928  0.255E+02   0.34177E+00   0.12747E-02   0.35200E+00    0.92339E-02  -1.23          HERMES_F2p
.8850E-01     2.080  0.223E+02   0.34783E+00   0.12098E-02   0.35400E+00    0.56414E-02  -1.20          HERMES_F2p
.1083E+00     2.490  0.214E+02   0.35428E+00   0.11380E-02   0.36400E+00    0.66975E-02  -2.11          HERMES_F2p
.1334E+00     2.795  0.190E+02   0.35476E+00   0.10718E-02   0.37200E+00    0.10462E-01  -2.71          HERMES_F2p
.1663E+00     3.195  0.169E+02   0.35057E+00   0.10489E-02   0.35800E+00    0.75972E-02  -0.96          HERMES_F2p
.2106E+00     3.709  0.148E+02   0.33775E+00   0.10521E-02   0.34300E+00    0.66523E-02  -0.62          HERMES_F2p
.2726E+00     4.527  0.130E+02   0.30712E+00   0.96257E-03   0.31500E+00    0.72683E-02  -1.17          HERMES_F2p
.3624E+00     6.797  0.128E+02   0.24068E+00   0.77407E-03   0.24200E+00    0.41919E-02  -0.10          HERMES_F2p
.5038E+00    11.344  0.121E+02   0.12951E+00   0.43802E-03   0.13200E+00    0.25253E-02  -0.97          HERMES_F2p
.5970E-01     1.906  0.309E+02   0.33726E+00   0.13920E-02   0.33300E+00    0.51038E-02   0.70          HERMES_F2p
.7260E-01     2.276  0.300E+02   0.34907E+00   0.12387E-02   0.34600E+00    0.66232E-02   0.22          HERMES_F2p
.8850E-01     2.587  0.275E+02   0.35538E+00   0.11665E-02   0.35100E+00    0.55374E-02   0.63          HERMES_F2p
.1083E+00     3.071  0.262E+02   0.35905E+00   0.11128E-02   0.35500E+00    0.58272E-02   0.48          HERMES_F2p
.1335E+00     3.538  0.238E+02   0.35780E+00   0.10596E-02   0.35600E+00    0.44821E-02   0.16          HERMES_F2p
.1664E+00     4.051  0.212E+02   0.35144E+00   0.10476E-02   0.35400E+00    0.51447E-02  -0.25          HERMES_F2p
.2107E+00     4.702  0.185E+02   0.33635E+00   0.10424E-02   0.33600E+00    0.39958E-02   0.01          HERMES_F2p
.2726E+00     5.685  0.161E+02   0.30355E+00   0.94558E-03   0.30400E+00    0.65049E-02  -0.00          HERMES_F2p
.3679E+00     9.154  0.166E+02   0.22942E+00   0.74127E-03   0.23400E+00    0.36983E-02  -1.53          HERMES_F2p
.6030E-01     2.319  0.370E+02   0.34758E+00   0.13460E-02   0.33000E+00    0.97726E-02   3.24          HERMES_F2p
.7340E-01     2.806  0.363E+02   0.35753E+00   0.12175E-02   0.33900E+00    0.86148E-02   4.62          HERMES_F2p
.8940E-01     3.341  0.349E+02   0.36270E+00   0.11556E-02   0.34900E+00    0.69795E-02   3.86          HERMES_F2p
.1094E+00     3.946  0.330E+02   0.36357E+00   0.11109E-02   0.34600E+00    0.57203E-02   9.44          HERMES_F2p
.1347E+00     4.618  0.305E+02   0.36001E+00   0.10694E-02   0.34600E+00    0.35125E-02  15.92          HERMES_F2p
.1679E+00     5.344  0.274E+02   0.35111E+00   0.10618E-02   0.34200E+00    0.54807E-02   2.76          HERMES_F2p
.2128E+00     6.266  0.241E+02   0.33305E+00   0.10412E-02   0.33000E+00    0.71338E-02   0.18          HERMES_F2p
.2759E+00     7.501  0.206E+02   0.29676E+00   0.92802E-03   0.29600E+00    0.31139E-02   0.06          HERMES_F2p

HERMES F2d - full fit
     X        Q2         W2       THEORY        error         DATA         ERROR        chi^2     _w    ITYPE     
.2642E+00     1.749  0.575E+01   0.27564E+00   0.12076E-02   0.29800E+00    0.13235E-01  -2.85          HERMES_F2d
.3477E+00     2.672  0.589E+01   0.22553E+00   0.80482E-03   0.21700E+00    0.17353E-01   0.24          HERMES_F2d
.4605E+00     4.224  0.583E+01   0.14762E+00   0.49898E-03   0.14200E+00    0.65058E-02   0.75          HERMES_F2d
.6346E+00     8.688  0.588E+01   0.49105E-01   0.18375E-03   0.47000E-01    0.15430E-02   1.86          HERMES_F2d
.1661E+00     1.811  0.997E+01   0.31663E+00   0.11574E-02   0.34100E+00    0.14502E-01  -2.82          HERMES_F2d
.2104E+00     2.050  0.858E+01   0.30085E+00   0.11058E-02   0.31400E+00    0.10188E-01  -1.67          HERMES_F2d
.2722E+00     2.471  0.749E+01   0.26997E+00   0.95569E-03   0.28500E+00    0.11579E-01  -1.69          HERMES_F2d
.3620E+00     3.790  0.756E+01   0.21004E+00   0.69830E-03   0.21800E+00    0.53184E-02  -2.24          HERMES_F2d
.4900E+00     6.026  0.715E+01   0.12141E+00   0.40896E-03   0.12000E+00    0.15610E-02   0.81          HERMES_F2d
.6641E+00    12.778  0.734E+01   0.34361E-01   0.13423E-03   0.36000E-01    0.92207E-03  -3.16          HERMES_F2d
.8850E-01     1.691  0.183E+02   0.32394E+00   0.12726E-02   0.33700E+00    0.62576E-02  -4.36          HERMES_F2d
.1082E+00     2.013  0.175E+02   0.32947E+00   0.11416E-02   0.34100E+00    0.98580E-02  -1.37          HERMES_F2d
.1334E+00     2.158  0.149E+02   0.32722E+00   0.10602E-02   0.33500E+00    0.82132E-02  -0.90          HERMES_F2d
.1662E+00     2.458  0.132E+02   0.31911E+00   0.10043E-02   0.32800E+00    0.52339E-02  -2.89          HERMES_F2d
.2105E+00     2.851  0.116E+02   0.30043E+00   0.96965E-03   0.31000E+00    0.78505E-02  -1.49          HERMES_F2d
.2724E+00     3.479  0.102E+02   0.26601E+00   0.85624E-03   0.27200E+00    0.51302E-02  -1.36          HERMES_F2d
.3622E+00     5.125  0.991E+01   0.20328E+00   0.66081E-03   0.20500E+00    0.40053E-02  -0.19          HERMES_F2d
.4957E+00     8.280  0.931E+01   0.11056E+00   0.37571E-03   0.11300E+00    0.26535E-02  -0.85          HERMES_F2d
.4960E-01     1.927  0.378E+02   0.32278E+00   0.14565E-02   0.32000E+00    0.97337E-02   0.08          HERMES_F2d
.7260E-01     1.928  0.255E+02   0.32677E+00   0.12416E-02   0.33900E+00    0.88921E-02  -1.89          HERMES_F2d
.8850E-01     2.080  0.223E+02   0.33079E+00   0.11677E-02   0.33900E+00    0.52506E-02  -2.45          HERMES_F2d
.1083E+00     2.490  0.214E+02   0.33468E+00   0.10584E-02   0.33600E+00    0.61957E-02  -0.05          HERMES_F2d
.1334E+00     2.795  0.190E+02   0.33078E+00   0.98789E-03   0.34500E+00    0.96964E-02  -2.15          HERMES_F2d
.1663E+00     3.195  0.169E+02   0.31991E+00   0.96323E-03   0.32600E+00    0.69218E-02  -0.77          HERMES_F2d
.2106E+00     3.709  0.148E+02   0.29883E+00   0.93208E-03   0.30500E+00    0.59113E-02  -1.09          HERMES_F2d
.2726E+00     4.527  0.130E+02   0.26205E+00   0.82562E-03   0.26600E+00    0.61739E-02  -0.41          HERMES_F2d
.3624E+00     6.797  0.128E+02   0.19686E+00   0.63786E-03   0.19700E+00    0.34175E-02  -0.00          HERMES_F2d
.5038E+00    11.344  0.121E+02   0.99466E-01   0.34450E-03   0.10300E+00    0.19957E-02  -3.14          HERMES_F2d
.5970E-01     1.906  0.309E+02   0.32411E+00   0.13296E-02   0.32100E+00    0.46099E-02   0.45          HERMES_F2d
.7260E-01     2.276  0.300E+02   0.33388E+00   0.12020E-02   0.33400E+00    0.62784E-02  -0.00          HERMES_F2d
.8850E-01     2.587  0.275E+02   0.33793E+00   0.11111E-02   0.33500E+00    0.52022E-02   0.32          HERMES_F2d
.1083E+00     3.071  0.262E+02   0.33884E+00   0.10254E-02   0.33800E+00    0.54781E-02   0.02          HERMES_F2d
.1335E+00     3.538  0.238E+02   0.33293E+00   0.97411E-03   0.33000E+00    0.41283E-02   0.50          HERMES_F2d
.1664E+00     4.051  0.212E+02   0.31985E+00   0.96045E-03   0.32100E+00    0.46213E-02  -0.06          HERMES_F2d
.2107E+00     4.702  0.185E+02   0.29677E+00   0.92276E-03   0.29800E+00    0.35169E-02  -0.12          HERMES_F2d
.2726E+00     5.685  0.161E+02   0.25837E+00   0.81338E-03   0.26200E+00    0.56024E-02  -0.42          HERMES_F2d
.3679E+00     9.154  0.166E+02   0.18667E+00   0.60801E-03   0.18900E+00    0.29893E-02  -0.61          HERMES_F2d
.6030E-01     2.319  0.370E+02   0.33412E+00   0.12918E-02   0.32400E+00    0.92847E-02   1.19          HERMES_F2d
.7340E-01     2.806  0.363E+02   0.34200E+00   0.11776E-02   0.32900E+00    0.81388E-02   2.55          HERMES_F2d
.8940E-01     3.341  0.349E+02   0.34469E+00   0.10873E-02   0.33100E+00    0.64260E-02   4.54          HERMES_F2d
.1094E+00     3.946  0.330E+02   0.34252E+00   0.10182E-02   0.33100E+00    0.53206E-02   4.69          HERMES_F2d
.1347E+00     4.618  0.305E+02   0.33406E+00   0.98377E-03   0.32200E+00    0.31348E-02  14.80          HERMES_F2d
.1679E+00     5.344  0.274E+02   0.31840E+00   0.97131E-03   0.31100E+00    0.49356E-02   2.25          HERMES_F2d
.2128E+00     6.266  0.241E+02   0.29265E+00   0.91983E-03   0.29200E+00    0.63019E-02   0.01          HERMES_F2d
.2759E+00     7.501  0.206E+02   0.25152E+00   0.79894E-03   0.24900E+00    0.26095E-02   0.93          HERMES_F2d
