 Correlated errors added in quadrature with statistical errors
 test_DN    DIS data with   1.69< Q2 < 0.500D+03 and 0.000 < xB < 1.000 and   1.00< W2 < 0.100D+04 and 0.000 < y < 1.000
   GP TMC applied
   HT corrections, multiplicative C=C(xB)
 Correlated errors added in quadrature with statistical errors
 slac_p_reb DIS data with   1.69< Q2 < 0.500D+03 and 0.000 < xB < 1.000 and   3.00< W2 < 0.100D+04 and 0.000 < y < 1.000
   GP TMC applied
   HT corrections, multiplicative C=C(xB)
 Correlated errors added in quadrature with statistical errors
 slac_d_reb DIS data with   1.69< Q2 < 0.500D+03 and 0.000 < xB < 1.000 and   3.00< W2 < 0.100D+04 and 0.000 < y < 1.000
   WBArel smearing  (AV18) - KP off-shell param nuke corrections
   GP TMC applied
   HT corrections, multiplicative C=C(xB)

# fitpack10: fit output
# CJ15_AV18                                                                    

Parametrization   7 used here

 S-ACOT scheme used  for NC DIS

 charm mass =     1.30 GeV     bottom mass =     4.50 GeV



 THIS IS A NEXT TO LEADING ORDER FIT

 Q02=    1.69
         1  LAMBDA      VALUE=   0.22680      WEIGHT=    0.0000    
         2  a0uv        VALUE=    2.3584      WEIGHT=    0.0000    
         3  a1uv        VALUE=   0.60985      WEIGHT=    0.0000    
         4  a2uv        VALUE=    3.5377      WEIGHT=    0.0000    
         5  a3uv        VALUE=    0.0000      WEIGHT=    0.0000    
         6  a4uv        VALUE=    3.5169      WEIGHT=    0.0000    
         7  a5uv        VALUE=    0.0000      WEIGHT=    0.0000    
         8  a0dv        VALUE=    23.233      WEIGHT=    0.0000    
         9  a1dv        VALUE=    1.1387      WEIGHT=    0.0000    
        10  a2dv        VALUE=    6.6180      WEIGHT=    0.0000    
        11  a3dv        VALUE=   -3.5743      WEIGHT=    0.0000    
        12  a4dv        VALUE=    4.9133      WEIGHT=    0.0000    
        13  a5dv        VALUE=    0.0000      WEIGHT=    0.0000    
        14  a0ud        VALUE=   0.14121      WEIGHT=    0.0000    
        15  a1ud        VALUE=  -0.21785      WEIGHT=    0.0000    
        16  a2ud        VALUE=    8.4003      WEIGHT=    0.0000    
        17  a3ud        VALUE=    0.0000      WEIGHT=    0.0000    
        18  a4ud        VALUE=    16.055      WEIGHT=    0.0000    
        19  a5ud        VALUE=    0.0000      WEIGHT=    0.0000    
        20  a0du        VALUE=    35712.      WEIGHT=    0.0000    
        21  a1du        VALUE=    3.9867      WEIGHT=    0.0000    
        22  a2du        VALUE=    20.289      WEIGHT=    0.0000    
        23  a3du        VALUE=    17.000      WEIGHT=    0.0000    
        24  a4du        VALUE=    49.881      WEIGHT=    0.0000    
        25  a0g         VALUE=    46.707      WEIGHT=    0.0000    
        26  a1g         VALUE=   0.61586      WEIGHT=    0.0000    
        27  a2g         VALUE=    6.2335      WEIGHT=    0.0000    
        28  a3g         VALUE=   -3.2703      WEIGHT=    0.0000    
        29  a4g         VALUE=    3.0338      WEIGHT=    0.0000    
        30  a5g         VALUE=    0.0000      WEIGHT=    0.0000    
        31  kappa       VALUE=   0.40000      WEIGHT=    0.0000    
        32  a6dv        VALUE=  -0.42424E-02  WEIGHT=    0.0000    
        33  a7dv        VALUE=    2.0000      WEIGHT=    0.0000    
        34  x0_KP       VALUE=   0.34487      WEIGHT=    0.0000    
        35  C_KP        VALUE=   0.98222E-01  WEIGHT=    0.0000    
        36  ht1         VALUE=   -3.0094      WEIGHT=    0.0000    
        37  ht2         VALUE=    1.7526      WEIGHT=    0.0000    
        38  ht3         VALUE=   -2.0895      WEIGHT=    0.0000    
        39  ht4         VALUE=    0.0000      WEIGHT=    0.0000    
        40  dummy40     VALUE=    0.0000      WEIGHT=    0.0000    
        41  dummy41     VALUE=    0.0000      WEIGHT=    0.0000    
        42  dummy42     VALUE=    0.0000      WEIGHT=    0.0000    
        43  dummy43     VALUE=    0.0000      WEIGHT=    0.0000    
        44  dummy44     VALUE=    0.0000      WEIGHT=    0.0000    
        45  dummy45     VALUE=    0.0000      WEIGHT=    0.0000    
        46  dummy46     VALUE=    0.0000      WEIGHT=    0.0000    
        47  dummy47     VALUE=    0.0000      WEIGHT=    0.0000    
        48  dummy48     VALUE=    0.0000      WEIGHT=    0.0000    
        49  dummy49     VALUE=    0.0000      WEIGHT=    0.0000    
        50  bcdmsh2     VALUE=   0.97212      WEIGHT=    0.0000    
        51  bcdmsd2     VALUE=   0.99449      WEIGHT=    0.0000    
        52  ccfr        VALUE=    1.0000      WEIGHT=    0.0000    
        53  nutev       VALUE=    1.0000      WEIGHT=    0.0000    
        54  zeus        VALUE=   0.97998      WEIGHT=    0.0000    
        55  h1          VALUE=    1.0162      WEIGHT=    0.0000    
        56  e605        VALUE=    1.0363      WEIGHT=    0.0000    
        57  NmcH2       VALUE=    1.0164      WEIGHT=    0.0000    
        58  ntv_nu      VALUE=    1.0000      WEIGHT=    0.0000    
        59  ntv_nuba    VALUE=    1.0000      WEIGHT=    0.0000    
        60  cdf_jet     VALUE=   0.98910      WEIGHT=    0.0000    
        61  d0_jet      VALUE=   0.83504      WEIGHT=    0.0000    
        62  slac_p      VALUE=    1.0030      WEIGHT=    0.0000    
        63  slac_d      VALUE=    1.0052      WEIGHT=    0.0000    
        64  e866pp      VALUE=   0.98202      WEIGHT=    0.0000    
        65  e866pd      VALUE=   0.99343      WEIGHT=    0.0000    
        66  d0_gamje    VALUE=    1.0372      WEIGHT=    0.0000    
        67  h1b         VALUE=   0.97608      WEIGHT=    0.0000    
        68  jlab_p      VALUE=   0.99387      WEIGHT=    0.0000    
        69  jlab_d      VALUE=   0.97820      WEIGHT=    0.0000    
        70  blank       VALUE=    1.0000      WEIGHT=    0.0000    
        71  d0run2      VALUE=   0.93590      WEIGHT=    0.0000    
        72  cdfrun2     VALUE=   0.92184      WEIGHT=    0.0000    
        73  HERA_el     VALUE=   0.99980      WEIGHT=    0.0000    
        74  HERA_ps     VALUE=   0.99528      WEIGHT=    0.0000    
        75  CDF_Z       VALUE=   0.97421      WEIGHT=    0.0000    
        76  NmcRat      VALUE=    1.0000      WEIGHT=    0.0000    
        77  BNS_F2nd    VALUE=   0.98431      WEIGHT=    0.0000    
0THE TOLERANCE IS    0.5000
 THE MAXIMUM NUMBER OF STEPS IS 100
0THE INITIAL CHI SQUARED IS  8.9481E+07



     X        Q2         W2       THEORY         DATA         ERROR        chi^2     _w    ITYPE
.1000E-01     2.000  0.199E+03   0.99076E+00   0.10000E+00    0.50249E-02*******          test_DN   
.2000E-01     2.000  0.989E+02   0.99187E+00   0.10000E+00    0.50249E-02*******          test_DN   
.3000E-01     2.000  0.655E+02   0.99333E+00   0.10000E+00    0.50249E-02*******          test_DN   
.4000E-01     2.000  0.489E+02   0.99356E+00   0.10000E+00    0.50249E-02*******          test_DN   
.5000E-01     2.000  0.389E+02   0.99473E+00   0.10000E+00    0.50249E-02*******          test_DN   
.6000E-01     2.000  0.322E+02   0.99457E+00   0.10000E+00    0.50249E-02*******          test_DN   
.7000E-01     2.000  0.275E+02   0.99494E+00   0.10000E+00    0.50249E-02*******          test_DN   
.8000E-01     2.000  0.239E+02   0.99468E+00   0.10000E+00    0.50249E-02*******          test_DN   
.9000E-01     2.000  0.211E+02   0.99434E+00   0.10000E+00    0.50249E-02*******          test_DN   
.1000E+00     2.000  0.189E+02   0.99456E+00   0.10000E+00    0.50249E-02*******          test_DN   
.1100E+00     2.000  0.171E+02   0.99459E+00   0.10000E+00    0.50249E-02*******          test_DN   
.1200E+00     2.000  0.155E+02   0.99439E+00   0.10000E+00    0.50249E-02*******          test_DN   
.1300E+00     2.000  0.143E+02   0.99431E+00   0.10000E+00    0.50249E-02*******          test_DN   
.1400E+00     2.000  0.132E+02   0.99379E+00   0.10000E+00    0.50249E-02*******          test_DN   
.1500E+00     2.000  0.122E+02   0.99349E+00   0.10000E+00    0.50249E-02*******          test_DN   
.1600E+00     2.000  0.114E+02   0.99372E+00   0.10000E+00    0.50249E-02*******          test_DN   
.1700E+00     2.000  0.106E+02   0.99367E+00   0.10000E+00    0.50249E-02*******          test_DN   
.1800E+00     2.000  0.999E+01   0.99358E+00   0.10000E+00    0.50249E-02*******          test_DN   
.1900E+00     2.000  0.941E+01   0.99336E+00   0.10000E+00    0.50249E-02*******          test_DN   
.2000E+00     2.000  0.888E+01   0.99288E+00   0.10000E+00    0.50249E-02*******          test_DN   
.2100E+00     2.000  0.841E+01   0.99291E+00   0.10000E+00    0.50249E-02*******          test_DN   
.2200E+00     2.000  0.797E+01   0.99318E+00   0.10000E+00    0.50249E-02*******          test_DN   
.2300E+00     2.000  0.758E+01   0.99304E+00   0.10000E+00    0.50249E-02*******          test_DN   
.2400E+00     2.000  0.722E+01   0.99290E+00   0.10000E+00    0.50249E-02*******          test_DN   
.2500E+00     2.000  0.688E+01   0.99236E+00   0.10000E+00    0.50249E-02*******          test_DN   
.2600E+00     2.000  0.657E+01   0.99242E+00   0.10000E+00    0.50249E-02*******          test_DN   
.2700E+00     2.000  0.629E+01   0.99271E+00   0.10000E+00    0.50249E-02*******          test_DN   
.2800E+00     2.000  0.602E+01   0.99257E+00   0.10000E+00    0.50249E-02*******          test_DN   
.2900E+00     2.000  0.578E+01   0.99247E+00   0.10000E+00    0.50249E-02*******          test_DN   
.3000E+00     2.000  0.555E+01   0.99160E+00   0.10000E+00    0.18868E-02*******          test_DN   
.3100E+00     2.000  0.533E+01   0.99176E+00   0.10000E+00    0.50249E-02*******          test_DN   
.3200E+00     2.000  0.513E+01   0.99202E+00   0.10000E+00    0.50249E-02*******          test_DN   
.3300E+00     2.000  0.494E+01   0.99194E+00   0.10000E+00    0.50249E-02*******          test_DN   
.3400E+00     2.000  0.476E+01   0.99183E+00   0.10000E+00    0.50249E-02*******          test_DN   
.3500E+00     2.000  0.460E+01   0.99177E+00   0.10000E+00    0.50249E-02*******          test_DN   
.3600E+00     2.000  0.444E+01   0.99221E+00   0.10000E+00    0.50249E-02*******          test_DN   
.3700E+00     2.000  0.429E+01   0.99246E+00   0.10000E+00    0.50249E-02*******          test_DN   
.3800E+00     2.000  0.414E+01   0.99230E+00   0.10000E+00    0.50249E-02*******          test_DN   
.3900E+00     2.000  0.401E+01   0.99233E+00   0.10000E+00    0.50249E-02*******          test_DN   
.4000E+00     2.000  0.388E+01   0.99279E+00   0.10000E+00    0.17692E-02*******          test_DN   
.4100E+00     2.000  0.376E+01   0.99322E+00   0.10000E+00    0.50249E-02*******          test_DN   
.4200E+00     2.000  0.364E+01   0.99325E+00   0.10000E+00    0.50249E-02*******          test_DN   
.4300E+00     2.000  0.353E+01   0.99342E+00   0.10000E+00    0.50249E-02*******          test_DN   
.4400E+00     2.000  0.343E+01   0.99400E+00   0.10000E+00    0.50249E-02*******          test_DN   
.4500E+00     2.000  0.333E+01   0.99445E+00   0.10000E+00    0.50249E-02*******          test_DN   
.4600E+00     2.000  0.323E+01   0.99463E+00   0.10000E+00    0.50249E-02*******          test_DN   
.4700E+00     2.000  0.314E+01   0.99501E+00   0.10000E+00    0.50249E-02*******          test_DN   
.4800E+00     2.000  0.305E+01   0.99565E+00   0.10000E+00    0.50249E-02*******          test_DN   
.4900E+00     2.000  0.296E+01   0.99612E+00   0.10000E+00    0.50249E-02*******          test_DN   
.5000E+00     2.000  0.288E+01   0.99651E+00   0.10000E+00    0.17692E-02*******          test_DN   
.5100E+00     2.000  0.280E+01   0.99701E+00   0.10000E+00    0.50249E-02*******          test_DN   
.5200E+00     2.000  0.273E+01   0.99769E+00   0.10000E+00    0.50249E-02*******          test_DN   
.5300E+00     2.000  0.266E+01   0.99795E+00   0.10000E+00    0.50249E-02*******          test_DN   
.5400E+00     2.000  0.259E+01   0.99837E+00   0.10000E+00    0.50249E-02*******          test_DN   
.5500E+00     2.000  0.252E+01   0.99924E+00   0.10000E+00    0.50249E-02*******          test_DN   
.5600E+00     2.000  0.245E+01   0.99947E+00   0.10000E+00    0.50249E-02*******          test_DN   
.5700E+00     2.000  0.239E+01   0.99998E+00   0.10000E+00    0.50249E-02*******          test_DN   
.5800E+00     2.000  0.233E+01   0.10007E+01   0.10000E+00    0.50249E-02*******          test_DN   
.5900E+00     2.000  0.227E+01   0.10011E+01   0.10000E+00    0.50249E-02*******          test_DN   
.6000E+00     2.000  0.222E+01   0.10016E+01   0.10000E+00    0.17692E-02*******          test_DN   
.6100E+00     2.000  0.216E+01   0.10022E+01   0.10000E+00    0.50249E-02*******          test_DN   
.6200E+00     2.000  0.211E+01   0.10025E+01   0.10000E+00    0.50249E-02*******          test_DN   
.6300E+00     2.000  0.206E+01   0.10032E+01   0.10000E+00    0.50249E-02*******          test_DN   
.6400E+00     2.000  0.201E+01   0.10037E+01   0.10000E+00    0.50249E-02*******          test_DN   
.6500E+00     2.000  0.196E+01   0.10039E+01   0.10000E+00    0.50249E-02*******          test_DN   
.6600E+00     2.000  0.191E+01   0.10045E+01   0.10000E+00    0.50249E-02*******          test_DN   
.6700E+00     2.000  0.187E+01   0.10048E+01   0.10000E+00    0.50249E-02*******          test_DN   
.6800E+00     2.000  0.182E+01   0.10053E+01   0.10000E+00    0.50249E-02*******          test_DN   
.6900E+00     2.000  0.178E+01   0.10056E+01   0.10000E+00    0.50249E-02*******          test_DN   
.7000E+00     2.000  0.174E+01   0.10058E+01   0.10000E+00    0.17692E-02*******          test_DN   
.7100E+00     2.000  0.170E+01   0.10062E+01   0.10000E+00    0.50249E-02*******          test_DN   
.7200E+00     2.000  0.166E+01   0.10062E+01   0.10000E+00    0.50249E-02*******          test_DN   
.7300E+00     2.000  0.162E+01   0.10064E+01   0.10000E+00    0.50249E-02*******          test_DN   
.7400E+00     2.000  0.158E+01   0.10064E+01   0.10000E+00    0.50249E-02*******          test_DN   
.7500E+00     2.000  0.155E+01   0.10064E+01   0.10000E+00    0.50249E-02*******          test_DN   
.7600E+00     2.000  0.151E+01   0.10061E+01   0.10000E+00    0.50249E-02*******          test_DN   
.7700E+00     2.000  0.148E+01   0.10058E+01   0.10000E+00    0.50249E-02*******          test_DN   
.7800E+00     2.000  0.145E+01   0.10052E+01   0.10000E+00    0.50249E-02*******          test_DN   
.7900E+00     2.000  0.141E+01   0.10045E+01   0.10000E+00    0.50249E-02*******          test_DN   
.8000E+00     2.000  0.138E+01   0.10035E+01   0.10000E+00    0.17692E-02*******          test_DN   
.8100E+00     2.000  0.135E+01   0.10022E+01   0.10000E+00    0.50249E-02*******          test_DN   
.8200E+00     2.000  0.132E+01   0.10005E+01   0.10000E+00    0.50249E-02*******          test_DN   
.8300E+00     2.000  0.129E+01   0.99840E+00   0.10000E+00    0.50249E-02*******          test_DN   
.8400E+00     2.000  0.126E+01   0.99565E+00   0.10000E+00    0.50249E-02*******          test_DN   
.8500E+00     2.000  0.123E+01   0.99217E+00   0.10000E+00    0.50249E-02*******          test_DN   
.8600E+00     2.000  0.121E+01   0.98643E+00   0.10000E+00    0.50249E-02*******          test_DN   
.8700E+00     2.000  0.118E+01   0.98080E+00   0.10000E+00    0.50249E-02*******          test_DN   
.8800E+00     2.000  0.115E+01   0.97360E+00   0.10000E+00    0.50249E-02*******          test_DN   
.8900E+00     2.000  0.113E+01   0.96481E+00   0.10000E+00    0.50249E-02*******          test_DN   
.9000E+00     2.000  0.110E+01   0.95389E+00   0.10000E+00    0.17692E-02*******          test_DN   
.9100E+00     2.000  0.108E+01   0.94034E+00   0.10000E+00    0.50249E-02*******          test_DN   
.9200E+00     2.000  0.106E+01   0.92366E+00   0.10000E+00    0.50249E-02*******          test_DN   
.9300E+00     2.000  0.103E+01   0.90324E+00   0.10000E+00    0.50249E-02*******          test_DN   
.9400E+00     2.000  0.101E+01   0.87846E+00   0.10000E+00    0.50249E-02*******          test_DN   
.1000E-01     5.000  0.496E+03   0.99390E+00   0.10000E+00    0.50249E-02*******          test_DN   
.2000E-01     5.000  0.246E+03   0.99457E+00   0.10000E+00    0.50249E-02*******          test_DN   
.3000E-01     5.000  0.163E+03   0.99582E+00   0.10000E+00    0.50249E-02*******          test_DN   
.4000E-01     5.000  0.121E+03   0.99532E+00   0.10000E+00    0.50249E-02*******          test_DN   
.5000E-01     5.000  0.959E+02   0.99663E+00   0.10000E+00    0.50249E-02*******          test_DN   
.6000E-01     5.000  0.792E+02   0.99599E+00   0.10000E+00    0.50249E-02*******          test_DN   
.7000E-01     5.000  0.673E+02   0.99640E+00   0.10000E+00    0.50249E-02*******          test_DN   
.8000E-01     5.000  0.584E+02   0.99585E+00   0.10000E+00    0.50249E-02*******          test_DN   
.9000E-01     5.000  0.514E+02   0.99545E+00   0.10000E+00    0.50249E-02*******          test_DN   
.1000E+00     5.000  0.459E+02   0.99546E+00   0.10000E+00    0.50249E-02*******          test_DN   
.1100E+00     5.000  0.413E+02   0.99542E+00   0.10000E+00    0.50249E-02*******          test_DN   
.1200E+00     5.000  0.375E+02   0.99509E+00   0.10000E+00    0.50249E-02*******          test_DN   
.1300E+00     5.000  0.343E+02   0.99481E+00   0.10000E+00    0.50249E-02*******          test_DN   
.1400E+00     5.000  0.316E+02   0.99421E+00   0.10000E+00    0.50249E-02*******          test_DN   
.1500E+00     5.000  0.292E+02   0.99374E+00   0.10000E+00    0.50249E-02*******          test_DN   
.1600E+00     5.000  0.271E+02   0.99386E+00   0.10000E+00    0.50249E-02*******          test_DN   
.1700E+00     5.000  0.253E+02   0.99368E+00   0.10000E+00    0.50249E-02*******          test_DN   
.1800E+00     5.000  0.237E+02   0.99343E+00   0.10000E+00    0.50249E-02*******          test_DN   
.1900E+00     5.000  0.222E+02   0.99309E+00   0.10000E+00    0.50249E-02*******          test_DN   
.2000E+00     5.000  0.209E+02   0.99248E+00   0.10000E+00    0.50249E-02*******          test_DN   
.2100E+00     5.000  0.197E+02   0.99235E+00   0.10000E+00    0.50249E-02*******          test_DN   
.2200E+00     5.000  0.186E+02   0.99247E+00   0.10000E+00    0.50249E-02*******          test_DN   
.2300E+00     5.000  0.176E+02   0.99217E+00   0.10000E+00    0.50249E-02*******          test_DN   
.2400E+00     5.000  0.167E+02   0.99191E+00   0.10000E+00    0.50249E-02*******          test_DN   
.2500E+00     5.000  0.159E+02   0.99121E+00   0.10000E+00    0.50249E-02*******          test_DN   
.2600E+00     5.000  0.151E+02   0.99111E+00   0.10000E+00    0.50249E-02*******          test_DN   
.2700E+00     5.000  0.144E+02   0.99124E+00   0.10000E+00    0.50249E-02*******          test_DN   
.2800E+00     5.000  0.137E+02   0.99096E+00   0.10000E+00    0.50249E-02*******          test_DN   
.2900E+00     5.000  0.131E+02   0.99072E+00   0.10000E+00    0.50249E-02*******          test_DN   
.3000E+00     5.000  0.125E+02   0.98966E+00   0.10000E+00    0.18868E-02*******          test_DN   
.3100E+00     5.000  0.120E+02   0.98976E+00   0.10000E+00    0.50249E-02*******          test_DN   
.3200E+00     5.000  0.115E+02   0.98991E+00   0.10000E+00    0.50249E-02*******          test_DN   
.3300E+00     5.000  0.110E+02   0.98969E+00   0.10000E+00    0.50249E-02*******          test_DN   
.3400E+00     5.000  0.106E+02   0.98933E+00   0.10000E+00    0.50249E-02*******          test_DN   
.3500E+00     5.000  0.102E+02   0.98922E+00   0.10000E+00    0.50249E-02*******          test_DN   
.3600E+00     5.000  0.977E+01   0.98953E+00   0.10000E+00    0.50249E-02*******          test_DN   
.3700E+00     5.000  0.940E+01   0.98964E+00   0.10000E+00    0.50249E-02*******          test_DN   
.3800E+00     5.000  0.904E+01   0.98945E+00   0.10000E+00    0.50249E-02*******          test_DN   
.3900E+00     5.000  0.870E+01   0.98932E+00   0.10000E+00    0.50249E-02*******          test_DN   
.4000E+00     5.000  0.838E+01   0.98972E+00   0.10000E+00    0.17692E-02*******          test_DN   
.4100E+00     5.000  0.808E+01   0.99011E+00   0.10000E+00    0.50249E-02*******          test_DN   
.4200E+00     5.000  0.779E+01   0.99007E+00   0.10000E+00    0.50249E-02*******          test_DN   
.4300E+00     5.000  0.751E+01   0.99017E+00   0.10000E+00    0.50249E-02*******          test_DN   
.4400E+00     5.000  0.725E+01   0.99077E+00   0.10000E+00    0.50249E-02*******          test_DN   
.4500E+00     5.000  0.699E+01   0.99126E+00   0.10000E+00    0.50249E-02*******          test_DN   
.4600E+00     5.000  0.675E+01   0.99152E+00   0.10000E+00    0.50249E-02*******          test_DN   
.4700E+00     5.000  0.652E+01   0.99188E+00   0.10000E+00    0.50249E-02*******          test_DN   
.4800E+00     5.000  0.630E+01   0.99269E+00   0.10000E+00    0.50249E-02*******          test_DN   
.4900E+00     5.000  0.609E+01   0.99319E+00   0.10000E+00    0.50249E-02*******          test_DN   
.5000E+00     5.000  0.588E+01   0.99365E+00   0.10000E+00    0.17692E-02*******          test_DN   
.5100E+00     5.000  0.569E+01   0.99447E+00   0.10000E+00    0.50249E-02*******          test_DN   
.5200E+00     5.000  0.550E+01   0.99546E+00   0.10000E+00    0.50249E-02*******          test_DN   
.5300E+00     5.000  0.532E+01   0.99607E+00   0.10000E+00    0.50249E-02*******          test_DN   
.5400E+00     5.000  0.514E+01   0.99689E+00   0.10000E+00    0.50249E-02*******          test_DN   
.5500E+00     5.000  0.497E+01   0.99818E+00   0.10000E+00    0.50249E-02*******          test_DN   
.5600E+00     5.000  0.481E+01   0.99890E+00   0.10000E+00    0.50249E-02*******          test_DN   
.5700E+00     5.000  0.465E+01   0.10000E+01   0.10000E+00    0.50249E-02*******          test_DN   
.5800E+00     5.000  0.450E+01   0.10014E+01   0.10000E+00    0.50249E-02*******          test_DN   
.5900E+00     5.000  0.436E+01   0.10024E+01   0.10000E+00    0.50249E-02*******          test_DN   
.6000E+00     5.000  0.422E+01   0.10037E+01   0.10000E+00    0.17692E-02*******          test_DN   
.6100E+00     5.000  0.408E+01   0.10054E+01   0.10000E+00    0.50249E-02*******          test_DN   
.6200E+00     5.000  0.395E+01   0.10067E+01   0.10000E+00    0.50249E-02*******          test_DN   
.6300E+00     5.000  0.382E+01   0.10083E+01   0.10000E+00    0.50249E-02*******          test_DN   
.6400E+00     5.000  0.369E+01   0.10101E+01   0.10000E+00    0.50249E-02*******          test_DN   
.6500E+00     5.000  0.357E+01   0.10117E+01   0.10000E+00    0.50249E-02*******          test_DN   
.6600E+00     5.000  0.346E+01   0.10138E+01   0.10000E+00    0.50249E-02*******          test_DN   
.6700E+00     5.000  0.334E+01   0.10158E+01   0.10000E+00    0.50249E-02*******          test_DN   
.6800E+00     5.000  0.323E+01   0.10180E+01   0.10000E+00    0.50249E-02*******          test_DN   
.6900E+00     5.000  0.313E+01   0.10205E+01   0.10000E+00    0.50249E-02*******          test_DN   
.7000E+00     5.000  0.302E+01   0.10228E+01   0.10000E+00    0.17692E-02*******          test_DN   
.7100E+00     5.000  0.292E+01   0.10256E+01   0.10000E+00    0.50249E-02*******          test_DN   
.7200E+00     5.000  0.283E+01   0.10283E+01   0.10000E+00    0.50249E-02*******          test_DN   
.7300E+00     5.000  0.273E+01   0.10315E+01   0.10000E+00    0.50249E-02*******          test_DN   
.7400E+00     5.000  0.264E+01   0.10348E+01   0.10000E+00    0.50249E-02*******          test_DN   
.7500E+00     5.000  0.255E+01   0.10385E+01   0.10000E+00    0.50249E-02*******          test_DN   
.7600E+00     5.000  0.246E+01   0.10423E+01   0.10000E+00    0.50249E-02*******          test_DN   
.7700E+00     5.000  0.238E+01   0.10465E+01   0.10000E+00    0.50249E-02*******          test_DN   
.7800E+00     5.000  0.229E+01   0.10510E+01   0.10000E+00    0.50249E-02*******          test_DN   
.7900E+00     5.000  0.221E+01   0.10558E+01   0.10000E+00    0.50249E-02*******          test_DN   
.8000E+00     5.000  0.213E+01   0.10611E+01   0.10000E+00    0.17692E-02*******          test_DN   
.8100E+00     5.000  0.205E+01   0.10668E+01   0.10000E+00    0.50249E-02*******          test_DN   
.8200E+00     5.000  0.198E+01   0.10730E+01   0.10000E+00    0.50249E-02*******          test_DN   
.8300E+00     5.000  0.191E+01   0.10798E+01   0.10000E+00    0.50249E-02*******          test_DN   
.8400E+00     5.000  0.183E+01   0.10872E+01   0.10000E+00    0.50249E-02*******          test_DN   
.8500E+00     5.000  0.176E+01   0.10953E+01   0.10000E+00    0.50249E-02*******          test_DN   
.8600E+00     5.000  0.170E+01   0.11037E+01   0.10000E+00    0.50249E-02*******          test_DN   
.8700E+00     5.000  0.163E+01   0.11130E+01   0.10000E+00    0.50249E-02*******          test_DN   
.8800E+00     5.000  0.156E+01   0.11232E+01   0.10000E+00    0.50249E-02*******          test_DN   
.8900E+00     5.000  0.150E+01   0.11341E+01   0.10000E+00    0.50249E-02*******          test_DN   
.9000E+00     5.000  0.144E+01   0.11457E+01   0.10000E+00    0.17692E-02*******          test_DN   
.9100E+00     5.000  0.138E+01   0.11580E+01   0.10000E+00    0.50249E-02*******          test_DN   
.9200E+00     5.000  0.132E+01   0.11705E+01   0.10000E+00    0.50249E-02*******          test_DN   
.9300E+00     5.000  0.126E+01   0.11831E+01   0.10000E+00    0.50249E-02*******          test_DN   
.9400E+00     5.000  0.120E+01   0.11951E+01   0.10000E+00    0.50249E-02*******          test_DN   
.9500E+00     5.000  0.114E+01   0.12058E+01   0.10000E+00    0.50249E-02*******          test_DN   
.9600E+00     5.000  0.109E+01   0.12141E+01   0.10000E+00    0.50249E-02*******          test_DN   
.9700E+00     5.000  0.104E+01   0.12193E+01   0.10000E+00    0.50249E-02*******          test_DN   
.1000E-01    10.000  0.991E+03   0.99515E+00   0.10000E+00    0.50249E-02*******          test_DN   
.2000E-01    10.000  0.491E+03   0.99553E+00   0.10000E+00    0.50249E-02*******          test_DN   
.3000E-01    10.000  0.324E+03   0.99681E+00   0.10000E+00    0.50249E-02*******          test_DN   
.4000E-01    10.000  0.241E+03   0.99574E+00   0.10000E+00    0.50249E-02*******          test_DN   
.5000E-01    10.000  0.191E+03   0.99741E+00   0.10000E+00    0.50249E-02*******          test_DN   
.6000E-01    10.000  0.158E+03   0.99646E+00   0.10000E+00    0.50249E-02*******          test_DN   
.7000E-01    10.000  0.134E+03   0.99702E+00   0.10000E+00    0.50249E-02*******          test_DN   
.8000E-01    10.000  0.116E+03   0.99631E+00   0.10000E+00    0.50249E-02*******          test_DN   
.9000E-01    10.000  0.102E+03   0.99594E+00   0.10000E+00    0.50249E-02*******          test_DN   
.1000E+00    10.000  0.909E+02   0.99582E+00   0.10000E+00    0.50249E-02*******          test_DN   
.1100E+00    10.000  0.818E+02   0.99585E+00   0.10000E+00    0.50249E-02*******          test_DN   
.1200E+00    10.000  0.742E+02   0.99540E+00   0.10000E+00    0.50249E-02*******          test_DN   
.1300E+00    10.000  0.678E+02   0.99503E+00   0.10000E+00    0.50249E-02*******          test_DN   
.1400E+00    10.000  0.623E+02   0.99439E+00   0.10000E+00    0.50249E-02*******          test_DN   
.1500E+00    10.000  0.575E+02   0.99382E+00   0.10000E+00    0.50249E-02*******          test_DN   
.1600E+00    10.000  0.534E+02   0.99390E+00   0.10000E+00    0.50249E-02*******          test_DN   
.1700E+00    10.000  0.497E+02   0.99365E+00   0.10000E+00    0.50249E-02*******          test_DN   
.1800E+00    10.000  0.464E+02   0.99334E+00   0.10000E+00    0.50249E-02*******          test_DN   
.1900E+00    10.000  0.435E+02   0.99293E+00   0.10000E+00    0.50249E-02*******          test_DN   
.2000E+00    10.000  0.409E+02   0.99226E+00   0.10000E+00    0.50249E-02*******          test_DN   
.2100E+00    10.000  0.385E+02   0.99207E+00   0.10000E+00    0.50249E-02*******          test_DN   
.2200E+00    10.000  0.363E+02   0.99212E+00   0.10000E+00    0.50249E-02*******          test_DN   
.2300E+00    10.000  0.344E+02   0.99178E+00   0.10000E+00    0.50249E-02*******          test_DN   
.2400E+00    10.000  0.325E+02   0.99147E+00   0.10000E+00    0.50249E-02*******          test_DN   
.2500E+00    10.000  0.309E+02   0.99071E+00   0.10000E+00    0.50249E-02*******          test_DN   
.2600E+00    10.000  0.293E+02   0.99058E+00   0.10000E+00    0.50249E-02*******          test_DN   
.2700E+00    10.000  0.279E+02   0.99067E+00   0.10000E+00    0.50249E-02*******          test_DN   
.2800E+00    10.000  0.266E+02   0.99035E+00   0.10000E+00    0.50249E-02*******          test_DN   
.2900E+00    10.000  0.254E+02   0.99009E+00   0.10000E+00    0.50249E-02*******          test_DN   
.3000E+00    10.000  0.242E+02   0.98898E+00   0.10000E+00    0.18868E-02*******          test_DN   
.3100E+00    10.000  0.231E+02   0.98909E+00   0.10000E+00    0.50249E-02*******          test_DN   
.3200E+00    10.000  0.221E+02   0.98923E+00   0.10000E+00    0.50249E-02*******          test_DN   
.3300E+00    10.000  0.212E+02   0.98900E+00   0.10000E+00    0.50249E-02*******          test_DN   
.3400E+00    10.000  0.203E+02   0.98861E+00   0.10000E+00    0.50249E-02*******          test_DN   
.3500E+00    10.000  0.195E+02   0.98852E+00   0.10000E+00    0.50249E-02*******          test_DN   
.3600E+00    10.000  0.187E+02   0.98882E+00   0.10000E+00    0.50249E-02*******          test_DN   
.3700E+00    10.000  0.179E+02   0.98891E+00   0.10000E+00    0.50249E-02*******          test_DN   
.3800E+00    10.000  0.172E+02   0.98876E+00   0.10000E+00    0.50249E-02*******          test_DN   
.3900E+00    10.000  0.165E+02   0.98863E+00   0.10000E+00    0.50249E-02*******          test_DN   
.4000E+00    10.000  0.159E+02   0.98904E+00   0.10000E+00    0.17692E-02*******          test_DN   
.4100E+00    10.000  0.153E+02   0.98946E+00   0.10000E+00    0.50249E-02*******          test_DN   
.4200E+00    10.000  0.147E+02   0.98946E+00   0.10000E+00    0.50249E-02*******          test_DN   
.4300E+00    10.000  0.141E+02   0.98960E+00   0.10000E+00    0.50249E-02*******          test_DN   
.4400E+00    10.000  0.136E+02   0.99023E+00   0.10000E+00    0.50249E-02*******          test_DN   
.4500E+00    10.000  0.131E+02   0.99079E+00   0.10000E+00    0.50249E-02*******          test_DN   
.4600E+00    10.000  0.126E+02   0.99108E+00   0.10000E+00    0.50249E-02*******          test_DN   
.4700E+00    10.000  0.122E+02   0.99158E+00   0.10000E+00    0.50249E-02*******          test_DN   
.4800E+00    10.000  0.117E+02   0.99247E+00   0.10000E+00    0.50249E-02*******          test_DN   
.4900E+00    10.000  0.113E+02   0.99314E+00   0.10000E+00    0.50249E-02*******          test_DN   
.5000E+00    10.000  0.109E+02   0.99361E+00   0.10000E+00    0.17692E-02*******          test_DN   
.5100E+00    10.000  0.105E+02   0.99464E+00   0.10000E+00    0.50249E-02*******          test_DN   
.5200E+00    10.000  0.101E+02   0.99585E+00   0.10000E+00    0.50249E-02*******          test_DN   
.5300E+00    10.000  0.975E+01   0.99657E+00   0.10000E+00    0.50249E-02*******          test_DN   
.5400E+00    10.000  0.940E+01   0.99768E+00   0.10000E+00    0.50249E-02*******          test_DN   
.5500E+00    10.000  0.906E+01   0.99927E+00   0.10000E+00    0.50249E-02*******          test_DN   
.5600E+00    10.000  0.874E+01   0.10002E+01   0.10000E+00    0.50249E-02*******          test_DN   
.5700E+00    10.000  0.843E+01   0.10017E+01   0.10000E+00    0.50249E-02*******          test_DN   
.5800E+00    10.000  0.812E+01   0.10035E+01   0.10000E+00    0.50249E-02*******          test_DN   
.5900E+00    10.000  0.783E+01   0.10050E+01   0.10000E+00    0.50249E-02*******          test_DN   
.6000E+00    10.000  0.755E+01   0.10068E+01   0.10000E+00    0.17692E-02*******          test_DN   
.6100E+00    10.000  0.728E+01   0.10090E+01   0.10000E+00    0.50249E-02*******          test_DN   
.6200E+00    10.000  0.701E+01   0.10109E+01   0.10000E+00    0.50249E-02*******          test_DN   
.6300E+00    10.000  0.675E+01   0.10133E+01   0.10000E+00    0.50249E-02*******          test_DN   
.6400E+00    10.000  0.651E+01   0.10160E+01   0.10000E+00    0.50249E-02*******          test_DN   
.6500E+00    10.000  0.627E+01   0.10184E+01   0.10000E+00    0.50249E-02*******          test_DN   
.6600E+00    10.000  0.603E+01   0.10216E+01   0.10000E+00    0.50249E-02*******          test_DN   
.6700E+00    10.000  0.581E+01   0.10246E+01   0.10000E+00    0.50249E-02*******          test_DN   
.6800E+00    10.000  0.559E+01   0.10282E+01   0.10000E+00    0.50249E-02*******          test_DN   
.6900E+00    10.000  0.537E+01   0.10322E+01   0.10000E+00    0.50249E-02*******          test_DN   
.7000E+00    10.000  0.517E+01   0.10361E+01   0.10000E+00    0.17692E-02*******          test_DN   
.7100E+00    10.000  0.497E+01   0.10409E+01   0.10000E+00    0.50249E-02*******          test_DN   
.7200E+00    10.000  0.477E+01   0.10457E+01   0.10000E+00    0.50249E-02*******          test_DN   
.7300E+00    10.000  0.458E+01   0.10514E+01   0.10000E+00    0.50249E-02*******          test_DN   
.7400E+00    10.000  0.440E+01   0.10574E+01   0.10000E+00    0.50249E-02*******          test_DN   
.7500E+00    10.000  0.422E+01   0.10643E+01   0.10000E+00    0.50249E-02*******          test_DN   
.7600E+00    10.000  0.404E+01   0.10716E+01   0.10000E+00    0.50249E-02*******          test_DN   
.7700E+00    10.000  0.387E+01   0.10801E+01   0.10000E+00    0.50249E-02*******          test_DN   
.7800E+00    10.000  0.370E+01   0.10891E+01   0.10000E+00    0.50249E-02*******          test_DN   
.7900E+00    10.000  0.354E+01   0.10996E+01   0.10000E+00    0.50249E-02*******          test_DN   
.8000E+00    10.000  0.338E+01   0.11111E+01   0.10000E+00    0.17692E-02*******          test_DN   
.8100E+00    10.000  0.323E+01   0.11244E+01   0.10000E+00    0.50249E-02*******          test_DN   
.8200E+00    10.000  0.308E+01   0.11392E+01   0.10000E+00    0.50249E-02*******          test_DN   
.8300E+00    10.000  0.293E+01   0.11562E+01   0.10000E+00    0.50249E-02*******          test_DN   
.8400E+00    10.000  0.279E+01   0.11754E+01   0.10000E+00    0.50249E-02*******          test_DN   
.8500E+00    10.000  0.265E+01   0.11977E+01   0.10000E+00    0.50249E-02*******          test_DN   
.8600E+00    10.000  0.251E+01   0.12233E+01   0.10000E+00    0.50249E-02*******          test_DN   
.8700E+00    10.000  0.238E+01   0.12529E+01   0.10000E+00    0.50249E-02*******          test_DN   
.8800E+00    10.000  0.225E+01   0.12874E+01   0.10000E+00    0.50249E-02*******          test_DN   
.8900E+00    10.000  0.212E+01   0.13282E+01   0.10000E+00    0.50249E-02*******          test_DN   
.9000E+00    10.000  0.199E+01   0.13762E+01   0.10000E+00    0.17692E-02*******          test_DN   
.9100E+00    10.000  0.187E+01   0.14333E+01   0.10000E+00    0.50249E-02*******          test_DN   
.9200E+00    10.000  0.175E+01   0.15023E+01   0.10000E+00    0.50249E-02*******          test_DN   
.9300E+00    10.000  0.163E+01   0.15857E+01   0.10000E+00    0.50249E-02*******          test_DN   
.9400E+00    10.000  0.152E+01   0.16877E+01   0.10000E+00    0.50249E-02*******          test_DN   
.9500E+00    10.000  0.141E+01   0.18152E+01   0.10000E+00    0.50249E-02*******          test_DN   
.9600E+00    10.000  0.130E+01   0.19750E+01   0.10000E+00    0.50249E-02*******          test_DN   
.9700E+00    10.000  0.119E+01   0.21778E+01   0.10000E+00    0.50249E-02*******          test_DN   
.1000E-01    50.000  0.495E+04   0.99619E+00   0.10000E+00    0.50249E-02*******          test_DN   
.2000E-01    50.000  0.245E+04   0.99615E+00   0.10000E+00    0.50249E-02*******          test_DN   
.3000E-01    50.000  0.162E+04   0.99769E+00   0.10000E+00    0.50249E-02*******          test_DN   
.4000E-01    50.000  0.120E+04   0.99544E+00   0.10000E+00    0.50249E-02*******          test_DN   
.5000E-01    50.000  0.951E+03   0.99807E+00   0.10000E+00    0.50249E-02*******          test_DN   
.6000E-01    50.000  0.784E+03   0.99653E+00   0.10000E+00    0.50249E-02*******          test_DN   
.7000E-01    50.000  0.665E+03   0.99747E+00   0.10000E+00    0.50249E-02*******          test_DN   
.8000E-01    50.000  0.576E+03   0.99653E+00   0.10000E+00    0.50249E-02*******          test_DN   
.9000E-01    50.000  0.506E+03   0.99628E+00   0.10000E+00    0.50249E-02*******          test_DN   
.1000E+00    50.000  0.451E+03   0.99598E+00   0.10000E+00    0.50249E-02*******          test_DN   
.1100E+00    50.000  0.405E+03   0.99597E+00   0.10000E+00    0.50249E-02*******          test_DN   
.1200E+00    50.000  0.368E+03   0.99552E+00   0.10000E+00    0.50249E-02*******          test_DN   
.1300E+00    50.000  0.335E+03   0.99506E+00   0.10000E+00    0.50249E-02*******          test_DN   
.1400E+00    50.000  0.308E+03   0.99438E+00   0.10000E+00    0.50249E-02*******          test_DN   
.1500E+00    50.000  0.284E+03   0.99367E+00   0.10000E+00    0.50249E-02*******          test_DN   
.1600E+00    50.000  0.263E+03   0.99373E+00   0.10000E+00    0.50249E-02*******          test_DN   
.1700E+00    50.000  0.245E+03   0.99340E+00   0.10000E+00    0.50249E-02*******          test_DN   
.1800E+00    50.000  0.229E+03   0.99301E+00   0.10000E+00    0.50249E-02*******          test_DN   
.1900E+00    50.000  0.214E+03   0.99255E+00   0.10000E+00    0.50249E-02*******          test_DN   
.2000E+00    50.000  0.201E+03   0.99179E+00   0.10000E+00    0.50249E-02*******          test_DN   
.2100E+00    50.000  0.189E+03   0.99156E+00   0.10000E+00    0.50249E-02*******          test_DN   
.2200E+00    50.000  0.178E+03   0.99156E+00   0.10000E+00    0.50249E-02*******          test_DN   
.2300E+00    50.000  0.168E+03   0.99117E+00   0.10000E+00    0.50249E-02*******          test_DN   
.2400E+00    50.000  0.159E+03   0.99084E+00   0.10000E+00    0.50249E-02*******          test_DN   
.2500E+00    50.000  0.151E+03   0.99004E+00   0.10000E+00    0.50249E-02*******          test_DN   
.2600E+00    50.000  0.143E+03   0.98990E+00   0.10000E+00    0.50249E-02*******          test_DN   
.2700E+00    50.000  0.136E+03   0.98996E+00   0.10000E+00    0.50249E-02*******          test_DN   
.2800E+00    50.000  0.129E+03   0.98965E+00   0.10000E+00    0.50249E-02*******          test_DN   
.2900E+00    50.000  0.123E+03   0.98940E+00   0.10000E+00    0.50249E-02*******          test_DN   
.3000E+00    50.000  0.118E+03   0.98830E+00   0.10000E+00    0.18868E-02*******          test_DN   
.3100E+00    50.000  0.112E+03   0.98847E+00   0.10000E+00    0.50249E-02*******          test_DN   
.3200E+00    50.000  0.107E+03   0.98867E+00   0.10000E+00    0.50249E-02*******          test_DN   
.3300E+00    50.000  0.102E+03   0.98849E+00   0.10000E+00    0.50249E-02*******          test_DN   
.3400E+00    50.000  0.979E+02   0.98812E+00   0.10000E+00    0.50249E-02*******          test_DN   
.3500E+00    50.000  0.937E+02   0.98812E+00   0.10000E+00    0.50249E-02*******          test_DN   
.3600E+00    50.000  0.898E+02   0.98849E+00   0.10000E+00    0.50249E-02*******          test_DN   
.3700E+00    50.000  0.860E+02   0.98864E+00   0.10000E+00    0.50249E-02*******          test_DN   
.3800E+00    50.000  0.825E+02   0.98861E+00   0.10000E+00    0.50249E-02*******          test_DN   
.3900E+00    50.000  0.791E+02   0.98856E+00   0.10000E+00    0.50249E-02*******          test_DN   
.4000E+00    50.000  0.759E+02   0.98908E+00   0.10000E+00    0.17692E-02*******          test_DN   
.4100E+00    50.000  0.728E+02   0.98960E+00   0.10000E+00    0.50249E-02*******          test_DN   
.4200E+00    50.000  0.699E+02   0.98973E+00   0.10000E+00    0.50249E-02*******          test_DN   
.4300E+00    50.000  0.672E+02   0.99001E+00   0.10000E+00    0.50249E-02*******          test_DN   
.4400E+00    50.000  0.645E+02   0.99077E+00   0.10000E+00    0.50249E-02*******          test_DN   
.4500E+00    50.000  0.620E+02   0.99153E+00   0.10000E+00    0.50249E-02*******          test_DN   
.4600E+00    50.000  0.596E+02   0.99193E+00   0.10000E+00    0.50249E-02*******          test_DN   
.4700E+00    50.000  0.573E+02   0.99270E+00   0.10000E+00    0.50249E-02*******          test_DN   
.4800E+00    50.000  0.550E+02   0.99380E+00   0.10000E+00    0.50249E-02*******          test_DN   
.4900E+00    50.000  0.529E+02   0.99473E+00   0.10000E+00    0.50249E-02*******          test_DN   
.5000E+00    50.000  0.509E+02   0.99540E+00   0.10000E+00    0.17692E-02*******          test_DN   
.5100E+00    50.000  0.489E+02   0.99674E+00   0.10000E+00    0.50249E-02*******          test_DN   
.5200E+00    50.000  0.470E+02   0.99832E+00   0.10000E+00    0.50249E-02*******          test_DN   
.5300E+00    50.000  0.452E+02   0.99934E+00   0.10000E+00    0.50249E-02*******          test_DN   
.5400E+00    50.000  0.435E+02   0.10009E+01   0.10000E+00    0.50249E-02*******          test_DN   
.5500E+00    50.000  0.418E+02   0.10030E+01   0.10000E+00    0.50249E-02*******          test_DN   
.5600E+00    50.000  0.402E+02   0.10043E+01   0.10000E+00    0.50249E-02*******          test_DN   
.5700E+00    50.000  0.386E+02   0.10064E+01   0.10000E+00    0.50249E-02*******          test_DN   
.5800E+00    50.000  0.371E+02   0.10088E+01   0.10000E+00    0.50249E-02*******          test_DN   
.5900E+00    50.000  0.356E+02   0.10109E+01   0.10000E+00    0.50249E-02*******          test_DN   
.6000E+00    50.000  0.342E+02   0.10136E+01   0.10000E+00    0.17692E-02*******          test_DN   
.6100E+00    50.000  0.328E+02   0.10167E+01   0.10000E+00    0.50249E-02*******          test_DN   
.6200E+00    50.000  0.315E+02   0.10196E+01   0.10000E+00    0.50249E-02*******          test_DN   
.6300E+00    50.000  0.302E+02   0.10231E+01   0.10000E+00    0.50249E-02*******          test_DN   
.6400E+00    50.000  0.290E+02   0.10270E+01   0.10000E+00    0.50249E-02*******          test_DN   
.6500E+00    50.000  0.278E+02   0.10309E+01   0.10000E+00    0.50249E-02*******          test_DN   
.6600E+00    50.000  0.266E+02   0.10358E+01   0.10000E+00    0.50249E-02*******          test_DN   
.6700E+00    50.000  0.255E+02   0.10406E+01   0.10000E+00    0.50249E-02*******          test_DN   
.6800E+00    50.000  0.244E+02   0.10464E+01   0.10000E+00    0.50249E-02*******          test_DN   
.6900E+00    50.000  0.233E+02   0.10529E+01   0.10000E+00    0.50249E-02*******          test_DN   
.7000E+00    50.000  0.223E+02   0.10595E+01   0.10000E+00    0.17692E-02*******          test_DN   
.7100E+00    50.000  0.213E+02   0.10676E+01   0.10000E+00    0.50249E-02*******          test_DN   
.7200E+00    50.000  0.203E+02   0.10761E+01   0.10000E+00    0.50249E-02*******          test_DN   
.7300E+00    50.000  0.194E+02   0.10862E+01   0.10000E+00    0.50249E-02*******          test_DN   
.7400E+00    50.000  0.184E+02   0.10973E+01   0.10000E+00    0.50249E-02*******          test_DN   
.7500E+00    50.000  0.175E+02   0.11103E+01   0.10000E+00    0.50249E-02*******          test_DN   
.7600E+00    50.000  0.167E+02   0.11246E+01   0.10000E+00    0.50249E-02*******          test_DN   
.7700E+00    50.000  0.158E+02   0.11415E+01   0.10000E+00    0.50249E-02*******          test_DN   
.7800E+00    50.000  0.150E+02   0.11605E+01   0.10000E+00    0.50249E-02*******          test_DN   
.7900E+00    50.000  0.142E+02   0.11829E+01   0.10000E+00    0.50249E-02*******          test_DN   
.8000E+00    50.000  0.134E+02   0.12087E+01   0.10000E+00    0.17692E-02*******          test_DN   
.8100E+00    50.000  0.126E+02   0.12394E+01   0.10000E+00    0.50249E-02*******          test_DN   
.8200E+00    50.000  0.119E+02   0.12755E+01   0.10000E+00    0.50249E-02*******          test_DN   
.8300E+00    50.000  0.111E+02   0.13188E+01   0.10000E+00    0.50249E-02*******          test_DN   
.8400E+00    50.000  0.104E+02   0.13707E+01   0.10000E+00    0.50249E-02*******          test_DN   
.8500E+00    50.000  0.971E+01   0.14342E+01   0.10000E+00    0.50249E-02*******          test_DN   
.8600E+00    50.000  0.902E+01   0.15122E+01   0.10000E+00    0.50249E-02*******          test_DN   
.8700E+00    50.000  0.835E+01   0.16104E+01   0.10000E+00    0.50249E-02*******          test_DN   
.8800E+00    50.000  0.770E+01   0.17350E+01   0.10000E+00    0.50249E-02*******          test_DN   
.8900E+00    50.000  0.706E+01   0.18959E+01   0.10000E+00    0.50249E-02*******          test_DN   
.9000E+00    50.000  0.644E+01   0.21114E+01   0.10000E+00    0.17692E-02*******          test_DN   
.9100E+00    50.000  0.583E+01   0.24025E+01   0.10000E+00    0.50249E-02*******          test_DN   
.9200E+00    50.000  0.523E+01   0.28155E+01   0.10000E+00    0.50249E-02*******          test_DN   
.9300E+00    50.000  0.465E+01   0.34260E+01   0.10000E+00    0.50249E-02*******          test_DN   
.9400E+00    50.000  0.407E+01   0.43448E+01   0.10000E+00    0.50249E-02*******          test_DN   
.9500E+00    50.000  0.351E+01   0.59429E+01   0.10000E+00    0.50249E-02*******          test_DN   
.9600E+00    50.000  0.297E+01   0.88012E+01   0.10000E+00    0.50249E-02*******          test_DN   
.9700E+00    50.000  0.243E+01   0.14567E+02   0.10000E+00    0.50249E-02*******          test_DN   
.1000E-01   100.000  0.990E+04   0.99628E+00   0.10000E+00    0.50249E-02*******          test_DN   
.2000E-01   100.000  0.490E+04   0.99611E+00   0.10000E+00    0.50249E-02*******          test_DN   
.3000E-01   100.000  0.323E+04   0.99779E+00   0.10000E+00    0.50249E-02*******          test_DN   
.4000E-01   100.000  0.240E+04   0.99508E+00   0.10000E+00    0.50249E-02*******          test_DN   
.5000E-01   100.000  0.190E+04   0.99811E+00   0.10000E+00    0.50249E-02*******          test_DN   
.6000E-01   100.000  0.157E+04   0.99640E+00   0.10000E+00    0.50249E-02*******          test_DN   
.7000E-01   100.000  0.133E+04   0.99747E+00   0.10000E+00    0.50249E-02*******          test_DN   
.8000E-01   100.000  0.115E+04   0.99645E+00   0.10000E+00    0.50249E-02*******          test_DN   
.9000E-01   100.000  0.101E+04   0.99626E+00   0.10000E+00    0.50249E-02*******          test_DN   
.1000E+00   100.000  0.901E+03   0.99591E+00   0.10000E+00    0.50249E-02*******          test_DN   
.1100E+00   100.000  0.810E+03   0.99592E+00   0.10000E+00    0.50249E-02*******          test_DN   
.1200E+00   100.000  0.734E+03   0.99546E+00   0.10000E+00    0.50249E-02*******          test_DN   
.1300E+00   100.000  0.670E+03   0.99498E+00   0.10000E+00    0.50249E-02*******          test_DN   
.1400E+00   100.000  0.615E+03   0.99429E+00   0.10000E+00    0.50249E-02*******          test_DN   
.1500E+00   100.000  0.568E+03   0.99355E+00   0.10000E+00    0.50249E-02*******          test_DN   
.1600E+00   100.000  0.526E+03   0.99361E+00   0.10000E+00    0.50249E-02*******          test_DN   
.1700E+00   100.000  0.489E+03   0.99327E+00   0.10000E+00    0.50249E-02*******          test_DN   
.1800E+00   100.000  0.456E+03   0.99286E+00   0.10000E+00    0.50249E-02*******          test_DN   
.1900E+00   100.000  0.427E+03   0.99239E+00   0.10000E+00    0.50249E-02*******          test_DN   
.2000E+00   100.000  0.401E+03   0.99162E+00   0.10000E+00    0.50249E-02*******          test_DN   
.2100E+00   100.000  0.377E+03   0.99139E+00   0.10000E+00    0.50249E-02*******          test_DN   
.2200E+00   100.000  0.355E+03   0.99138E+00   0.10000E+00    0.50249E-02*******          test_DN   
.2300E+00   100.000  0.336E+03   0.99099E+00   0.10000E+00    0.50249E-02*******          test_DN   
.2400E+00   100.000  0.318E+03   0.99066E+00   0.10000E+00    0.50249E-02*******          test_DN   
.2500E+00   100.000  0.301E+03   0.98986E+00   0.10000E+00    0.50249E-02*******          test_DN   
.2600E+00   100.000  0.285E+03   0.98972E+00   0.10000E+00    0.50249E-02*******          test_DN   
.2700E+00   100.000  0.271E+03   0.98980E+00   0.10000E+00    0.50249E-02*******          test_DN   
.2800E+00   100.000  0.258E+03   0.98950E+00   0.10000E+00    0.50249E-02*******          test_DN   
.2900E+00   100.000  0.246E+03   0.98927E+00   0.10000E+00    0.50249E-02*******          test_DN   
.3000E+00   100.000  0.234E+03   0.98819E+00   0.10000E+00    0.18868E-02*******          test_DN   
.3100E+00   100.000  0.223E+03   0.98838E+00   0.10000E+00    0.50249E-02*******          test_DN   
.3200E+00   100.000  0.213E+03   0.98861E+00   0.10000E+00    0.50249E-02*******          test_DN   
.3300E+00   100.000  0.204E+03   0.98845E+00   0.10000E+00    0.50249E-02*******          test_DN   
.3400E+00   100.000  0.195E+03   0.98811E+00   0.10000E+00    0.50249E-02*******          test_DN   
.3500E+00   100.000  0.187E+03   0.98815E+00   0.10000E+00    0.50249E-02*******          test_DN   
.3600E+00   100.000  0.179E+03   0.98855E+00   0.10000E+00    0.50249E-02*******          test_DN   
.3700E+00   100.000  0.171E+03   0.98874E+00   0.10000E+00    0.50249E-02*******          test_DN   
.3800E+00   100.000  0.164E+03   0.98874E+00   0.10000E+00    0.50249E-02*******          test_DN   
.3900E+00   100.000  0.157E+03   0.98874E+00   0.10000E+00    0.50249E-02*******          test_DN   
.4000E+00   100.000  0.151E+03   0.98931E+00   0.10000E+00    0.17692E-02*******          test_DN   
.4100E+00   100.000  0.145E+03   0.98988E+00   0.10000E+00    0.50249E-02*******          test_DN   
.4200E+00   100.000  0.139E+03   0.99008E+00   0.10000E+00    0.50249E-02*******          test_DN   
.4300E+00   100.000  0.133E+03   0.99041E+00   0.10000E+00    0.50249E-02*******          test_DN   
.4400E+00   100.000  0.128E+03   0.99124E+00   0.10000E+00    0.50249E-02*******          test_DN   
.4500E+00   100.000  0.123E+03   0.99206E+00   0.10000E+00    0.50249E-02*******          test_DN   
.4600E+00   100.000  0.118E+03   0.99253E+00   0.10000E+00    0.50249E-02*******          test_DN   
.4700E+00   100.000  0.114E+03   0.99339E+00   0.10000E+00    0.50249E-02*******          test_DN   
.4800E+00   100.000  0.109E+03   0.99457E+00   0.10000E+00    0.50249E-02*******          test_DN   
.4900E+00   100.000  0.105E+03   0.99559E+00   0.10000E+00    0.50249E-02*******          test_DN   
.5000E+00   100.000  0.101E+03   0.99635E+00   0.10000E+00    0.17692E-02*******          test_DN   
.5100E+00   100.000  0.970E+02   0.99779E+00   0.10000E+00    0.50249E-02*******          test_DN   
.5200E+00   100.000  0.932E+02   0.99949E+00   0.10000E+00    0.50249E-02*******          test_DN   
.5300E+00   100.000  0.896E+02   0.10006E+01   0.10000E+00    0.50249E-02*******          test_DN   
.5400E+00   100.000  0.861E+02   0.10023E+01   0.10000E+00    0.50249E-02*******          test_DN   
.5500E+00   100.000  0.827E+02   0.10045E+01   0.10000E+00    0.50249E-02*******          test_DN   
.5600E+00   100.000  0.795E+02   0.10060E+01   0.10000E+00    0.50249E-02*******          test_DN   
.5700E+00   100.000  0.763E+02   0.10083E+01   0.10000E+00    0.50249E-02*******          test_DN   
.5800E+00   100.000  0.733E+02   0.10109E+01   0.10000E+00    0.50249E-02*******          test_DN   
.5900E+00   100.000  0.704E+02   0.10132E+01   0.10000E+00    0.50249E-02*******          test_DN   
.6000E+00   100.000  0.675E+02   0.10161E+01   0.10000E+00    0.17692E-02*******          test_DN   
.6100E+00   100.000  0.648E+02   0.10195E+01   0.10000E+00    0.50249E-02*******          test_DN   
.6200E+00   100.000  0.622E+02   0.10227E+01   0.10000E+00    0.50249E-02*******          test_DN   
.6300E+00   100.000  0.596E+02   0.10265E+01   0.10000E+00    0.50249E-02*******          test_DN   
.6400E+00   100.000  0.571E+02   0.10308E+01   0.10000E+00    0.50249E-02*******          test_DN   
.6500E+00   100.000  0.547E+02   0.10351E+01   0.10000E+00    0.50249E-02*******          test_DN   
.6600E+00   100.000  0.524E+02   0.10405E+01   0.10000E+00    0.50249E-02*******          test_DN   
.6700E+00   100.000  0.501E+02   0.10458E+01   0.10000E+00    0.50249E-02*******          test_DN   
.6800E+00   100.000  0.479E+02   0.10522E+01   0.10000E+00    0.50249E-02*******          test_DN   
.6900E+00   100.000  0.458E+02   0.10594E+01   0.10000E+00    0.50249E-02*******          test_DN   
.7000E+00   100.000  0.437E+02   0.10668E+01   0.10000E+00    0.17692E-02*******          test_DN   
.7100E+00   100.000  0.417E+02   0.10758E+01   0.10000E+00    0.50249E-02*******          test_DN   
.7200E+00   100.000  0.398E+02   0.10854E+01   0.10000E+00    0.50249E-02*******          test_DN   
.7300E+00   100.000  0.379E+02   0.10967E+01   0.10000E+00    0.50249E-02*******          test_DN   
.7400E+00   100.000  0.360E+02   0.11092E+01   0.10000E+00    0.50249E-02*******          test_DN   
.7500E+00   100.000  0.342E+02   0.11238E+01   0.10000E+00    0.50249E-02*******          test_DN   
.7600E+00   100.000  0.325E+02   0.11402E+01   0.10000E+00    0.50249E-02*******          test_DN   
.7700E+00   100.000  0.308E+02   0.11595E+01   0.10000E+00    0.50249E-02*******          test_DN   
.7800E+00   100.000  0.291E+02   0.11812E+01   0.10000E+00    0.50249E-02*******          test_DN   
.7900E+00   100.000  0.275E+02   0.12072E+01   0.10000E+00    0.50249E-02*******          test_DN   
.8000E+00   100.000  0.259E+02   0.12371E+01   0.10000E+00    0.17692E-02*******          test_DN   
.8100E+00   100.000  0.243E+02   0.12731E+01   0.10000E+00    0.50249E-02*******          test_DN   
.8200E+00   100.000  0.228E+02   0.13158E+01   0.10000E+00    0.50249E-02*******          test_DN   
.8300E+00   100.000  0.214E+02   0.13671E+01   0.10000E+00    0.50249E-02*******          test_DN   
.8400E+00   100.000  0.199E+02   0.14299E+01   0.10000E+00    0.50249E-02*******          test_DN   
.8500E+00   100.000  0.185E+02   0.15070E+01   0.10000E+00    0.50249E-02*******          test_DN   
.8600E+00   100.000  0.172E+02   0.16035E+01   0.10000E+00    0.50249E-02*******          test_DN   
.8700E+00   100.000  0.158E+02   0.17268E+01   0.10000E+00    0.50249E-02*******          test_DN   
.8800E+00   100.000  0.145E+02   0.18848E+01   0.10000E+00    0.50249E-02*******          test_DN   
.8900E+00   100.000  0.132E+02   0.20969E+01   0.10000E+00    0.50249E-02*******          test_DN   
.9000E+00   100.000  0.120E+02   0.23847E+01   0.10000E+00    0.17692E-02*******          test_DN   
.9100E+00   100.000  0.108E+02   0.27867E+01   0.10000E+00    0.50249E-02*******          test_DN   
.9200E+00   100.000  0.958E+01   0.33881E+01   0.10000E+00    0.50249E-02*******          test_DN   
.9300E+00   100.000  0.841E+01   0.42971E+01   0.10000E+00    0.50249E-02*******          test_DN   
.9400E+00   100.000  0.726E+01   0.58372E+01   0.10000E+00    0.50249E-02*******          test_DN   
.9500E+00   100.000  0.614E+01   0.86529E+01   0.10000E+00    0.50249E-02*******          test_DN   
.9600E+00   100.000  0.505E+01   0.14060E+02   0.10000E+00    0.50249E-02*******          test_DN   
.9700E+00   100.000  0.397E+01   0.29350E+02   0.10000E+00    0.50249E-02*******          test_DN   



 CHI SQUARE=******** FOR  482 POINTS   CHISQ/NPTS=********
 Signed chisquare total =********
 Modified residual =********



     X        Q2         W2       THEORY         DATA         ERROR        chi^2     _w    ITYPE
.7000E-01     2.010  0.276E+02   0.34628E+00   0.38220E+00    0.16254E-01  -4.88          slac_p_reb
.1000E+00     1.810  0.172E+02   0.34671E+00   0.35570E+00    0.62968E-02  -2.04          slac_p_reb
.1000E+00     1.990  0.188E+02   0.34987E+00   0.35110E+00    0.57801E-02  -0.05          slac_p_reb
.1000E+00     2.150  0.202E+02   0.35258E+00   0.36540E+00    0.12542E-01  -1.04          slac_p_reb
.1000E+00     2.380  0.223E+02   0.35595E+00   0.35960E+00    0.10230E-01  -0.13          slac_p_reb
.1000E+00     2.930  0.273E+02   0.36187E+00   0.36410E+00    0.13406E-01  -0.03          slac_p_reb
.1000E+00     3.340  0.309E+02   0.36512E+00   0.32070E+00    0.22432E-01   3.92          slac_p_reb
.1400E+00     1.750  0.116E+02   0.34600E+00   0.34880E+00    0.47202E-02  -0.35          slac_p_reb
.1400E+00     2.040  0.134E+02   0.34972E+00   0.34350E+00    0.13059E-01   0.23          slac_p_reb
.1400E+00     2.190  0.143E+02   0.35138E+00   0.34920E+00    0.54644E-02   0.16          slac_p_reb
.1400E+00     2.370  0.154E+02   0.35310E+00   0.35730E+00    0.58052E-02  -0.52          slac_p_reb
.1400E+00     2.580  0.167E+02   0.35465E+00   0.35010E+00    0.99489E-02   0.21          slac_p_reb
.1400E+00     2.810  0.181E+02   0.35609E+00   0.36190E+00    0.11528E-01  -0.25          slac_p_reb
.1400E+00     3.000  0.193E+02   0.35705E+00   0.35940E+00    0.12448E-01  -0.04          slac_p_reb
.1400E+00     3.310  0.212E+02   0.35839E+00   0.34720E+00    0.10371E-01   1.16          slac_p_reb
.1400E+00     3.770  0.240E+02   0.35982E+00   0.35850E+00    0.11715E-01   0.01          slac_p_reb
.1400E+00     4.180  0.266E+02   0.36083E+00   0.35070E+00    0.15543E-01   0.42          slac_p_reb
.1800E+00     1.890  0.949E+01   0.34271E+00   0.34320E+00    0.47202E-02  -0.01          slac_p_reb
.1800E+00     2.150  0.107E+02   0.34488E+00   0.35190E+00    0.72471E-02  -0.94          slac_p_reb
.1800E+00     2.560  0.125E+02   0.34710E+00   0.34030E+00    0.52326E-02   1.69          slac_p_reb
.1800E+00     2.720  0.133E+02   0.34768E+00   0.34560E+00    0.85586E-02   0.06          slac_p_reb
.1800E+00     3.010  0.146E+02   0.34844E+00   0.36770E+00    0.12530E-01  -2.36          slac_p_reb
.1800E+00     3.250  0.157E+02   0.34888E+00   0.35500E+00    0.91049E-02  -0.45          slac_p_reb
.1800E+00     3.540  0.170E+02   0.34924E+00   0.34410E+00    0.86400E-02   0.35          slac_p_reb
.1800E+00     4.140  0.197E+02   0.34958E+00   0.34380E+00    0.72719E-02   0.63          slac_p_reb
.1800E+00     4.590  0.218E+02   0.34960E+00   0.32100E+00    0.13857E-01   4.26          slac_p_reb
.1800E+00     5.100  0.241E+02   0.34951E+00   0.35470E+00    0.88600E-02  -0.34          slac_p_reb
.1800E+00     5.440  0.257E+02   0.34938E+00   0.33300E+00    0.10986E-01   2.22          slac_p_reb
.2300E+00     1.730  0.667E+01   0.32825E+00   0.33510E+00    0.65460E-02  -1.10          slac_p_reb
.2300E+00     2.020  0.764E+01   0.33017E+00   0.33090E+00    0.48765E-02  -0.02          slac_p_reb
.2300E+00     2.290  0.855E+01   0.33123E+00   0.33700E+00    0.59464E-02  -0.94          slac_p_reb
.2300E+00     2.500  0.925E+01   0.33166E+00   0.34030E+00    0.61294E-02  -1.99          slac_p_reb
.2300E+00     2.920  0.107E+02   0.33189E+00   0.33430E+00    0.54489E-02  -0.20          slac_p_reb
.2300E+00     3.300  0.119E+02   0.33168E+00   0.34030E+00    0.73355E-02  -1.38          slac_p_reb
.2300E+00     3.620  0.130E+02   0.33132E+00   0.32740E+00    0.10770E-01   0.13          slac_p_reb
.2300E+00     3.970  0.142E+02   0.33083E+00   0.33140E+00    0.67941E-02  -0.01          slac_p_reb
.2300E+00     4.480  0.159E+02   0.32999E+00   0.33350E+00    0.74626E-02  -0.22          slac_p_reb
.2300E+00     5.150  0.181E+02   0.32879E+00   0.32760E+00    0.87983E-02   0.02          slac_p_reb
.2300E+00     5.700  0.200E+02   0.32781E+00   0.32240E+00    0.89376E-02   0.37          slac_p_reb
.2300E+00     6.170  0.215E+02   0.32697E+00   0.31880E+00    0.76485E-02   1.14          slac_p_reb
.2300E+00     7.310  0.254E+02   0.32504E+00   0.28280E+00    0.23122E-01   3.34          slac_p_reb
.2800E+00     1.790  0.548E+01   0.30874E+00   0.31650E+00    0.49193E-02  -2.49          slac_p_reb
.2800E+00     2.110  0.631E+01   0.30957E+00   0.31630E+00    0.52697E-02  -1.63          slac_p_reb
.2800E+00     2.340  0.690E+01   0.30966E+00   0.31310E+00    0.66212E-02  -0.27          slac_p_reb
.2800E+00     2.530  0.739E+01   0.30949E+00   0.31250E+00    0.73573E-02  -0.17          slac_p_reb
.2800E+00     2.710  0.785E+01   0.30919E+00   0.30730E+00    0.61717E-02   0.09          slac_p_reb
.2800E+00     2.890  0.831E+01   0.30880E+00   0.31350E+00    0.41340E-02  -1.29          slac_p_reb
.2800E+00     3.090  0.883E+01   0.30831E+00   0.30730E+00    0.96167E-02   0.01          slac_p_reb
.2800E+00     3.480  0.983E+01   0.30719E+00   0.30380E+00    0.46669E-02   0.53          slac_p_reb
.2800E+00     3.700  0.104E+02   0.30652E+00   0.30310E+00    0.97801E-02   0.12          slac_p_reb
.2800E+00     4.300  0.119E+02   0.30464E+00   0.30120E+00    0.55803E-02   0.38          slac_p_reb
.2800E+00     4.770  0.131E+02   0.30317E+00   0.29910E+00    0.53075E-02   0.59          slac_p_reb
.2800E+00     5.270  0.144E+02   0.30166E+00   0.30020E+00    0.45000E-02   0.10          slac_p_reb
.2800E+00     6.040  0.164E+02   0.29945E+00   0.30590E+00    0.73539E-02  -0.77          slac_p_reb
.2800E+00     6.740  0.182E+02   0.29759E+00   0.29550E+00    0.93477E-02   0.05          slac_p_reb
.2800E+00     7.730  0.208E+02   0.29517E+00   0.29020E+00    0.76007E-02   0.43          slac_p_reb
.2800E+00     8.220  0.220E+02   0.29408E+00   0.28320E+00    0.17018E-01   0.41          slac_p_reb
.3500E+00     1.830  0.428E+01   0.27292E+00   0.27730E+00    0.71512E-02  -0.38          slac_p_reb
.3500E+00     1.980  0.456E+01   0.27247E+00   0.26930E+00    0.34000E-02   0.87          slac_p_reb
.3500E+00     2.180  0.493E+01   0.27177E+00   0.26950E+00    0.27785E-02   0.66          slac_p_reb
.3500E+00     2.490  0.551E+01   0.27031E+00   0.26830E+00    0.75895E-02   0.07          slac_p_reb
.3500E+00     2.790  0.606E+01   0.26871E+00   0.26820E+00    0.63530E-02   0.01          slac_p_reb
.3500E+00     3.120  0.668E+01   0.26691E+00   0.26550E+00    0.26401E-02   0.28          slac_p_reb
.3500E+00     3.360  0.712E+01   0.26557E+00   0.26980E+00    0.84481E-02  -0.25          slac_p_reb
.3500E+00     3.740  0.783E+01   0.26355E+00   0.26310E+00    0.37643E-02   0.01          slac_p_reb
.3500E+00     4.150  0.859E+01   0.26144E+00   0.26550E+00    0.31890E-02  -1.62          slac_p_reb
.3500E+00     5.110  0.104E+02   0.25696E+00   0.25830E+00    0.40460E-02  -0.11          slac_p_reb
.3500E+00     5.660  0.114E+02   0.25466E+00   0.26110E+00    0.54037E-02  -1.42          slac_p_reb
.3500E+00     6.060  0.121E+02   0.25309E+00   0.24960E+00    0.30480E-02   1.31          slac_p_reb
.3500E+00     6.580  0.131E+02   0.25121E+00   0.25480E+00    0.52345E-02  -0.47          slac_p_reb
.3500E+00     7.370  0.146E+02   0.24856E+00   0.24810E+00    0.43046E-02   0.01          slac_p_reb
.3500E+00     8.150  0.160E+02   0.24622E+00   0.24060E+00    0.47508E-02   1.40          slac_p_reb
.3500E+00     9.340  0.182E+02   0.24302E+00   0.23510E+00    0.63640E-02   1.55          slac_p_reb
.3500E+00     9.990  0.194E+02   0.24146E+00   0.23740E+00    0.64031E-02   0.40          slac_p_reb
.3500E+00    10.950  0.212E+02   0.23933E+00   0.24740E+00    0.11353E-01  -0.51          slac_p_reb
.4500E+00     1.870  0.317E+01   0.21794E+00   0.22260E+00    0.75273E-02  -0.38          slac_p_reb
.4500E+00     2.010  0.334E+01   0.21591E+00   0.20910E+00    0.53488E-02   1.62          slac_p_reb
.4500E+00     2.290  0.368E+01   0.21221E+00   0.21200E+00    0.23022E-02   0.01          slac_p_reb
.4500E+00     2.440  0.386E+01   0.21035E+00   0.20620E+00    0.28653E-02   2.10          slac_p_reb
.4500E+00     2.650  0.412E+01   0.20789E+00   0.20520E+00    0.36359E-02   0.55          slac_p_reb
.4500E+00     3.390  0.503E+01   0.20038E+00   0.20160E+00    0.20000E-02  -0.37          slac_p_reb
.4500E+00     3.750  0.547E+01   0.19731E+00   0.19870E+00    0.30529E-02  -0.21          slac_p_reb
.4500E+00     4.720  0.665E+01   0.19032E+00   0.19360E+00    0.22023E-02  -2.21          slac_p_reb
.4500E+00     5.280  0.734E+01   0.18699E+00   0.18810E+00    0.31145E-02  -0.13          slac_p_reb
.4500E+00     5.680  0.782E+01   0.18484E+00   0.18670E+00    0.27803E-02  -0.45          slac_p_reb
.4500E+00     6.070  0.830E+01   0.18289E+00   0.18300E+00    0.58181E-02  -0.00          slac_p_reb
.4500E+00     6.550  0.889E+01   0.18073E+00   0.18010E+00    0.22627E-02   0.08          slac_p_reb
.4500E+00     7.090  0.955E+01   0.17848E+00   0.17830E+00    0.24413E-02   0.01          slac_p_reb
.4500E+00     7.840  0.105E+02   0.17568E+00   0.18040E+00    0.58669E-02  -0.65          slac_p_reb
.4500E+00     8.440  0.112E+02   0.17368E+00   0.17170E+00    0.31890E-02   0.39          slac_p_reb
.4500E+00     9.440  0.124E+02   0.17066E+00   0.17110E+00    0.27785E-02  -0.02          slac_p_reb
.4500E+00    10.800  0.141E+02   0.16718E+00   0.16790E+00    0.33541E-02  -0.05          slac_p_reb
.4500E+00    11.600  0.151E+02   0.16536E+00   0.16600E+00    0.44204E-02  -0.02          slac_p_reb
.4500E+00    12.580  0.163E+02   0.16334E+00   0.16340E+00    0.41677E-02  -0.00          slac_p_reb
.4500E+00    15.010  0.192E+02   0.15908E+00   0.15680E+00    0.14849E-01   0.02          slac_p_reb
.4500E+00    16.360  0.209E+02   0.15707E+00   0.16380E+00    0.12043E-01  -0.31          slac_p_reb
.5500E+00     2.770  0.315E+01   0.15011E+00   0.14770E+00    0.27731E-02   0.76          slac_p_reb
.5500E+00     3.470  0.372E+01   0.14024E+00   0.13890E+00    0.22672E-02   0.35          slac_p_reb
.5500E+00     3.740  0.394E+01   0.13719E+00   0.13960E+00    0.43966E-02  -0.30          slac_p_reb
.5500E+00     4.040  0.419E+01   0.13412E+00   0.13210E+00    0.15556E-02   1.69          slac_p_reb
.5500E+00     4.800  0.481E+01   0.12772E+00   0.12870E+00    0.37336E-02  -0.07          slac_p_reb
.5500E+00     5.320  0.523E+01   0.12415E+00   0.12450E+00    0.26077E-02  -0.02          slac_p_reb
.5500E+00     5.730  0.557E+01   0.12168E+00   0.12170E+00    0.20616E-02  -0.00          slac_p_reb
.5500E+00     6.240  0.599E+01   0.11892E+00   0.11960E+00    0.17692E-02  -0.15          slac_p_reb
.5500E+00     7.450  0.698E+01   0.11358E+00   0.11390E+00    0.12806E-02  -0.06          slac_p_reb
.5500E+00     8.370  0.773E+01   0.11031E+00   0.11200E+00    0.19849E-02  -0.72          slac_p_reb
.5500E+00     9.390  0.856E+01   0.10722E+00   0.10840E+00    0.19416E-02  -0.37          slac_p_reb
.5500E+00    10.600  0.955E+01   0.10418E+00   0.10420E+00    0.17493E-02  -0.00          slac_p_reb
.5500E+00    11.870  0.106E+02   0.10145E+00   0.10220E+00    0.19235E-02  -0.15          slac_p_reb
.5500E+00    12.840  0.114E+02   0.99649E-01   0.10070E+00    0.21954E-02  -0.23          slac_p_reb
.5500E+00    13.690  0.121E+02   0.98228E-01   0.97800E-01    0.24187E-02   0.03          slac_p_reb
.5500E+00    14.650  0.129E+02   0.96754E-01   0.97300E-01    0.23324E-02  -0.05          slac_p_reb
.5500E+00    15.570  0.136E+02   0.95455E-01   0.97800E-01    0.43863E-02  -0.29          slac_p_reb
.5500E+00    16.710  0.146E+02   0.94025E-01   0.11090E+00    0.18784E-01  -0.81          slac_p_reb
.5500E+00    17.890  0.155E+02   0.92673E-01   0.85600E-01    0.57428E-02   1.52          slac_p_reb
.5500E+00    19.470  0.168E+02   0.91031E-01   0.88900E-01    0.53000E-02   0.16          slac_p_reb
.6500E+00     4.290  0.319E+01   0.82746E-01   0.82800E-01    0.11314E-02  -0.00          slac_p_reb
.6500E+00     5.050  0.360E+01   0.76471E-01   0.80600E-01    0.25495E-02  -2.62          slac_p_reb
.6500E+00     5.710  0.396E+01   0.72273E-01   0.71000E-01    0.15264E-02   0.70          slac_p_reb
.6500E+00     6.290  0.427E+01   0.69216E-01   0.69500E-01    0.10630E-02  -0.07          slac_p_reb
.6500E+00     6.810  0.455E+01   0.66890E-01   0.67300E-01    0.10630E-02  -0.15          slac_p_reb
.6500E+00     7.240  0.478E+01   0.65173E-01   0.58900E-01    0.49244E-02   1.62          slac_p_reb
.6500E+00     7.890  0.513E+01   0.62897E-01   0.63500E-01    0.78102E-03  -0.60          slac_p_reb
.6500E+00     8.630  0.553E+01   0.60686E-01   0.61300E-01    0.84853E-03  -0.52          slac_p_reb
.6500E+00     9.520  0.601E+01   0.58394E-01   0.57700E-01    0.11314E-02   0.38          slac_p_reb
.6500E+00    10.600  0.659E+01   0.56102E-01   0.56600E-01    0.94340E-03  -0.28          slac_p_reb
.6500E+00    11.490  0.707E+01   0.54472E-01   0.54100E-01    0.12207E-02   0.09          slac_p_reb
.6500E+00    13.150  0.796E+01   0.51949E-01   0.52600E-01    0.94340E-03  -0.48          slac_p_reb
.6500E+00    14.460  0.867E+01   0.50301E-01   0.50700E-01    0.14422E-02  -0.08          slac_p_reb
.6500E+00    15.560  0.926E+01   0.49083E-01   0.49300E-01    0.12083E-02  -0.03          slac_p_reb
.6500E+00    16.640  0.984E+01   0.48043E-01   0.46500E-01    0.13038E-02   1.40          slac_p_reb
.6500E+00    18.320  0.107E+02   0.46612E-01   0.44900E-01    0.25554E-02   0.45          slac_p_reb
.6500E+00    20.620  0.120E+02   0.44951E-01   0.42200E-01    0.27203E-02   1.02          slac_p_reb
.6500E+00    22.210  0.128E+02   0.43996E-01   0.44500E-01    0.23770E-02  -0.04          slac_p_reb
.7500E+00     6.660  0.310E+01   0.33573E-01   0.33800E-01    0.64031E-03  -0.13          slac_p_reb
.7500E+00     7.290  0.331E+01   0.31506E-01   0.31700E-01    0.58310E-03  -0.11          slac_p_reb
.7500E+00     8.040  0.356E+01   0.29486E-01   0.28500E-01    0.70711E-03   1.95          slac_p_reb
.7500E+00     8.880  0.384E+01   0.27637E-01   0.28000E-01    0.50000E-03  -0.53          slac_p_reb
.7500E+00    10.240  0.430E+01   0.25287E-01   0.26100E-01    0.50000E-03  -2.64          slac_p_reb
.7500E+00    11.590  0.475E+01   0.23498E-01   0.24000E-01    0.42426E-03  -1.40          slac_p_reb
.7500E+00    13.080  0.524E+01   0.21950E-01   0.22300E-01    0.50000E-03  -0.49          slac_p_reb
.7500E+00    14.460  0.570E+01   0.20793E-01   0.20700E-01    0.50000E-03   0.03          slac_p_reb
.7500E+00    15.710  0.612E+01   0.19907E-01   0.20300E-01    0.78102E-03  -0.25          slac_p_reb
.7500E+00    17.030  0.656E+01   0.19122E-01   0.18600E-01    0.53852E-03   0.94          slac_p_reb
.7500E+00    18.420  0.702E+01   0.18403E-01   0.18700E-01    0.64031E-03  -0.21          slac_p_reb
.7500E+00    19.920  0.752E+01   0.17726E-01   0.15900E-01    0.10000E-02   3.34          slac_p_reb
.7500E+00    21.580  0.808E+01   0.17097E-01   0.16400E-01    0.11662E-02   0.36          slac_p_reb
.7500E+00    24.460  0.904E+01   0.16188E-01   0.15500E-01    0.10296E-02   0.45          slac_p_reb
.7500E+00    26.690  0.978E+01   0.15600E-01   0.14400E-01    0.11180E-02   1.15          slac_p_reb
.8500E+00    12.180  0.303E+01   0.68637E-02   0.68000E-02    0.28284E-03   0.05          slac_p_reb
.8500E+00    13.970  0.335E+01   0.60239E-02   0.62000E-02    0.22361E-03  -0.62          slac_p_reb
.8500E+00    15.450  0.361E+01   0.54918E-02   0.58000E-02    0.22361E-03  -1.90          slac_p_reb
.8500E+00    16.610  0.381E+01   0.51557E-02   0.54000E-02    0.28284E-03  -0.75          slac_p_reb
.8500E+00    18.480  0.414E+01   0.47115E-02   0.48000E-02    0.22361E-03  -0.16          slac_p_reb
.8500E+00    19.950  0.440E+01   0.44248E-02   0.47000E-02    0.22361E-03  -1.51          slac_p_reb
.8500E+00    23.390  0.501E+01   0.39201E-02   0.38000E-02    0.31623E-03   0.14          slac_p_reb
.8500E+00    29.170  0.603E+01   0.33564E-02   0.28000E-02    0.22361E-03   6.19          slac_p_reb



 CHI SQUARE=  113.42 FOR  157 POINTS   CHISQ/NPTS=    0.72
 Signed chisquare total =    4.90
 Modified residual =  531.56



     X        Q2         W2       THEORY         DATA         ERROR        chi^2     _w    ITYPE
.7000E-01     2.010  0.276E+02   0.32521E+00   0.34030E+00    0.13881E-01  -1.18          slac_d_reb
.1000E+00     1.820  0.173E+02   0.32295E+00   0.32430E+00    0.55154E-02  -0.06          slac_d_reb
.1000E+00     1.990  0.188E+02   0.32561E+00   0.32660E+00    0.50249E-02  -0.04          slac_d_reb
.1000E+00     2.140  0.201E+02   0.32792E+00   0.33290E+00    0.10610E-01  -0.22          slac_d_reb
.1000E+00     2.370  0.222E+02   0.33100E+00   0.32490E+00    0.85440E-02   0.51          slac_d_reb
.1000E+00     2.940  0.273E+02   0.33648E+00   0.33460E+00    0.11789E-01   0.03          slac_d_reb
.1000E+00     3.340  0.309E+02   0.33929E+00   0.34520E+00    0.17536E-01  -0.11          slac_d_reb
.1400E+00     1.740  0.116E+02   0.31703E+00   0.31610E+00    0.49193E-02   0.04          slac_d_reb
.1400E+00     2.010  0.132E+02   0.31969E+00   0.31960E+00    0.51662E-02   0.00          slac_d_reb
.1400E+00     2.190  0.143E+02   0.32124E+00   0.31340E+00    0.47202E-02   2.76          slac_d_reb
.1400E+00     2.370  0.154E+02   0.32254E+00   0.32020E+00    0.45255E-02   0.27          slac_d_reb
.1400E+00     2.580  0.167E+02   0.32368E+00   0.31650E+00    0.82680E-02   0.75          slac_d_reb
.1400E+00     2.800  0.181E+02   0.32468E+00   0.32830E+00    0.91214E-02  -0.16          slac_d_reb
.1400E+00     3.000  0.193E+02   0.32539E+00   0.32220E+00    0.97908E-02   0.11          slac_d_reb
.1400E+00     3.310  0.212E+02   0.32632E+00   0.33320E+00    0.87000E-02  -0.63          slac_d_reb
.1400E+00     3.770  0.240E+02   0.32725E+00   0.32010E+00    0.94847E-02   0.57          slac_d_reb
.1400E+00     4.180  0.266E+02   0.32789E+00   0.31130E+00    0.12093E-01   1.88          slac_d_reb
.1400E+00     5.000  0.316E+02   0.32865E+00   0.32720E+00    0.72732E-02   0.04          slac_d_reb
.2000E+00     1.870  0.836E+01   0.29883E+00   0.30700E+00    0.40497E-02  -4.07          slac_d_reb
.2000E+00     2.570  0.112E+02   0.30051E+00   0.30670E+00    0.44045E-02  -1.97          slac_d_reb
.2000E+00     2.740  0.118E+02   0.30058E+00   0.30660E+00    0.71449E-02  -0.71          slac_d_reb
.2000E+00     3.010  0.129E+02   0.30054E+00   0.31270E+00    0.94826E-02  -1.64          slac_d_reb
.2000E+00     3.250  0.139E+02   0.30040E+00   0.31250E+00    0.73573E-02  -2.70          slac_d_reb
.2000E+00     3.540  0.150E+02   0.30014E+00   0.30740E+00    0.72201E-02  -1.01          slac_d_reb
.2000E+00     4.170  0.176E+02   0.29940E+00   0.31330E+00    0.71021E-02  -3.83          slac_d_reb
.2000E+00     4.590  0.192E+02   0.29882E+00   0.30160E+00    0.97581E-02  -0.08          slac_d_reb
.2000E+00     5.200  0.217E+02   0.29796E+00   0.30410E+00    0.77104E-02  -0.63          slac_d_reb
.2300E+00     1.730  0.667E+01   0.28555E+00   0.28980E+00    0.35228E-02  -1.45          slac_d_reb
.2300E+00     2.010  0.761E+01   0.28631E+00   0.29130E+00    0.29206E-02  -2.92          slac_d_reb
.2300E+00     2.220  0.831E+01   0.28659E+00   0.28630E+00    0.76276E-02   0.00          slac_d_reb
.2300E+00     2.500  0.925E+01   0.28658E+00   0.29180E+00    0.32650E-02  -2.55          slac_d_reb
.2300E+00     2.820  0.103E+02   0.28626E+00   0.28630E+00    0.41049E-02  -0.00          slac_d_reb
.2300E+00     3.000  0.109E+02   0.28598E+00   0.28800E+00    0.57801E-02  -0.12          slac_d_reb
.2300E+00     3.290  0.119E+02   0.28546E+00   0.28830E+00    0.51225E-02  -0.31          slac_d_reb
.2300E+00     3.620  0.130E+02   0.28479E+00   0.28060E+00    0.77987E-02   0.29          slac_d_reb
.2300E+00     4.010  0.143E+02   0.28395E+00   0.28220E+00    0.50478E-02   0.12          slac_d_reb
.2300E+00     4.460  0.158E+02   0.28296E+00   0.28580E+00    0.56727E-02  -0.25          slac_d_reb
.2300E+00     5.000  0.176E+02   0.28179E+00   0.28200E+00    0.41485E-02  -0.00          slac_d_reb
.2300E+00     5.330  0.187E+02   0.28109E+00   0.28590E+00    0.10565E-01  -0.21          slac_d_reb
.2300E+00     5.720  0.200E+02   0.28029E+00   0.27960E+00    0.69311E-02   0.01          slac_d_reb
.2300E+00     6.090  0.213E+02   0.27955E+00   0.27610E+00    0.10481E-01   0.11          slac_d_reb
.2300E+00     7.310  0.254E+02   0.27730E+00   0.27030E+00    0.16716E-01   0.18          slac_d_reb
.2800E+00     1.920  0.582E+01   0.26168E+00   0.26370E+00    0.35805E-02  -0.32          slac_d_reb
.2800E+00     2.110  0.631E+01   0.26151E+00   0.26580E+00    0.42544E-02  -1.02          slac_d_reb
.2800E+00     2.350  0.692E+01   0.26106E+00   0.26350E+00    0.47707E-02  -0.26          slac_d_reb
.2800E+00     2.530  0.739E+01   0.26059E+00   0.26460E+00    0.50249E-02  -0.64          slac_d_reb
.2800E+00     3.090  0.883E+01   0.25878E+00   0.26220E+00    0.70228E-02  -0.24          slac_d_reb
.2800E+00     3.320  0.942E+01   0.25797E+00   0.26960E+00    0.84723E-02  -1.88          slac_d_reb
.2800E+00     3.530  0.996E+01   0.25724E+00   0.25480E+00    0.36235E-02   0.45          slac_d_reb
.2800E+00     4.300  0.119E+02   0.25458E+00   0.25660E+00    0.44407E-02  -0.21          slac_d_reb
.2800E+00     4.760  0.131E+02   0.25307E+00   0.25680E+00    0.42012E-02  -0.79          slac_d_reb
.2800E+00     5.290  0.145E+02   0.25144E+00   0.25130E+00    0.40224E-02   0.00          slac_d_reb
.2800E+00     6.070  0.165E+02   0.24922E+00   0.25530E+00    0.54562E-02  -1.24          slac_d_reb
.2800E+00     6.750  0.182E+02   0.24747E+00   0.24940E+00    0.61555E-02  -0.10          slac_d_reb
.2800E+00     7.500  0.202E+02   0.24568E+00   0.25060E+00    0.74330E-02  -0.44          slac_d_reb
.2800E+00     8.220  0.220E+02   0.24412E+00   0.24510E+00    0.10021E-01  -0.01          slac_d_reb
.3500E+00     1.830  0.428E+01   0.22501E+00   0.22620E+00    0.45277E-02  -0.07          slac_d_reb
.3500E+00     2.010  0.461E+01   0.22405E+00   0.22400E+00    0.22825E-02   0.00          slac_d_reb
.3500E+00     2.180  0.493E+01   0.22313E+00   0.22460E+00    0.21095E-02  -0.48          slac_d_reb
.3500E+00     2.500  0.552E+01   0.22126E+00   0.22190E+00    0.14213E-02  -0.20          slac_d_reb
.3500E+00     2.790  0.606E+01   0.21952E+00   0.21390E+00    0.42802E-02   1.72          slac_d_reb
.3500E+00     3.080  0.660E+01   0.21784E+00   0.21700E+00    0.24042E-02   0.12          slac_d_reb
.3500E+00     3.360  0.712E+01   0.21625E+00   0.21410E+00    0.57245E-02   0.14          slac_d_reb
.3500E+00     3.740  0.783E+01   0.21424E+00   0.21020E+00    0.28320E-02   2.04          slac_d_reb
.3500E+00     4.160  0.861E+01   0.21215E+00   0.21250E+00    0.24207E-02  -0.02          slac_d_reb
.3500E+00     5.010  0.102E+02   0.20837E+00   0.20810E+00    0.19925E-02   0.02          slac_d_reb
.3500E+00     5.840  0.117E+02   0.20520E+00   0.20640E+00    0.30232E-02  -0.16          slac_d_reb
.3500E+00     6.410  0.128E+02   0.20325E+00   0.20160E+00    0.27203E-02   0.37          slac_d_reb
.3500E+00     7.370  0.146E+02   0.20033E+00   0.19910E+00    0.35777E-02   0.12          slac_d_reb
.3500E+00     8.130  0.160E+02   0.19828E+00   0.19600E+00    0.38013E-02   0.36          slac_d_reb
.3500E+00     9.310  0.182E+02   0.19547E+00   0.19080E+00    0.47508E-02   0.97          slac_d_reb
.3500E+00    10.010  0.195E+02   0.19398E+00   0.19420E+00    0.40224E-02  -0.00          slac_d_reb
.3500E+00    10.960  0.212E+02   0.19214E+00   0.18990E+00    0.65054E-02   0.12          slac_d_reb
.4500E+00     1.870  0.317E+01   0.17419E+00   0.16850E+00    0.50695E-02   1.26          slac_d_reb
.4500E+00     2.000  0.333E+01   0.17226E+00   0.17510E+00    0.21633E-02  -1.73          slac_d_reb
.4500E+00     2.290  0.368E+01   0.16845E+00   0.16870E+00    0.14422E-02  -0.03          slac_d_reb
.4500E+00     2.440  0.386E+01   0.16666E+00   0.16420E+00    0.19849E-02   1.54          slac_d_reb
.4500E+00     2.650  0.412E+01   0.16432E+00   0.16220E+00    0.27459E-02   0.60          slac_d_reb
.4500E+00     3.360  0.499E+01   0.15763E+00   0.15760E+00    0.18385E-02   0.00          slac_d_reb
.4500E+00     3.800  0.553E+01   0.15426E+00   0.15670E+00    0.40497E-02  -0.36          slac_d_reb
.4500E+00     4.590  0.649E+01   0.14920E+00   0.14980E+00    0.20518E-02  -0.09          slac_d_reb
.4500E+00     4.970  0.696E+01   0.14710E+00   0.14670E+00    0.16401E-02   0.06          slac_d_reb
.4500E+00     5.300  0.736E+01   0.14546E+00   0.14510E+00    0.21213E-02   0.03          slac_d_reb
.4500E+00     5.680  0.782E+01   0.14371E+00   0.14280E+00    0.17029E-02   0.29          slac_d_reb
.4500E+00     6.070  0.830E+01   0.14204E+00   0.14610E+00    0.34409E-02  -1.39          slac_d_reb
.4500E+00     6.510  0.884E+01   0.14034E+00   0.14130E+00    0.21260E-02  -0.20          slac_d_reb
.4500E+00     7.110  0.957E+01   0.13823E+00   0.13930E+00    0.16125E-02  -0.44          slac_d_reb
.4500E+00     7.840  0.105E+02   0.13593E+00   0.13950E+00    0.36125E-02  -0.97          slac_d_reb
.4500E+00     8.430  0.112E+02   0.13428E+00   0.13380E+00    0.20809E-02   0.05          slac_d_reb
.4500E+00     9.050  0.119E+02   0.13269E+00   0.13460E+00    0.24413E-02  -0.61          slac_d_reb
.4500E+00     9.830  0.129E+02   0.13086E+00   0.13100E+00    0.19235E-02  -0.00          slac_d_reb
.4500E+00    10.690  0.139E+02   0.12908E+00   0.12920E+00    0.25080E-02  -0.00          slac_d_reb
.4500E+00    11.610  0.151E+02   0.12734E+00   0.12920E+00    0.29530E-02  -0.40          slac_d_reb
.4500E+00    12.750  0.165E+02   0.12543E+00   0.12640E+00    0.31765E-02  -0.09          slac_d_reb
.4500E+00    15.020  0.192E+02   0.12220E+00   0.13260E+00    0.13014E-01  -0.64          slac_d_reb
.4500E+00    16.390  0.209E+02   0.12054E+00   0.13590E+00    0.10341E-01  -2.21          slac_d_reb
.5500E+00     2.770  0.315E+01   0.11430E+00   0.11570E+00    0.18868E-02  -0.55          slac_d_reb
.5500E+00     3.470  0.372E+01   0.10602E+00   0.10540E+00    0.17692E-02   0.12          slac_d_reb
.5500E+00     3.740  0.394E+01   0.10349E+00   0.10270E+00    0.23259E-02   0.12          slac_d_reb
.5500E+00     4.070  0.421E+01   0.10073E+00   0.10070E+00    0.11314E-02   0.00          slac_d_reb
.5500E+00     4.990  0.496E+01   0.94638E-01   0.93600E-01    0.80623E-03   1.66          slac_d_reb
.5500E+00     5.330  0.524E+01   0.92825E-01   0.92600E-01    0.18028E-02   0.02          slac_d_reb
.5500E+00     5.770  0.560E+01   0.90703E-01   0.91400E-01    0.13454E-02  -0.27          slac_d_reb
.5500E+00     6.250  0.600E+01   0.88648E-01   0.88700E-01    0.12042E-02  -0.00          slac_d_reb
.5500E+00     7.500  0.702E+01   0.84290E-01   0.84900E-01    0.89443E-03  -0.46          slac_d_reb
.5500E+00     8.380  0.774E+01   0.81851E-01   0.81800E-01    0.13601E-02   0.00          slac_d_reb
.5500E+00     9.020  0.826E+01   0.80294E-01   0.84100E-01    0.19799E-02  -3.70          slac_d_reb
.5500E+00     9.910  0.899E+01   0.78386E-01   0.78500E-01    0.98489E-03  -0.01          slac_d_reb
.5500E+00    10.720  0.965E+01   0.76873E-01   0.77600E-01    0.13416E-02  -0.29          slac_d_reb
.5500E+00    11.860  0.106E+02   0.74986E-01   0.76200E-01    0.14318E-02  -0.72          slac_d_reb
.5500E+00    12.880  0.114E+02   0.73530E-01   0.73700E-01    0.15652E-02  -0.01          slac_d_reb
.5500E+00    14.120  0.124E+02   0.71969E-01   0.72100E-01    0.16155E-02  -0.01          slac_d_reb
.5500E+00    15.550  0.136E+02   0.70381E-01   0.70500E-01    0.26907E-02  -0.00          slac_d_reb
.5500E+00    16.710  0.146E+02   0.69266E-01   0.64300E-01    0.85703E-02   0.34          slac_d_reb
.5500E+00    17.890  0.155E+02   0.68233E-01   0.71800E-01    0.48260E-02  -0.55          slac_d_reb
.5500E+00    19.510  0.168E+02   0.66952E-01   0.68900E-01    0.40817E-02  -0.23          slac_d_reb
.6500E+00     4.150  0.312E+01   0.61167E-01   0.62000E-01    0.17493E-02  -0.23          slac_d_reb
.6500E+00     4.410  0.326E+01   0.59289E-01   0.59800E-01    0.92195E-03  -0.31          slac_d_reb
.6500E+00     5.010  0.358E+01   0.55611E-01   0.55800E-01    0.64031E-03  -0.09          slac_d_reb
.6500E+00     5.720  0.396E+01   0.52213E-01   0.52800E-01    0.92195E-03  -0.41          slac_d_reb
.6500E+00     6.270  0.426E+01   0.50051E-01   0.50200E-01    0.70711E-03  -0.04          slac_d_reb
.6500E+00     6.780  0.453E+01   0.48348E-01   0.49400E-01    0.72111E-03  -2.13          slac_d_reb
.6500E+00     7.980  0.518E+01   0.45094E-01   0.44900E-01    0.64031E-03   0.09          slac_d_reb
.6500E+00     8.610  0.552E+01   0.43719E-01   0.43500E-01    0.56569E-03   0.15          slac_d_reb
.6500E+00     9.750  0.613E+01   0.41614E-01   0.41900E-01    0.58310E-03  -0.24          slac_d_reb
.6500E+00    10.600  0.659E+01   0.40321E-01   0.40700E-01    0.58310E-03  -0.42          slac_d_reb
.6500E+00    11.530  0.709E+01   0.39082E-01   0.38700E-01    0.80623E-03   0.22          slac_d_reb
.6500E+00    13.170  0.797E+01   0.37277E-01   0.37900E-01    0.67082E-03  -0.86          slac_d_reb
.6500E+00    14.200  0.853E+01   0.36325E-01   0.38000E-01    0.13038E-02  -1.65          slac_d_reb
.6500E+00    15.240  0.909E+01   0.35466E-01   0.35300E-01    0.67082E-03   0.06          slac_d_reb
.6500E+00    16.890  0.998E+01   0.34304E-01   0.34100E-01    0.10817E-02   0.04          slac_d_reb
.6500E+00    18.280  0.107E+02   0.33457E-01   0.32800E-01    0.18358E-02   0.13          slac_d_reb
.6500E+00    20.630  0.120E+02   0.32233E-01   0.34400E-01    0.21095E-02  -1.06          slac_d_reb
.6500E+00    22.210  0.128E+02   0.31550E-01   0.32300E-01    0.17464E-02  -0.18          slac_d_reb
.7500E+00     6.660  0.310E+01   0.24104E-01   0.24300E-01    0.42426E-03  -0.21          slac_d_reb
.7500E+00     7.300  0.332E+01   0.22633E-01   0.22500E-01    0.42426E-03   0.10          slac_d_reb
.7500E+00     7.960  0.354E+01   0.21375E-01   0.21600E-01    0.78102E-03  -0.08          slac_d_reb
.7500E+00     8.900  0.385E+01   0.19916E-01   0.20100E-01    0.36056E-03  -0.26          slac_d_reb
.7500E+00    10.190  0.428E+01   0.18352E-01   0.18500E-01    0.28284E-03  -0.27          slac_d_reb
.7500E+00    11.570  0.474E+01   0.17064E-01   0.16900E-01    0.28284E-03   0.34          slac_d_reb
.7500E+00    13.070  0.524E+01   0.15972E-01   0.16100E-01    0.36056E-03  -0.13          slac_d_reb
.7500E+00    14.470  0.571E+01   0.15150E-01   0.14900E-01    0.36056E-03   0.48          slac_d_reb
.7500E+00    15.710  0.612E+01   0.14535E-01   0.14600E-01    0.50000E-03  -0.02          slac_d_reb
.7500E+00    16.960  0.654E+01   0.14013E-01   0.13800E-01    0.36056E-03   0.35          slac_d_reb
.7500E+00    18.420  0.702E+01   0.13482E-01   0.13800E-01    0.44721E-03  -0.51          slac_d_reb
.7500E+00    19.940  0.753E+01   0.13001E-01   0.13300E-01    0.80623E-03  -0.14          slac_d_reb
.7500E+00    21.560  0.807E+01   0.12570E-01   0.11700E-01    0.80623E-03   1.16          slac_d_reb
.7500E+00    24.370  0.901E+01   0.11945E-01   0.11400E-01    0.72111E-03   0.57          slac_d_reb
.7500E+00    26.730  0.979E+01   0.11507E-01   0.11200E-01    0.76158E-03   0.16          slac_d_reb
.8500E+00    12.180  0.303E+01   0.56043E-02   0.53000E-02    0.22361E-03   1.85          slac_d_reb
.8500E+00    13.950  0.334E+01   0.50087E-02   0.49000E-02    0.22361E-03   0.24          slac_d_reb
.8500E+00    15.450  0.361E+01   0.46185E-02   0.47000E-02    0.14142E-03  -0.33          slac_d_reb
.8500E+00    16.640  0.382E+01   0.43681E-02   0.41000E-02    0.14142E-03   3.59          slac_d_reb
.8500E+00    18.460  0.414E+01   0.40513E-02   0.40000E-02    0.14142E-03   0.13          slac_d_reb
.8500E+00    19.990  0.441E+01   0.38310E-02   0.40000E-02    0.22361E-03  -0.57          slac_d_reb
.8500E+00    23.400  0.501E+01   0.34589E-02   0.32000E-02    0.31623E-03   0.67          slac_d_reb
.8500E+00    29.090  0.602E+01   0.30373E-02   0.28000E-02    0.22361E-03   1.13          slac_d_reb



 CHI SQUARE=   92.66 FOR  157 POINTS   CHISQ/NPTS=    0.59
 Signed chisquare total =  -29.44
 Modified residual = 1478.67


Summary normalization chi2 contributions

 data set     normalization        error         chisq
slac_p_reb         1.0030         0.0210         0.0204
slac_d_reb         1.0052         0.0210         0.0613


Summary chi2 per data set

 data set      chisq    _w     signd    _w     resid     _w   npts   chisq/pts  _w
test_DN     ********        ********        ********           482********
slac_p_reb     113.4             4.9           531.6           157    0.72
slac_d_reb      92.7           -29.4          1478.7           157    0.59
------------------------------------------------------------------------------------
TOTAL       ************************     0.0****************   796****************
TOTAL+norm  ****************                                   796****************



            Momentum Sum Rule Check


      q2        xuv       xdv       xub       xdb       xsb       xcb       xbb      xglue     total
      1.69    0.3213    0.1365    0.0564    0.0742    0.0261    0.0000    0.0000    0.3856    1.0002
    100.00    0.2264    0.0962    0.0653    0.0778    0.0440    0.0256    0.0087    0.4531    0.9972
   1000.00    0.0000    0.0000    0.0000    0.0000    0.0000    0.0000    0.0000    0.0000    0.0000
   2000.00    0.0000    0.0000    0.0000    0.0000    0.0000    0.0000    0.0000    0.0000    0.0000


 Vector Boson Cross Sections

 sqrt(s)   sigma(W)    error    theory

   1960.     2.865     0.063       0.000     D0

   1960.     2.749     0.054       0.000     CDF

   7000.     9.95      0.29        0.000     CMS

   7000.     9.96      0.55        0.000     ATLAS

 sqrt(s)   sigma(Z)    error    theory

   1960.     .2649     .0094       0.000     D0

   1960.     .2549     .0057       0.000     CDF

   7000.     .931      0.035       0.000     CMS

   7000.     .82       0.08        0.000     ATLAS


 KP off-shell parameters -- N*(x-x0)*(x-x1)*(1+x0-x)

  N =   0.98222E-01 +-     0.0000    
 x0 =   0.34487     +-     0.0000    
 x1 =   0.48194E-01
