 Correlated errors added in quadrature with statistical errors
 test_DN    DIS data with   1.69< Q2 < 0.500D+03 and 0.000 < xB < 1.000 and   1.00< W2 < 0.100D+04 and 0.000 < y < 1.000
   GP TMC applied
   HT corrections, multiplicative C=C(xB)
 Correlated errors added in quadrature with statistical errors
 slac_p_reb DIS data with   1.69< Q2 < 0.500D+03 and 0.000 < xB < 1.000 and   3.00< W2 < 0.100D+04 and 0.000 < y < 1.000
   GP TMC applied
   HT corrections, multiplicative C=C(xB)
 Correlated errors added in quadrature with statistical errors
 slac_d_reb DIS data with   1.69< Q2 < 0.500D+03 and 0.000 < xB < 1.000 and   3.00< W2 < 0.100D+04 and 0.000 < y < 1.000
   WBArel smearing  (WJC1) - KP off-shell param nuke corrections
   GP TMC applied
   HT corrections, multiplicative C=C(xB)

# fitpack10: fit output
# CJ15_AV18                                                                    

Parametrization   7 used here

 S-ACOT scheme used  for NC DIS

 charm mass =     1.30 GeV     bottom mass =     4.50 GeV



 THIS IS A NEXT TO LEADING ORDER FIT

 Q02=    1.69
         1  LAMBDA      VALUE=   0.22680      WEIGHT=    0.0000    
         2  a0uv        VALUE=    2.2283      WEIGHT=    0.0000    
         3  a1uv        VALUE=   0.59676      WEIGHT=    0.0000    
         4  a2uv        VALUE=    3.5469      WEIGHT=    0.0000    
         5  a3uv        VALUE=    0.0000      WEIGHT=    0.0000    
         6  a4uv        VALUE=    3.8119      WEIGHT=    0.0000    
         7  a5uv        VALUE=    0.0000      WEIGHT=    0.0000    
         8  a0dv        VALUE=    20.532      WEIGHT=    0.0000    
         9  a1dv        VALUE=    1.1133      WEIGHT=    0.0000    
        10  a2dv        VALUE=    6.4279      WEIGHT=    0.0000    
        11  a3dv        VALUE=   -3.4816      WEIGHT=    0.0000    
        12  a4dv        VALUE=    4.7864      WEIGHT=    0.0000    
        13  a5dv        VALUE=    0.0000      WEIGHT=    0.0000    
        14  a0ud        VALUE=   0.14098      WEIGHT=    0.0000    
        15  a1ud        VALUE=  -0.21792      WEIGHT=    0.0000    
        16  a2ud        VALUE=    8.4422      WEIGHT=    0.0000    
        17  a3ud        VALUE=    0.0000      WEIGHT=    0.0000    
        18  a4ud        VALUE=    16.218      WEIGHT=    0.0000    
        19  a5ud        VALUE=    0.0000      WEIGHT=    0.0000    
        20  a0du        VALUE=    35712.      WEIGHT=    0.0000    
        21  a1du        VALUE=    3.9915      WEIGHT=    0.0000    
        22  a2du        VALUE=    20.394      WEIGHT=    0.0000    
        23  a3du        VALUE=    17.000      WEIGHT=    0.0000    
        24  a4du        VALUE=    43.914      WEIGHT=    0.0000    
        25  a0g         VALUE=    44.341      WEIGHT=    0.0000    
        26  a1g         VALUE=   0.60824      WEIGHT=    0.0000    
        27  a2g         VALUE=    6.1647      WEIGHT=    0.0000    
        28  a3g         VALUE=   -3.2192      WEIGHT=    0.0000    
        29  a4g         VALUE=    2.9568      WEIGHT=    0.0000    
        30  a5g         VALUE=    0.0000      WEIGHT=    0.0000    
        31  kappa       VALUE=   0.40000      WEIGHT=    0.0000    
        32  a6dv        VALUE=  -0.36808E-02  WEIGHT=    0.0000    
        33  a7dv        VALUE=    2.0000      WEIGHT=    0.0000    
        34  x0_KP       VALUE=  -0.25326      WEIGHT=    0.0000    
        35  C_KP        VALUE=   0.13158      WEIGHT=    0.0000    
        36  ht1         VALUE=   -3.2169      WEIGHT=    0.0000    
        37  ht2         VALUE=    1.8225      WEIGHT=    0.0000    
        38  ht3         VALUE=   -2.0844      WEIGHT=    0.0000    
        39  ht4         VALUE=    0.0000      WEIGHT=    0.0000    
        40  dummy40     VALUE=    0.0000      WEIGHT=    0.0000    
        41  dummy41     VALUE=    0.0000      WEIGHT=    0.0000    
        42  dummy42     VALUE=    0.0000      WEIGHT=    0.0000    
        43  dummy43     VALUE=    0.0000      WEIGHT=    0.0000    
        44  dummy44     VALUE=    0.0000      WEIGHT=    0.0000    
        45  dummy45     VALUE=    0.0000      WEIGHT=    0.0000    
        46  dummy46     VALUE=    0.0000      WEIGHT=    0.0000    
        47  dummy47     VALUE=    0.0000      WEIGHT=    0.0000    
        48  dummy48     VALUE=    0.0000      WEIGHT=    0.0000    
        49  dummy49     VALUE=    0.0000      WEIGHT=    0.0000    
        50  bcdmsh2     VALUE=   0.97015      WEIGHT=    0.0000    
        51  bcdmsd2     VALUE=   0.99451      WEIGHT=    0.0000    
        52  ccfr        VALUE=    1.0000      WEIGHT=    0.0000    
        53  nutev       VALUE=    1.0000      WEIGHT=    0.0000    
        54  zeus        VALUE=   0.97998      WEIGHT=    0.0000    
        55  h1          VALUE=    1.0162      WEIGHT=    0.0000    
        56  e605        VALUE=    1.0290      WEIGHT=    0.0000    
        57  NmcH2       VALUE=    1.0136      WEIGHT=    0.0000    
        58  ntv_nu      VALUE=    1.0000      WEIGHT=    0.0000    
        59  ntv_nuba    VALUE=    1.0000      WEIGHT=    0.0000    
        60  cdf_jet     VALUE=   0.98910      WEIGHT=    0.0000    
        61  d0_jet      VALUE=   0.83504      WEIGHT=    0.0000    
        62  slac_p      VALUE=    1.0009      WEIGHT=    0.0000    
        63  slac_d      VALUE=    1.0053      WEIGHT=    0.0000    
        64  e866pp      VALUE=   0.97970      WEIGHT=    0.0000    
        65  e866pd      VALUE=   0.99181      WEIGHT=    0.0000    
        66  d0_gamje    VALUE=    1.0363      WEIGHT=    0.0000    
        67  h1b         VALUE=   0.97608      WEIGHT=    0.0000    
        68  jlab_p      VALUE=   0.99354      WEIGHT=    0.0000    
        69  jlab_d      VALUE=   0.97692      WEIGHT=    0.0000    
        70  blank       VALUE=    1.0000      WEIGHT=    0.0000    
        71  d0run2      VALUE=   0.93614      WEIGHT=    0.0000    
        72  cdfrun2     VALUE=   0.92328      WEIGHT=    0.0000    
        73  HERA_el     VALUE=   0.99968      WEIGHT=    0.0000    
        74  HERA_ps     VALUE=   0.99486      WEIGHT=    0.0000    
        75  CDF_Z       VALUE=   0.97162      WEIGHT=    0.0000    
        76  NmcRat      VALUE=    1.0000      WEIGHT=    0.0000    
        77  BNS_F2nd    VALUE=   0.98000      WEIGHT=    0.0000    
0THE TOLERANCE IS    0.5000
 THE MAXIMUM NUMBER OF STEPS IS 100
0THE INITIAL CHI SQUARED IS  1.4282E+08



     X        Q2         W2       THEORY         DATA         ERROR        chi^2     _w    ITYPE
.1000E-01     2.000  0.199E+03   0.98507E+00   0.10000E+00    0.50249E-02*******          test_DN   
.2000E-01     2.000  0.989E+02   0.98740E+00   0.10000E+00    0.50249E-02*******          test_DN   
.3000E-01     2.000  0.655E+02   0.98987E+00   0.10000E+00    0.50249E-02*******          test_DN   
.4000E-01     2.000  0.489E+02   0.99027E+00   0.10000E+00    0.50249E-02*******          test_DN   
.5000E-01     2.000  0.389E+02   0.99156E+00   0.10000E+00    0.50249E-02*******          test_DN   
.6000E-01     2.000  0.322E+02   0.99205E+00   0.10000E+00    0.50249E-02*******          test_DN   
.7000E-01     2.000  0.275E+02   0.99258E+00   0.10000E+00    0.50249E-02*******          test_DN   
.8000E-01     2.000  0.239E+02   0.99319E+00   0.10000E+00    0.50249E-02*******          test_DN   
.9000E-01     2.000  0.211E+02   0.99360E+00   0.10000E+00    0.50249E-02*******          test_DN   
.1000E+00     2.000  0.189E+02   0.99395E+00   0.10000E+00    0.50249E-02*******          test_DN   
.1100E+00     2.000  0.171E+02   0.99390E+00   0.10000E+00    0.50249E-02*******          test_DN   
.1200E+00     2.000  0.155E+02   0.99419E+00   0.10000E+00    0.50249E-02*******          test_DN   
.1300E+00     2.000  0.143E+02   0.99425E+00   0.10000E+00    0.50249E-02*******          test_DN   
.1400E+00     2.000  0.132E+02   0.99468E+00   0.10000E+00    0.50249E-02*******          test_DN   
.1500E+00     2.000  0.122E+02   0.99490E+00   0.10000E+00    0.50249E-02*******          test_DN   
.1600E+00     2.000  0.114E+02   0.99500E+00   0.10000E+00    0.50249E-02*******          test_DN   
.1700E+00     2.000  0.106E+02   0.99491E+00   0.10000E+00    0.50249E-02*******          test_DN   
.1800E+00     2.000  0.999E+01   0.99514E+00   0.10000E+00    0.50249E-02*******          test_DN   
.1900E+00     2.000  0.941E+01   0.99527E+00   0.10000E+00    0.50249E-02*******          test_DN   
.2000E+00     2.000  0.888E+01   0.99538E+00   0.10000E+00    0.50249E-02*******          test_DN   
.2100E+00     2.000  0.841E+01   0.99555E+00   0.10000E+00    0.50249E-02*******          test_DN   
.2200E+00     2.000  0.797E+01   0.99560E+00   0.10000E+00    0.50249E-02*******          test_DN   
.2300E+00     2.000  0.758E+01   0.99563E+00   0.10000E+00    0.50249E-02*******          test_DN   
.2400E+00     2.000  0.722E+01   0.99568E+00   0.10000E+00    0.50249E-02*******          test_DN   
.2500E+00     2.000  0.688E+01   0.99575E+00   0.10000E+00    0.50249E-02*******          test_DN   
.2600E+00     2.000  0.657E+01   0.99588E+00   0.10000E+00    0.50249E-02*******          test_DN   
.2700E+00     2.000  0.629E+01   0.99594E+00   0.10000E+00    0.50249E-02*******          test_DN   
.2800E+00     2.000  0.602E+01   0.99588E+00   0.10000E+00    0.50249E-02*******          test_DN   
.2900E+00     2.000  0.578E+01   0.99593E+00   0.10000E+00    0.50249E-02*******          test_DN   
.3000E+00     2.000  0.555E+01   0.99550E+00   0.10000E+00    0.18868E-02*******          test_DN   
.3100E+00     2.000  0.533E+01   0.99562E+00   0.10000E+00    0.50249E-02*******          test_DN   
.3200E+00     2.000  0.513E+01   0.99558E+00   0.10000E+00    0.50249E-02*******          test_DN   
.3300E+00     2.000  0.494E+01   0.99557E+00   0.10000E+00    0.50249E-02*******          test_DN   
.3400E+00     2.000  0.476E+01   0.99567E+00   0.10000E+00    0.50249E-02*******          test_DN   
.3500E+00     2.000  0.460E+01   0.99585E+00   0.10000E+00    0.50249E-02*******          test_DN   
.3600E+00     2.000  0.444E+01   0.99593E+00   0.10000E+00    0.50249E-02*******          test_DN   
.3700E+00     2.000  0.429E+01   0.99591E+00   0.10000E+00    0.50249E-02*******          test_DN   
.3800E+00     2.000  0.414E+01   0.99596E+00   0.10000E+00    0.50249E-02*******          test_DN   
.3900E+00     2.000  0.401E+01   0.99607E+00   0.10000E+00    0.50249E-02*******          test_DN   
.4000E+00     2.000  0.388E+01   0.99621E+00   0.10000E+00    0.17692E-02*******          test_DN   
.4100E+00     2.000  0.376E+01   0.99628E+00   0.10000E+00    0.50249E-02*******          test_DN   
.4200E+00     2.000  0.364E+01   0.99638E+00   0.10000E+00    0.50249E-02*******          test_DN   
.4300E+00     2.000  0.353E+01   0.99648E+00   0.10000E+00    0.50249E-02*******          test_DN   
.4400E+00     2.000  0.343E+01   0.99667E+00   0.10000E+00    0.50249E-02*******          test_DN   
.4500E+00     2.000  0.333E+01   0.99671E+00   0.10000E+00    0.50249E-02*******          test_DN   
.4600E+00     2.000  0.323E+01   0.99686E+00   0.10000E+00    0.50249E-02*******          test_DN   
.4700E+00     2.000  0.314E+01   0.99708E+00   0.10000E+00    0.50249E-02*******          test_DN   
.4800E+00     2.000  0.305E+01   0.99722E+00   0.10000E+00    0.50249E-02*******          test_DN   
.4900E+00     2.000  0.296E+01   0.99731E+00   0.10000E+00    0.50249E-02*******          test_DN   
.5000E+00     2.000  0.288E+01   0.99752E+00   0.10000E+00    0.17692E-02*******          test_DN   
.5100E+00     2.000  0.280E+01   0.99759E+00   0.10000E+00    0.50249E-02*******          test_DN   
.5200E+00     2.000  0.273E+01   0.99763E+00   0.10000E+00    0.50249E-02*******          test_DN   
.5300E+00     2.000  0.266E+01   0.99772E+00   0.10000E+00    0.50249E-02*******          test_DN   
.5400E+00     2.000  0.259E+01   0.99766E+00   0.10000E+00    0.50249E-02*******          test_DN   
.5500E+00     2.000  0.252E+01   0.99771E+00   0.10000E+00    0.50249E-02*******          test_DN   
.5600E+00     2.000  0.245E+01   0.99768E+00   0.10000E+00    0.50249E-02*******          test_DN   
.5700E+00     2.000  0.239E+01   0.99773E+00   0.10000E+00    0.50249E-02*******          test_DN   
.5800E+00     2.000  0.233E+01   0.99755E+00   0.10000E+00    0.50249E-02*******          test_DN   
.5900E+00     2.000  0.227E+01   0.99748E+00   0.10000E+00    0.50249E-02*******          test_DN   
.6000E+00     2.000  0.222E+01   0.99745E+00   0.10000E+00    0.17692E-02*******          test_DN   
.6100E+00     2.000  0.216E+01   0.99719E+00   0.10000E+00    0.50249E-02*******          test_DN   
.6200E+00     2.000  0.211E+01   0.99698E+00   0.10000E+00    0.50249E-02*******          test_DN   
.6300E+00     2.000  0.206E+01   0.99678E+00   0.10000E+00    0.50249E-02*******          test_DN   
.6400E+00     2.000  0.201E+01   0.99645E+00   0.10000E+00    0.50249E-02*******          test_DN   
.6500E+00     2.000  0.196E+01   0.99604E+00   0.10000E+00    0.50249E-02*******          test_DN   
.6600E+00     2.000  0.191E+01   0.99564E+00   0.10000E+00    0.50249E-02*******          test_DN   
.6700E+00     2.000  0.187E+01   0.99511E+00   0.10000E+00    0.50249E-02*******          test_DN   
.6800E+00     2.000  0.182E+01   0.99461E+00   0.10000E+00    0.50249E-02*******          test_DN   
.6900E+00     2.000  0.178E+01   0.99407E+00   0.10000E+00    0.50249E-02*******          test_DN   
.7000E+00     2.000  0.174E+01   0.99335E+00   0.10000E+00    0.17692E-02*******          test_DN   
.7100E+00     2.000  0.170E+01   0.99262E+00   0.10000E+00    0.50249E-02*******          test_DN   
.7200E+00     2.000  0.166E+01   0.99179E+00   0.10000E+00    0.50249E-02*******          test_DN   
.7300E+00     2.000  0.162E+01   0.99086E+00   0.10000E+00    0.50249E-02*******          test_DN   
.7400E+00     2.000  0.158E+01   0.98979E+00   0.10000E+00    0.50249E-02*******          test_DN   
.7500E+00     2.000  0.155E+01   0.98862E+00   0.10000E+00    0.50249E-02*******          test_DN   
.7600E+00     2.000  0.151E+01   0.98725E+00   0.10000E+00    0.50249E-02*******          test_DN   
.7700E+00     2.000  0.148E+01   0.98571E+00   0.10000E+00    0.50249E-02*******          test_DN   
.7800E+00     2.000  0.145E+01   0.98398E+00   0.10000E+00    0.50249E-02*******          test_DN   
.7900E+00     2.000  0.141E+01   0.98207E+00   0.10000E+00    0.50249E-02*******          test_DN   
.8000E+00     2.000  0.138E+01   0.97980E+00   0.10000E+00    0.17692E-02*******          test_DN   
.8100E+00     2.000  0.135E+01   0.97728E+00   0.10000E+00    0.50249E-02*******          test_DN   
.8200E+00     2.000  0.132E+01   0.97434E+00   0.10000E+00    0.50249E-02*******          test_DN   
.8300E+00     2.000  0.129E+01   0.97096E+00   0.10000E+00    0.50249E-02*******          test_DN   
.8400E+00     2.000  0.126E+01   0.96707E+00   0.10000E+00    0.50249E-02*******          test_DN   
.8500E+00     2.000  0.123E+01   0.96237E+00   0.10000E+00    0.50249E-02*******          test_DN   
.8600E+00     2.000  0.121E+01   0.95547E+00   0.10000E+00    0.50249E-02*******          test_DN   
.8700E+00     2.000  0.118E+01   0.94872E+00   0.10000E+00    0.50249E-02*******          test_DN   
.8800E+00     2.000  0.115E+01   0.94059E+00   0.10000E+00    0.50249E-02*******          test_DN   
.8900E+00     2.000  0.113E+01   0.93084E+00   0.10000E+00    0.50249E-02*******          test_DN   
.9000E+00     2.000  0.110E+01   0.91916E+00   0.10000E+00    0.17692E-02*******          test_DN   
.9100E+00     2.000  0.108E+01   0.90509E+00   0.10000E+00    0.50249E-02*******          test_DN   
.9200E+00     2.000  0.106E+01   0.88815E+00   0.10000E+00    0.50249E-02*******          test_DN   
.9300E+00     2.000  0.103E+01   0.86779E+00   0.10000E+00    0.50249E-02*******          test_DN   
.9400E+00     2.000  0.101E+01   0.84354E+00   0.10000E+00    0.50249E-02*******          test_DN   
.1000E-01     5.000  0.496E+03   0.98800E+00   0.10000E+00    0.50249E-02*******          test_DN   
.2000E-01     5.000  0.246E+03   0.98984E+00   0.10000E+00    0.50249E-02*******          test_DN   
.3000E-01     5.000  0.163E+03   0.99209E+00   0.10000E+00    0.50249E-02*******          test_DN   
.4000E-01     5.000  0.121E+03   0.99173E+00   0.10000E+00    0.50249E-02*******          test_DN   
.5000E-01     5.000  0.959E+02   0.99317E+00   0.10000E+00    0.50249E-02*******          test_DN   
.6000E-01     5.000  0.792E+02   0.99320E+00   0.10000E+00    0.50249E-02*******          test_DN   
.7000E-01     5.000  0.673E+02   0.99377E+00   0.10000E+00    0.50249E-02*******          test_DN   
.8000E-01     5.000  0.584E+02   0.99411E+00   0.10000E+00    0.50249E-02*******          test_DN   
.9000E-01     5.000  0.514E+02   0.99448E+00   0.10000E+00    0.50249E-02*******          test_DN   
.1000E+00     5.000  0.459E+02   0.99461E+00   0.10000E+00    0.50249E-02*******          test_DN   
.1100E+00     5.000  0.413E+02   0.99451E+00   0.10000E+00    0.50249E-02*******          test_DN   
.1200E+00     5.000  0.375E+02   0.99467E+00   0.10000E+00    0.50249E-02*******          test_DN   
.1300E+00     5.000  0.343E+02   0.99453E+00   0.10000E+00    0.50249E-02*******          test_DN   
.1400E+00     5.000  0.316E+02   0.99490E+00   0.10000E+00    0.50249E-02*******          test_DN   
.1500E+00     5.000  0.292E+02   0.99495E+00   0.10000E+00    0.50249E-02*******          test_DN   
.1600E+00     5.000  0.271E+02   0.99492E+00   0.10000E+00    0.50249E-02*******          test_DN   
.1700E+00     5.000  0.253E+02   0.99467E+00   0.10000E+00    0.50249E-02*******          test_DN   
.1800E+00     5.000  0.237E+02   0.99473E+00   0.10000E+00    0.50249E-02*******          test_DN   
.1900E+00     5.000  0.222E+02   0.99477E+00   0.10000E+00    0.50249E-02*******          test_DN   
.2000E+00     5.000  0.209E+02   0.99466E+00   0.10000E+00    0.50249E-02*******          test_DN   
.2100E+00     5.000  0.197E+02   0.99469E+00   0.10000E+00    0.50249E-02*******          test_DN   
.2200E+00     5.000  0.186E+02   0.99459E+00   0.10000E+00    0.50249E-02*******          test_DN   
.2300E+00     5.000  0.176E+02   0.99444E+00   0.10000E+00    0.50249E-02*******          test_DN   
.2400E+00     5.000  0.167E+02   0.99436E+00   0.10000E+00    0.50249E-02*******          test_DN   
.2500E+00     5.000  0.159E+02   0.99419E+00   0.10000E+00    0.50249E-02*******          test_DN   
.2600E+00     5.000  0.151E+02   0.99419E+00   0.10000E+00    0.50249E-02*******          test_DN   
.2700E+00     5.000  0.144E+02   0.99406E+00   0.10000E+00    0.50249E-02*******          test_DN   
.2800E+00     5.000  0.137E+02   0.99380E+00   0.10000E+00    0.50249E-02*******          test_DN   
.2900E+00     5.000  0.131E+02   0.99376E+00   0.10000E+00    0.50249E-02*******          test_DN   
.3000E+00     5.000  0.125E+02   0.99305E+00   0.10000E+00    0.18868E-02*******          test_DN   
.3100E+00     5.000  0.120E+02   0.99306E+00   0.10000E+00    0.50249E-02*******          test_DN   
.3200E+00     5.000  0.115E+02   0.99290E+00   0.10000E+00    0.50249E-02*******          test_DN   
.3300E+00     5.000  0.110E+02   0.99276E+00   0.10000E+00    0.50249E-02*******          test_DN   
.3400E+00     5.000  0.106E+02   0.99270E+00   0.10000E+00    0.50249E-02*******          test_DN   
.3500E+00     5.000  0.102E+02   0.99265E+00   0.10000E+00    0.50249E-02*******          test_DN   
.3600E+00     5.000  0.977E+01   0.99266E+00   0.10000E+00    0.50249E-02*******          test_DN   
.3700E+00     5.000  0.940E+01   0.99252E+00   0.10000E+00    0.50249E-02*******          test_DN   
.3800E+00     5.000  0.904E+01   0.99252E+00   0.10000E+00    0.50249E-02*******          test_DN   
.3900E+00     5.000  0.870E+01   0.99251E+00   0.10000E+00    0.50249E-02*******          test_DN   
.4000E+00     5.000  0.838E+01   0.99264E+00   0.10000E+00    0.17692E-02*******          test_DN   
.4100E+00     5.000  0.808E+01   0.99263E+00   0.10000E+00    0.50249E-02*******          test_DN   
.4200E+00     5.000  0.779E+01   0.99277E+00   0.10000E+00    0.50249E-02*******          test_DN   
.4300E+00     5.000  0.751E+01   0.99285E+00   0.10000E+00    0.50249E-02*******          test_DN   
.4400E+00     5.000  0.725E+01   0.99311E+00   0.10000E+00    0.50249E-02*******          test_DN   
.4500E+00     5.000  0.699E+01   0.99317E+00   0.10000E+00    0.50249E-02*******          test_DN   
.4600E+00     5.000  0.675E+01   0.99340E+00   0.10000E+00    0.50249E-02*******          test_DN   
.4700E+00     5.000  0.652E+01   0.99389E+00   0.10000E+00    0.50249E-02*******          test_DN   
.4800E+00     5.000  0.630E+01   0.99412E+00   0.10000E+00    0.50249E-02*******          test_DN   
.4900E+00     5.000  0.609E+01   0.99448E+00   0.10000E+00    0.50249E-02*******          test_DN   
.5000E+00     5.000  0.588E+01   0.99486E+00   0.10000E+00    0.17692E-02*******          test_DN   
.5100E+00     5.000  0.569E+01   0.99546E+00   0.10000E+00    0.50249E-02*******          test_DN   
.5200E+00     5.000  0.550E+01   0.99594E+00   0.10000E+00    0.50249E-02*******          test_DN   
.5300E+00     5.000  0.532E+01   0.99642E+00   0.10000E+00    0.50249E-02*******          test_DN   
.5400E+00     5.000  0.514E+01   0.99712E+00   0.10000E+00    0.50249E-02*******          test_DN   
.5500E+00     5.000  0.497E+01   0.99785E+00   0.10000E+00    0.50249E-02*******          test_DN   
.5600E+00     5.000  0.481E+01   0.99842E+00   0.10000E+00    0.50249E-02*******          test_DN   
.5700E+00     5.000  0.465E+01   0.99930E+00   0.10000E+00    0.50249E-02*******          test_DN   
.5800E+00     5.000  0.450E+01   0.10001E+01   0.10000E+00    0.50249E-02*******          test_DN   
.5900E+00     5.000  0.436E+01   0.10010E+01   0.10000E+00    0.50249E-02*******          test_DN   
.6000E+00     5.000  0.422E+01   0.10020E+01   0.10000E+00    0.17692E-02*******          test_DN   
.6100E+00     5.000  0.408E+01   0.10031E+01   0.10000E+00    0.50249E-02*******          test_DN   
.6200E+00     5.000  0.395E+01   0.10042E+01   0.10000E+00    0.50249E-02*******          test_DN   
.6300E+00     5.000  0.382E+01   0.10055E+01   0.10000E+00    0.50249E-02*******          test_DN   
.6400E+00     5.000  0.369E+01   0.10068E+01   0.10000E+00    0.50249E-02*******          test_DN   
.6500E+00     5.000  0.357E+01   0.10083E+01   0.10000E+00    0.50249E-02*******          test_DN   
.6600E+00     5.000  0.346E+01   0.10100E+01   0.10000E+00    0.50249E-02*******          test_DN   
.6700E+00     5.000  0.334E+01   0.10116E+01   0.10000E+00    0.50249E-02*******          test_DN   
.6800E+00     5.000  0.323E+01   0.10135E+01   0.10000E+00    0.50249E-02*******          test_DN   
.6900E+00     5.000  0.313E+01   0.10157E+01   0.10000E+00    0.50249E-02*******          test_DN   
.7000E+00     5.000  0.302E+01   0.10178E+01   0.10000E+00    0.17692E-02*******          test_DN   
.7100E+00     5.000  0.292E+01   0.10202E+01   0.10000E+00    0.50249E-02*******          test_DN   
.7200E+00     5.000  0.283E+01   0.10228E+01   0.10000E+00    0.50249E-02*******          test_DN   
.7300E+00     5.000  0.273E+01   0.10257E+01   0.10000E+00    0.50249E-02*******          test_DN   
.7400E+00     5.000  0.264E+01   0.10288E+01   0.10000E+00    0.50249E-02*******          test_DN   
.7500E+00     5.000  0.255E+01   0.10322E+01   0.10000E+00    0.50249E-02*******          test_DN   
.7600E+00     5.000  0.246E+01   0.10359E+01   0.10000E+00    0.50249E-02*******          test_DN   
.7700E+00     5.000  0.238E+01   0.10400E+01   0.10000E+00    0.50249E-02*******          test_DN   
.7800E+00     5.000  0.229E+01   0.10445E+01   0.10000E+00    0.50249E-02*******          test_DN   
.7900E+00     5.000  0.221E+01   0.10494E+01   0.10000E+00    0.50249E-02*******          test_DN   
.8000E+00     5.000  0.213E+01   0.10547E+01   0.10000E+00    0.17692E-02*******          test_DN   
.8100E+00     5.000  0.205E+01   0.10606E+01   0.10000E+00    0.50249E-02*******          test_DN   
.8200E+00     5.000  0.198E+01   0.10671E+01   0.10000E+00    0.50249E-02*******          test_DN   
.8300E+00     5.000  0.191E+01   0.10743E+01   0.10000E+00    0.50249E-02*******          test_DN   
.8400E+00     5.000  0.183E+01   0.10821E+01   0.10000E+00    0.50249E-02*******          test_DN   
.8500E+00     5.000  0.176E+01   0.10908E+01   0.10000E+00    0.50249E-02*******          test_DN   
.8600E+00     5.000  0.170E+01   0.11000E+01   0.10000E+00    0.50249E-02*******          test_DN   
.8700E+00     5.000  0.163E+01   0.11104E+01   0.10000E+00    0.50249E-02*******          test_DN   
.8800E+00     5.000  0.156E+01   0.11218E+01   0.10000E+00    0.50249E-02*******          test_DN   
.8900E+00     5.000  0.150E+01   0.11342E+01   0.10000E+00    0.50249E-02*******          test_DN   
.9000E+00     5.000  0.144E+01   0.11476E+01   0.10000E+00    0.17692E-02*******          test_DN   
.9100E+00     5.000  0.138E+01   0.11622E+01   0.10000E+00    0.50249E-02*******          test_DN   
.9200E+00     5.000  0.132E+01   0.11776E+01   0.10000E+00    0.50249E-02*******          test_DN   
.9300E+00     5.000  0.126E+01   0.11935E+01   0.10000E+00    0.50249E-02*******          test_DN   
.9400E+00     5.000  0.120E+01   0.12099E+01   0.10000E+00    0.50249E-02*******          test_DN   
.9500E+00     5.000  0.114E+01   0.12259E+01   0.10000E+00    0.50249E-02*******          test_DN   
.9600E+00     5.000  0.109E+01   0.12410E+01   0.10000E+00    0.50249E-02*******          test_DN   
.9700E+00     5.000  0.104E+01   0.12546E+01   0.10000E+00    0.50249E-02*******          test_DN   
.1000E-01    10.000  0.991E+03   0.98912E+00   0.10000E+00    0.50249E-02*******          test_DN   
.2000E-01    10.000  0.491E+03   0.99065E+00   0.10000E+00    0.50249E-02*******          test_DN   
.3000E-01    10.000  0.324E+03   0.99294E+00   0.10000E+00    0.50249E-02*******          test_DN   
.4000E-01    10.000  0.241E+03   0.99198E+00   0.10000E+00    0.50249E-02*******          test_DN   
.5000E-01    10.000  0.191E+03   0.99381E+00   0.10000E+00    0.50249E-02*******          test_DN   
.6000E-01    10.000  0.158E+03   0.99353E+00   0.10000E+00    0.50249E-02*******          test_DN   
.7000E-01    10.000  0.134E+03   0.99425E+00   0.10000E+00    0.50249E-02*******          test_DN   
.8000E-01    10.000  0.116E+03   0.99445E+00   0.10000E+00    0.50249E-02*******          test_DN   
.9000E-01    10.000  0.102E+03   0.99486E+00   0.10000E+00    0.50249E-02*******          test_DN   
.1000E+00    10.000  0.909E+02   0.99486E+00   0.10000E+00    0.50249E-02*******          test_DN   
.1100E+00    10.000  0.818E+02   0.99483E+00   0.10000E+00    0.50249E-02*******          test_DN   
.1200E+00    10.000  0.742E+02   0.99489E+00   0.10000E+00    0.50249E-02*******          test_DN   
.1300E+00    10.000  0.678E+02   0.99465E+00   0.10000E+00    0.50249E-02*******          test_DN   
.1400E+00    10.000  0.623E+02   0.99499E+00   0.10000E+00    0.50249E-02*******          test_DN   
.1500E+00    10.000  0.575E+02   0.99494E+00   0.10000E+00    0.50249E-02*******          test_DN   
.1600E+00    10.000  0.534E+02   0.99487E+00   0.10000E+00    0.50249E-02*******          test_DN   
.1700E+00    10.000  0.497E+02   0.99455E+00   0.10000E+00    0.50249E-02*******          test_DN   
.1800E+00    10.000  0.464E+02   0.99454E+00   0.10000E+00    0.50249E-02*******          test_DN   
.1900E+00    10.000  0.435E+02   0.99453E+00   0.10000E+00    0.50249E-02*******          test_DN   
.2000E+00    10.000  0.409E+02   0.99434E+00   0.10000E+00    0.50249E-02*******          test_DN   
.2100E+00    10.000  0.385E+02   0.99431E+00   0.10000E+00    0.50249E-02*******          test_DN   
.2200E+00    10.000  0.363E+02   0.99415E+00   0.10000E+00    0.50249E-02*******          test_DN   
.2300E+00    10.000  0.344E+02   0.99395E+00   0.10000E+00    0.50249E-02*******          test_DN   
.2400E+00    10.000  0.325E+02   0.99384E+00   0.10000E+00    0.50249E-02*******          test_DN   
.2500E+00    10.000  0.309E+02   0.99359E+00   0.10000E+00    0.50249E-02*******          test_DN   
.2600E+00    10.000  0.293E+02   0.99358E+00   0.10000E+00    0.50249E-02*******          test_DN   
.2700E+00    10.000  0.279E+02   0.99341E+00   0.10000E+00    0.50249E-02*******          test_DN   
.2800E+00    10.000  0.266E+02   0.99311E+00   0.10000E+00    0.50249E-02*******          test_DN   
.2900E+00    10.000  0.254E+02   0.99305E+00   0.10000E+00    0.50249E-02*******          test_DN   
.3000E+00    10.000  0.242E+02   0.99227E+00   0.10000E+00    0.18868E-02*******          test_DN   
.3100E+00    10.000  0.231E+02   0.99230E+00   0.10000E+00    0.50249E-02*******          test_DN   
.3200E+00    10.000  0.221E+02   0.99213E+00   0.10000E+00    0.50249E-02*******          test_DN   
.3300E+00    10.000  0.212E+02   0.99200E+00   0.10000E+00    0.50249E-02*******          test_DN   
.3400E+00    10.000  0.203E+02   0.99194E+00   0.10000E+00    0.50249E-02*******          test_DN   
.3500E+00    10.000  0.195E+02   0.99186E+00   0.10000E+00    0.50249E-02*******          test_DN   
.3600E+00    10.000  0.187E+02   0.99189E+00   0.10000E+00    0.50249E-02*******          test_DN   
.3700E+00    10.000  0.179E+02   0.99175E+00   0.10000E+00    0.50249E-02*******          test_DN   
.3800E+00    10.000  0.172E+02   0.99179E+00   0.10000E+00    0.50249E-02*******          test_DN   
.3900E+00    10.000  0.165E+02   0.99177E+00   0.10000E+00    0.50249E-02*******          test_DN   
.4000E+00    10.000  0.159E+02   0.99196E+00   0.10000E+00    0.17692E-02*******          test_DN   
.4100E+00    10.000  0.153E+02   0.99197E+00   0.10000E+00    0.50249E-02*******          test_DN   
.4200E+00    10.000  0.147E+02   0.99217E+00   0.10000E+00    0.50249E-02*******          test_DN   
.4300E+00    10.000  0.141E+02   0.99233E+00   0.10000E+00    0.50249E-02*******          test_DN   
.4400E+00    10.000  0.136E+02   0.99266E+00   0.10000E+00    0.50249E-02*******          test_DN   
.4500E+00    10.000  0.131E+02   0.99282E+00   0.10000E+00    0.50249E-02*******          test_DN   
.4600E+00    10.000  0.126E+02   0.99319E+00   0.10000E+00    0.50249E-02*******          test_DN   
.4700E+00    10.000  0.122E+02   0.99366E+00   0.10000E+00    0.50249E-02*******          test_DN   
.4800E+00    10.000  0.117E+02   0.99414E+00   0.10000E+00    0.50249E-02*******          test_DN   
.4900E+00    10.000  0.113E+02   0.99467E+00   0.10000E+00    0.50249E-02*******          test_DN   
.5000E+00    10.000  0.109E+02   0.99523E+00   0.10000E+00    0.17692E-02*******          test_DN   
.5100E+00    10.000  0.105E+02   0.99600E+00   0.10000E+00    0.50249E-02*******          test_DN   
.5200E+00    10.000  0.101E+02   0.99672E+00   0.10000E+00    0.50249E-02*******          test_DN   
.5300E+00    10.000  0.975E+01   0.99751E+00   0.10000E+00    0.50249E-02*******          test_DN   
.5400E+00    10.000  0.940E+01   0.99849E+00   0.10000E+00    0.50249E-02*******          test_DN   
.5500E+00    10.000  0.906E+01   0.99959E+00   0.10000E+00    0.50249E-02*******          test_DN   
.5600E+00    10.000  0.874E+01   0.10006E+01   0.10000E+00    0.50249E-02*******          test_DN   
.5700E+00    10.000  0.843E+01   0.10020E+01   0.10000E+00    0.50249E-02*******          test_DN   
.5800E+00    10.000  0.812E+01   0.10033E+01   0.10000E+00    0.50249E-02*******          test_DN   
.5900E+00    10.000  0.783E+01   0.10049E+01   0.10000E+00    0.50249E-02*******          test_DN   
.6000E+00    10.000  0.755E+01   0.10066E+01   0.10000E+00    0.17692E-02*******          test_DN   
.6100E+00    10.000  0.728E+01   0.10083E+01   0.10000E+00    0.50249E-02*******          test_DN   
.6200E+00    10.000  0.701E+01   0.10104E+01   0.10000E+00    0.50249E-02*******          test_DN   
.6300E+00    10.000  0.675E+01   0.10126E+01   0.10000E+00    0.50249E-02*******          test_DN   
.6400E+00    10.000  0.651E+01   0.10150E+01   0.10000E+00    0.50249E-02*******          test_DN   
.6500E+00    10.000  0.627E+01   0.10177E+01   0.10000E+00    0.50249E-02*******          test_DN   
.6600E+00    10.000  0.603E+01   0.10208E+01   0.10000E+00    0.50249E-02*******          test_DN   
.6700E+00    10.000  0.581E+01   0.10239E+01   0.10000E+00    0.50249E-02*******          test_DN   
.6800E+00    10.000  0.559E+01   0.10275E+01   0.10000E+00    0.50249E-02*******          test_DN   
.6900E+00    10.000  0.537E+01   0.10315E+01   0.10000E+00    0.50249E-02*******          test_DN   
.7000E+00    10.000  0.517E+01   0.10358E+01   0.10000E+00    0.17692E-02*******          test_DN   
.7100E+00    10.000  0.497E+01   0.10406E+01   0.10000E+00    0.50249E-02*******          test_DN   
.7200E+00    10.000  0.477E+01   0.10461E+01   0.10000E+00    0.50249E-02*******          test_DN   
.7300E+00    10.000  0.458E+01   0.10519E+01   0.10000E+00    0.50249E-02*******          test_DN   
.7400E+00    10.000  0.440E+01   0.10586E+01   0.10000E+00    0.50249E-02*******          test_DN   
.7500E+00    10.000  0.422E+01   0.10661E+01   0.10000E+00    0.50249E-02*******          test_DN   
.7600E+00    10.000  0.404E+01   0.10743E+01   0.10000E+00    0.50249E-02*******          test_DN   
.7700E+00    10.000  0.387E+01   0.10837E+01   0.10000E+00    0.50249E-02*******          test_DN   
.7800E+00    10.000  0.370E+01   0.10941E+01   0.10000E+00    0.50249E-02*******          test_DN   
.7900E+00    10.000  0.354E+01   0.11058E+01   0.10000E+00    0.50249E-02*******          test_DN   
.8000E+00    10.000  0.338E+01   0.11191E+01   0.10000E+00    0.17692E-02*******          test_DN   
.8100E+00    10.000  0.323E+01   0.11341E+01   0.10000E+00    0.50249E-02*******          test_DN   
.8200E+00    10.000  0.308E+01   0.11514E+01   0.10000E+00    0.50249E-02*******          test_DN   
.8300E+00    10.000  0.293E+01   0.11711E+01   0.10000E+00    0.50249E-02*******          test_DN   
.8400E+00    10.000  0.279E+01   0.11937E+01   0.10000E+00    0.50249E-02*******          test_DN   
.8500E+00    10.000  0.265E+01   0.12199E+01   0.10000E+00    0.50249E-02*******          test_DN   
.8600E+00    10.000  0.251E+01   0.12501E+01   0.10000E+00    0.50249E-02*******          test_DN   
.8700E+00    10.000  0.238E+01   0.12853E+01   0.10000E+00    0.50249E-02*******          test_DN   
.8800E+00    10.000  0.225E+01   0.13266E+01   0.10000E+00    0.50249E-02*******          test_DN   
.8900E+00    10.000  0.212E+01   0.13755E+01   0.10000E+00    0.50249E-02*******          test_DN   
.9000E+00    10.000  0.199E+01   0.14336E+01   0.10000E+00    0.17692E-02*******          test_DN   
.9100E+00    10.000  0.187E+01   0.15031E+01   0.10000E+00    0.50249E-02*******          test_DN   
.9200E+00    10.000  0.175E+01   0.15876E+01   0.10000E+00    0.50249E-02*******          test_DN   
.9300E+00    10.000  0.163E+01   0.16905E+01   0.10000E+00    0.50249E-02*******          test_DN   
.9400E+00    10.000  0.152E+01   0.18173E+01   0.10000E+00    0.50249E-02*******          test_DN   
.9500E+00    10.000  0.141E+01   0.19775E+01   0.10000E+00    0.50249E-02*******          test_DN   
.9600E+00    10.000  0.130E+01   0.21805E+01   0.10000E+00    0.50249E-02*******          test_DN   
.9700E+00    10.000  0.119E+01   0.24413E+01   0.10000E+00    0.50249E-02*******          test_DN   
.1000E-01    50.000  0.495E+04   0.98997E+00   0.10000E+00    0.50249E-02*******          test_DN   
.2000E-01    50.000  0.245E+04   0.99102E+00   0.10000E+00    0.50249E-02*******          test_DN   
.3000E-01    50.000  0.162E+04   0.99362E+00   0.10000E+00    0.50249E-02*******          test_DN   
.4000E-01    50.000  0.120E+04   0.99143E+00   0.10000E+00    0.50249E-02*******          test_DN   
.5000E-01    50.000  0.951E+03   0.99425E+00   0.10000E+00    0.50249E-02*******          test_DN   
.6000E-01    50.000  0.784E+03   0.99340E+00   0.10000E+00    0.50249E-02*******          test_DN   
.7000E-01    50.000  0.665E+03   0.99451E+00   0.10000E+00    0.50249E-02*******          test_DN   
.8000E-01    50.000  0.576E+03   0.99450E+00   0.10000E+00    0.50249E-02*******          test_DN   
.9000E-01    50.000  0.506E+03   0.99504E+00   0.10000E+00    0.50249E-02*******          test_DN   
.1000E+00    50.000  0.451E+03   0.99488E+00   0.10000E+00    0.50249E-02*******          test_DN   
.1100E+00    50.000  0.405E+03   0.99480E+00   0.10000E+00    0.50249E-02*******          test_DN   
.1200E+00    50.000  0.368E+03   0.99487E+00   0.10000E+00    0.50249E-02*******          test_DN   
.1300E+00    50.000  0.335E+03   0.99455E+00   0.10000E+00    0.50249E-02*******          test_DN   
.1400E+00    50.000  0.308E+03   0.99487E+00   0.10000E+00    0.50249E-02*******          test_DN   
.1500E+00    50.000  0.284E+03   0.99470E+00   0.10000E+00    0.50249E-02*******          test_DN   
.1600E+00    50.000  0.263E+03   0.99460E+00   0.10000E+00    0.50249E-02*******          test_DN   
.1700E+00    50.000  0.245E+03   0.99420E+00   0.10000E+00    0.50249E-02*******          test_DN   
.1800E+00    50.000  0.229E+03   0.99412E+00   0.10000E+00    0.50249E-02*******          test_DN   
.1900E+00    50.000  0.214E+03   0.99407E+00   0.10000E+00    0.50249E-02*******          test_DN   
.2000E+00    50.000  0.201E+03   0.99379E+00   0.10000E+00    0.50249E-02*******          test_DN   
.2100E+00    50.000  0.189E+03   0.99373E+00   0.10000E+00    0.50249E-02*******          test_DN   
.2200E+00    50.000  0.178E+03   0.99354E+00   0.10000E+00    0.50249E-02*******          test_DN   
.2300E+00    50.000  0.168E+03   0.99330E+00   0.10000E+00    0.50249E-02*******          test_DN   
.2400E+00    50.000  0.159E+03   0.99318E+00   0.10000E+00    0.50249E-02*******          test_DN   
.2500E+00    50.000  0.151E+03   0.99289E+00   0.10000E+00    0.50249E-02*******          test_DN   
.2600E+00    50.000  0.143E+03   0.99288E+00   0.10000E+00    0.50249E-02*******          test_DN   
.2700E+00    50.000  0.136E+03   0.99271E+00   0.10000E+00    0.50249E-02*******          test_DN   
.2800E+00    50.000  0.129E+03   0.99242E+00   0.10000E+00    0.50249E-02*******          test_DN   
.2900E+00    50.000  0.123E+03   0.99242E+00   0.10000E+00    0.50249E-02*******          test_DN   
.3000E+00    50.000  0.118E+03   0.99164E+00   0.10000E+00    0.18868E-02*******          test_DN   
.3100E+00    50.000  0.112E+03   0.99174E+00   0.10000E+00    0.50249E-02*******          test_DN   
.3200E+00    50.000  0.107E+03   0.99165E+00   0.10000E+00    0.50249E-02*******          test_DN   
.3300E+00    50.000  0.102E+03   0.99161E+00   0.10000E+00    0.50249E-02*******          test_DN   
.3400E+00    50.000  0.979E+02   0.99163E+00   0.10000E+00    0.50249E-02*******          test_DN   
.3500E+00    50.000  0.937E+02   0.99162E+00   0.10000E+00    0.50249E-02*******          test_DN   
.3600E+00    50.000  0.898E+02   0.99175E+00   0.10000E+00    0.50249E-02*******          test_DN   
.3700E+00    50.000  0.860E+02   0.99170E+00   0.10000E+00    0.50249E-02*******          test_DN   
.3800E+00    50.000  0.825E+02   0.99189E+00   0.10000E+00    0.50249E-02*******          test_DN   
.3900E+00    50.000  0.791E+02   0.99196E+00   0.10000E+00    0.50249E-02*******          test_DN   
.4000E+00    50.000  0.759E+02   0.99232E+00   0.10000E+00    0.17692E-02*******          test_DN   
.4100E+00    50.000  0.728E+02   0.99247E+00   0.10000E+00    0.50249E-02*******          test_DN   
.4200E+00    50.000  0.699E+02   0.99285E+00   0.10000E+00    0.50249E-02*******          test_DN   
.4300E+00    50.000  0.672E+02   0.99319E+00   0.10000E+00    0.50249E-02*******          test_DN   
.4400E+00    50.000  0.645E+02   0.99374E+00   0.10000E+00    0.50249E-02*******          test_DN   
.4500E+00    50.000  0.620E+02   0.99412E+00   0.10000E+00    0.50249E-02*******          test_DN   
.4600E+00    50.000  0.596E+02   0.99473E+00   0.10000E+00    0.50249E-02*******          test_DN   
.4700E+00    50.000  0.573E+02   0.99538E+00   0.10000E+00    0.50249E-02*******          test_DN   
.4800E+00    50.000  0.550E+02   0.99624E+00   0.10000E+00    0.50249E-02*******          test_DN   
.4900E+00    50.000  0.529E+02   0.99708E+00   0.10000E+00    0.50249E-02*******          test_DN   
.5000E+00    50.000  0.509E+02   0.99802E+00   0.10000E+00    0.17692E-02*******          test_DN   
.5100E+00    50.000  0.489E+02   0.99911E+00   0.10000E+00    0.50249E-02*******          test_DN   
.5200E+00    50.000  0.470E+02   0.10003E+01   0.10000E+00    0.50249E-02*******          test_DN   
.5300E+00    50.000  0.452E+02   0.10016E+01   0.10000E+00    0.50249E-02*******          test_DN   
.5400E+00    50.000  0.435E+02   0.10030E+01   0.10000E+00    0.50249E-02*******          test_DN   
.5500E+00    50.000  0.418E+02   0.10047E+01   0.10000E+00    0.50249E-02*******          test_DN   
.5600E+00    50.000  0.402E+02   0.10065E+01   0.10000E+00    0.50249E-02*******          test_DN   
.5700E+00    50.000  0.386E+02   0.10085E+01   0.10000E+00    0.50249E-02*******          test_DN   
.5800E+00    50.000  0.371E+02   0.10107E+01   0.10000E+00    0.50249E-02*******          test_DN   
.5900E+00    50.000  0.356E+02   0.10132E+01   0.10000E+00    0.50249E-02*******          test_DN   
.6000E+00    50.000  0.342E+02   0.10158E+01   0.10000E+00    0.17692E-02*******          test_DN   
.6100E+00    50.000  0.328E+02   0.10188E+01   0.10000E+00    0.50249E-02*******          test_DN   
.6200E+00    50.000  0.315E+02   0.10222E+01   0.10000E+00    0.50249E-02*******          test_DN   
.6300E+00    50.000  0.302E+02   0.10259E+01   0.10000E+00    0.50249E-02*******          test_DN   
.6400E+00    50.000  0.290E+02   0.10298E+01   0.10000E+00    0.50249E-02*******          test_DN   
.6500E+00    50.000  0.278E+02   0.10344E+01   0.10000E+00    0.50249E-02*******          test_DN   
.6600E+00    50.000  0.266E+02   0.10395E+01   0.10000E+00    0.50249E-02*******          test_DN   
.6700E+00    50.000  0.255E+02   0.10451E+01   0.10000E+00    0.50249E-02*******          test_DN   
.6800E+00    50.000  0.244E+02   0.10515E+01   0.10000E+00    0.50249E-02*******          test_DN   
.6900E+00    50.000  0.233E+02   0.10585E+01   0.10000E+00    0.50249E-02*******          test_DN   
.7000E+00    50.000  0.223E+02   0.10665E+01   0.10000E+00    0.17692E-02*******          test_DN   
.7100E+00    50.000  0.213E+02   0.10754E+01   0.10000E+00    0.50249E-02*******          test_DN   
.7200E+00    50.000  0.203E+02   0.10856E+01   0.10000E+00    0.50249E-02*******          test_DN   
.7300E+00    50.000  0.194E+02   0.10969E+01   0.10000E+00    0.50249E-02*******          test_DN   
.7400E+00    50.000  0.184E+02   0.11102E+01   0.10000E+00    0.50249E-02*******          test_DN   
.7500E+00    50.000  0.175E+02   0.11251E+01   0.10000E+00    0.50249E-02*******          test_DN   
.7600E+00    50.000  0.167E+02   0.11423E+01   0.10000E+00    0.50249E-02*******          test_DN   
.7700E+00    50.000  0.158E+02   0.11621E+01   0.10000E+00    0.50249E-02*******          test_DN   
.7800E+00    50.000  0.150E+02   0.11849E+01   0.10000E+00    0.50249E-02*******          test_DN   
.7900E+00    50.000  0.142E+02   0.12116E+01   0.10000E+00    0.50249E-02*******          test_DN   
.8000E+00    50.000  0.134E+02   0.12429E+01   0.10000E+00    0.17692E-02*******          test_DN   
.8100E+00    50.000  0.126E+02   0.12799E+01   0.10000E+00    0.50249E-02*******          test_DN   
.8200E+00    50.000  0.119E+02   0.13240E+01   0.10000E+00    0.50249E-02*******          test_DN   
.8300E+00    50.000  0.111E+02   0.13768E+01   0.10000E+00    0.50249E-02*******          test_DN   
.8400E+00    50.000  0.104E+02   0.14407E+01   0.10000E+00    0.50249E-02*******          test_DN   
.8500E+00    50.000  0.971E+01   0.15192E+01   0.10000E+00    0.50249E-02*******          test_DN   
.8600E+00    50.000  0.902E+01   0.16162E+01   0.10000E+00    0.50249E-02*******          test_DN   
.8700E+00    50.000  0.835E+01   0.17390E+01   0.10000E+00    0.50249E-02*******          test_DN   
.8800E+00    50.000  0.770E+01   0.18960E+01   0.10000E+00    0.50249E-02*******          test_DN   
.8900E+00    50.000  0.706E+01   0.21002E+01   0.10000E+00    0.50249E-02*******          test_DN   
.9000E+00    50.000  0.644E+01   0.23760E+01   0.10000E+00    0.17692E-02*******          test_DN   
.9100E+00    50.000  0.583E+01   0.27521E+01   0.10000E+00    0.50249E-02*******          test_DN   
.9200E+00    50.000  0.523E+01   0.32907E+01   0.10000E+00    0.50249E-02*******          test_DN   
.9300E+00    50.000  0.465E+01   0.40959E+01   0.10000E+00    0.50249E-02*******          test_DN   
.9400E+00    50.000  0.407E+01   0.53245E+01   0.10000E+00    0.50249E-02*******          test_DN   
.9500E+00    50.000  0.351E+01   0.74877E+01   0.10000E+00    0.50249E-02*******          test_DN   
.9600E+00    50.000  0.297E+01   0.11422E+02   0.10000E+00    0.50249E-02*******          test_DN   
.9700E+00    50.000  0.243E+01   0.19497E+02   0.10000E+00    0.50249E-02*******          test_DN   
.1000E-01   100.000  0.990E+04   0.98999E+00   0.10000E+00    0.50249E-02*******          test_DN   
.2000E-01   100.000  0.490E+04   0.99091E+00   0.10000E+00    0.50249E-02*******          test_DN   
.3000E-01   100.000  0.323E+04   0.99366E+00   0.10000E+00    0.50249E-02*******          test_DN   
.4000E-01   100.000  0.240E+04   0.99099E+00   0.10000E+00    0.50249E-02*******          test_DN   
.5000E-01   100.000  0.190E+04   0.99423E+00   0.10000E+00    0.50249E-02*******          test_DN   
.6000E-01   100.000  0.157E+04   0.99321E+00   0.10000E+00    0.50249E-02*******          test_DN   
.7000E-01   100.000  0.133E+04   0.99446E+00   0.10000E+00    0.50249E-02*******          test_DN   
.8000E-01   100.000  0.115E+04   0.99438E+00   0.10000E+00    0.50249E-02*******          test_DN   
.9000E-01   100.000  0.101E+04   0.99497E+00   0.10000E+00    0.50249E-02*******          test_DN   
.1000E+00   100.000  0.901E+03   0.99477E+00   0.10000E+00    0.50249E-02*******          test_DN   
.1100E+00   100.000  0.810E+03   0.99472E+00   0.10000E+00    0.50249E-02*******          test_DN   
.1200E+00   100.000  0.734E+03   0.99478E+00   0.10000E+00    0.50249E-02*******          test_DN   
.1300E+00   100.000  0.670E+03   0.99444E+00   0.10000E+00    0.50249E-02*******          test_DN   
.1400E+00   100.000  0.615E+03   0.99475E+00   0.10000E+00    0.50249E-02*******          test_DN   
.1500E+00   100.000  0.568E+03   0.99455E+00   0.10000E+00    0.50249E-02*******          test_DN   
.1600E+00   100.000  0.526E+03   0.99446E+00   0.10000E+00    0.50249E-02*******          test_DN   
.1700E+00   100.000  0.489E+03   0.99405E+00   0.10000E+00    0.50249E-02*******          test_DN   
.1800E+00   100.000  0.456E+03   0.99396E+00   0.10000E+00    0.50249E-02*******          test_DN   
.1900E+00   100.000  0.427E+03   0.99391E+00   0.10000E+00    0.50249E-02*******          test_DN   
.2000E+00   100.000  0.401E+03   0.99361E+00   0.10000E+00    0.50249E-02*******          test_DN   
.2100E+00   100.000  0.377E+03   0.99356E+00   0.10000E+00    0.50249E-02*******          test_DN   
.2200E+00   100.000  0.355E+03   0.99336E+00   0.10000E+00    0.50249E-02*******          test_DN   
.2300E+00   100.000  0.336E+03   0.99313E+00   0.10000E+00    0.50249E-02*******          test_DN   
.2400E+00   100.000  0.318E+03   0.99301E+00   0.10000E+00    0.50249E-02*******          test_DN   
.2500E+00   100.000  0.301E+03   0.99273E+00   0.10000E+00    0.50249E-02*******          test_DN   
.2600E+00   100.000  0.285E+03   0.99274E+00   0.10000E+00    0.50249E-02*******          test_DN   
.2700E+00   100.000  0.271E+03   0.99257E+00   0.10000E+00    0.50249E-02*******          test_DN   
.2800E+00   100.000  0.258E+03   0.99231E+00   0.10000E+00    0.50249E-02*******          test_DN   
.2900E+00   100.000  0.246E+03   0.99233E+00   0.10000E+00    0.50249E-02*******          test_DN   
.3000E+00   100.000  0.234E+03   0.99158E+00   0.10000E+00    0.18868E-02*******          test_DN   
.3100E+00   100.000  0.223E+03   0.99172E+00   0.10000E+00    0.50249E-02*******          test_DN   
.3200E+00   100.000  0.213E+03   0.99166E+00   0.10000E+00    0.50249E-02*******          test_DN   
.3300E+00   100.000  0.204E+03   0.99166E+00   0.10000E+00    0.50249E-02*******          test_DN   
.3400E+00   100.000  0.195E+03   0.99172E+00   0.10000E+00    0.50249E-02*******          test_DN   
.3500E+00   100.000  0.187E+03   0.99175E+00   0.10000E+00    0.50249E-02*******          test_DN   
.3600E+00   100.000  0.179E+03   0.99193E+00   0.10000E+00    0.50249E-02*******          test_DN   
.3700E+00   100.000  0.171E+03   0.99193E+00   0.10000E+00    0.50249E-02*******          test_DN   
.3800E+00   100.000  0.164E+03   0.99216E+00   0.10000E+00    0.50249E-02*******          test_DN   
.3900E+00   100.000  0.157E+03   0.99230E+00   0.10000E+00    0.50249E-02*******          test_DN   
.4000E+00   100.000  0.151E+03   0.99273E+00   0.10000E+00    0.17692E-02*******          test_DN   
.4100E+00   100.000  0.145E+03   0.99294E+00   0.10000E+00    0.50249E-02*******          test_DN   
.4200E+00   100.000  0.139E+03   0.99340E+00   0.10000E+00    0.50249E-02*******          test_DN   
.4300E+00   100.000  0.133E+03   0.99381E+00   0.10000E+00    0.50249E-02*******          test_DN   
.4400E+00   100.000  0.128E+03   0.99445E+00   0.10000E+00    0.50249E-02*******          test_DN   
.4500E+00   100.000  0.123E+03   0.99492E+00   0.10000E+00    0.50249E-02*******          test_DN   
.4600E+00   100.000  0.118E+03   0.99562E+00   0.10000E+00    0.50249E-02*******          test_DN   
.4700E+00   100.000  0.114E+03   0.99637E+00   0.10000E+00    0.50249E-02*******          test_DN   
.4800E+00   100.000  0.109E+03   0.99733E+00   0.10000E+00    0.50249E-02*******          test_DN   
.4900E+00   100.000  0.105E+03   0.99830E+00   0.10000E+00    0.50249E-02*******          test_DN   
.5000E+00   100.000  0.101E+03   0.99936E+00   0.10000E+00    0.17692E-02*******          test_DN   
.5100E+00   100.000  0.970E+02   0.10006E+01   0.10000E+00    0.50249E-02*******          test_DN   
.5200E+00   100.000  0.932E+02   0.10019E+01   0.10000E+00    0.50249E-02*******          test_DN   
.5300E+00   100.000  0.896E+02   0.10034E+01   0.10000E+00    0.50249E-02*******          test_DN   
.5400E+00   100.000  0.861E+02   0.10050E+01   0.10000E+00    0.50249E-02*******          test_DN   
.5500E+00   100.000  0.827E+02   0.10069E+01   0.10000E+00    0.50249E-02*******          test_DN   
.5600E+00   100.000  0.795E+02   0.10088E+01   0.10000E+00    0.50249E-02*******          test_DN   
.5700E+00   100.000  0.763E+02   0.10111E+01   0.10000E+00    0.50249E-02*******          test_DN   
.5800E+00   100.000  0.733E+02   0.10135E+01   0.10000E+00    0.50249E-02*******          test_DN   
.5900E+00   100.000  0.704E+02   0.10163E+01   0.10000E+00    0.50249E-02*******          test_DN   
.6000E+00   100.000  0.675E+02   0.10192E+01   0.10000E+00    0.17692E-02*******          test_DN   
.6100E+00   100.000  0.648E+02   0.10225E+01   0.10000E+00    0.50249E-02*******          test_DN   
.6200E+00   100.000  0.622E+02   0.10263E+01   0.10000E+00    0.50249E-02*******          test_DN   
.6300E+00   100.000  0.596E+02   0.10304E+01   0.10000E+00    0.50249E-02*******          test_DN   
.6400E+00   100.000  0.571E+02   0.10348E+01   0.10000E+00    0.50249E-02*******          test_DN   
.6500E+00   100.000  0.547E+02   0.10399E+01   0.10000E+00    0.50249E-02*******          test_DN   
.6600E+00   100.000  0.524E+02   0.10456E+01   0.10000E+00    0.50249E-02*******          test_DN   
.6700E+00   100.000  0.501E+02   0.10519E+01   0.10000E+00    0.50249E-02*******          test_DN   
.6800E+00   100.000  0.479E+02   0.10590E+01   0.10000E+00    0.50249E-02*******          test_DN   
.6900E+00   100.000  0.458E+02   0.10669E+01   0.10000E+00    0.50249E-02*******          test_DN   
.7000E+00   100.000  0.437E+02   0.10759E+01   0.10000E+00    0.17692E-02*******          test_DN   
.7100E+00   100.000  0.417E+02   0.10859E+01   0.10000E+00    0.50249E-02*******          test_DN   
.7200E+00   100.000  0.398E+02   0.10975E+01   0.10000E+00    0.50249E-02*******          test_DN   
.7300E+00   100.000  0.379E+02   0.11104E+01   0.10000E+00    0.50249E-02*******          test_DN   
.7400E+00   100.000  0.360E+02   0.11254E+01   0.10000E+00    0.50249E-02*******          test_DN   
.7500E+00   100.000  0.342E+02   0.11424E+01   0.10000E+00    0.50249E-02*******          test_DN   
.7600E+00   100.000  0.325E+02   0.11622E+01   0.10000E+00    0.50249E-02*******          test_DN   
.7700E+00   100.000  0.308E+02   0.11850E+01   0.10000E+00    0.50249E-02*******          test_DN   
.7800E+00   100.000  0.291E+02   0.12114E+01   0.10000E+00    0.50249E-02*******          test_DN   
.7900E+00   100.000  0.275E+02   0.12426E+01   0.10000E+00    0.50249E-02*******          test_DN   
.8000E+00   100.000  0.259E+02   0.12793E+01   0.10000E+00    0.17692E-02*******          test_DN   
.8100E+00   100.000  0.243E+02   0.13230E+01   0.10000E+00    0.50249E-02*******          test_DN   
.8200E+00   100.000  0.228E+02   0.13755E+01   0.10000E+00    0.50249E-02*******          test_DN   
.8300E+00   100.000  0.214E+02   0.14386E+01   0.10000E+00    0.50249E-02*******          test_DN   
.8400E+00   100.000  0.199E+02   0.15167E+01   0.10000E+00    0.50249E-02*******          test_DN   
.8500E+00   100.000  0.185E+02   0.16129E+01   0.10000E+00    0.50249E-02*******          test_DN   
.8600E+00   100.000  0.172E+02   0.17341E+01   0.10000E+00    0.50249E-02*******          test_DN   
.8700E+00   100.000  0.158E+02   0.18900E+01   0.10000E+00    0.50249E-02*******          test_DN   
.8800E+00   100.000  0.145E+02   0.20914E+01   0.10000E+00    0.50249E-02*******          test_DN   
.8900E+00   100.000  0.132E+02   0.23639E+01   0.10000E+00    0.50249E-02*******          test_DN   
.9000E+00   100.000  0.120E+02   0.27373E+01   0.10000E+00    0.17692E-02*******          test_DN   
.9100E+00   100.000  0.108E+02   0.32645E+01   0.10000E+00    0.50249E-02*******          test_DN   
.9200E+00   100.000  0.958E+01   0.40612E+01   0.10000E+00    0.50249E-02*******          test_DN   
.9300E+00   100.000  0.841E+01   0.52826E+01   0.10000E+00    0.50249E-02*******          test_DN   
.9400E+00   100.000  0.726E+01   0.73792E+01   0.10000E+00    0.50249E-02*******          test_DN   
.9500E+00   100.000  0.614E+01   0.11275E+02   0.10000E+00    0.50249E-02*******          test_DN   
.9600E+00   100.000  0.505E+01   0.18897E+02   0.10000E+00    0.50249E-02*******          test_DN   
.9700E+00   100.000  0.397E+01   0.40839E+02   0.10000E+00    0.50249E-02*******          test_DN   



 CHI SQUARE=******** FOR  482 POINTS   CHISQ/NPTS=********
 Signed chisquare total =********
 Modified residual =********



     X        Q2         W2       THEORY         DATA         ERROR        chi^2     _w    ITYPE
.7000E-01     2.010  0.276E+02   0.34609E+00   0.38220E+00    0.16254E-01  -4.93          slac_p_reb
.1000E+00     1.810  0.172E+02   0.34687E+00   0.35570E+00    0.62968E-02  -1.96          slac_p_reb
.1000E+00     1.990  0.188E+02   0.34999E+00   0.35110E+00    0.57801E-02  -0.04          slac_p_reb
.1000E+00     2.150  0.202E+02   0.35268E+00   0.36540E+00    0.12542E-01  -1.03          slac_p_reb
.1000E+00     2.380  0.223E+02   0.35603E+00   0.35960E+00    0.10230E-01  -0.12          slac_p_reb
.1000E+00     2.930  0.273E+02   0.36191E+00   0.36410E+00    0.13406E-01  -0.03          slac_p_reb
.1000E+00     3.340  0.309E+02   0.36515E+00   0.32070E+00    0.22432E-01   3.93          slac_p_reb
.1400E+00     1.750  0.116E+02   0.34637E+00   0.34880E+00    0.47202E-02  -0.27          slac_p_reb
.1400E+00     2.040  0.134E+02   0.35002E+00   0.34350E+00    0.13059E-01   0.25          slac_p_reb
.1400E+00     2.190  0.143E+02   0.35165E+00   0.34920E+00    0.54644E-02   0.20          slac_p_reb
.1400E+00     2.370  0.154E+02   0.35334E+00   0.35730E+00    0.58052E-02  -0.47          slac_p_reb
.1400E+00     2.580  0.167E+02   0.35486E+00   0.35010E+00    0.99489E-02   0.23          slac_p_reb
.1400E+00     2.810  0.181E+02   0.35628E+00   0.36190E+00    0.11528E-01  -0.24          slac_p_reb
.1400E+00     3.000  0.193E+02   0.35722E+00   0.35940E+00    0.12448E-01  -0.03          slac_p_reb
.1400E+00     3.310  0.212E+02   0.35854E+00   0.34720E+00    0.10371E-01   1.20          slac_p_reb
.1400E+00     3.770  0.240E+02   0.35995E+00   0.35850E+00    0.11715E-01   0.02          slac_p_reb
.1400E+00     4.180  0.266E+02   0.36094E+00   0.35070E+00    0.15543E-01   0.43          slac_p_reb
.1800E+00     1.890  0.949E+01   0.34307E+00   0.34320E+00    0.47202E-02  -0.00          slac_p_reb
.1800E+00     2.150  0.107E+02   0.34517E+00   0.35190E+00    0.72471E-02  -0.86          slac_p_reb
.1800E+00     2.560  0.125E+02   0.34733E+00   0.34030E+00    0.52326E-02   1.80          slac_p_reb
.1800E+00     2.720  0.133E+02   0.34789E+00   0.34560E+00    0.85586E-02   0.07          slac_p_reb
.1800E+00     3.010  0.146E+02   0.34861E+00   0.36770E+00    0.12530E-01  -2.32          slac_p_reb
.1800E+00     3.250  0.157E+02   0.34903E+00   0.35500E+00    0.91049E-02  -0.43          slac_p_reb
.1800E+00     3.540  0.170E+02   0.34937E+00   0.34410E+00    0.86400E-02   0.37          slac_p_reb
.1800E+00     4.140  0.197E+02   0.34967E+00   0.34380E+00    0.72719E-02   0.65          slac_p_reb
.1800E+00     4.590  0.218E+02   0.34968E+00   0.32100E+00    0.13857E-01   4.28          slac_p_reb
.1800E+00     5.100  0.241E+02   0.34957E+00   0.35470E+00    0.88600E-02  -0.33          slac_p_reb
.1800E+00     5.440  0.257E+02   0.34943E+00   0.33300E+00    0.10986E-01   2.24          slac_p_reb
.2300E+00     1.730  0.667E+01   0.32855E+00   0.33510E+00    0.65460E-02  -1.00          slac_p_reb
.2300E+00     2.020  0.764E+01   0.33039E+00   0.33090E+00    0.48765E-02  -0.01          slac_p_reb
.2300E+00     2.290  0.855E+01   0.33141E+00   0.33700E+00    0.59464E-02  -0.88          slac_p_reb
.2300E+00     2.500  0.925E+01   0.33180E+00   0.34030E+00    0.61294E-02  -1.92          slac_p_reb
.2300E+00     2.920  0.107E+02   0.33198E+00   0.33430E+00    0.54489E-02  -0.18          slac_p_reb
.2300E+00     3.300  0.119E+02   0.33174E+00   0.34030E+00    0.73355E-02  -1.36          slac_p_reb
.2300E+00     3.620  0.130E+02   0.33136E+00   0.32740E+00    0.10770E-01   0.14          slac_p_reb
.2300E+00     3.970  0.142E+02   0.33084E+00   0.33140E+00    0.67941E-02  -0.01          slac_p_reb
.2300E+00     4.480  0.159E+02   0.32998E+00   0.33350E+00    0.74626E-02  -0.22          slac_p_reb
.2300E+00     5.150  0.181E+02   0.32877E+00   0.32760E+00    0.87983E-02   0.02          slac_p_reb
.2300E+00     5.700  0.200E+02   0.32777E+00   0.32240E+00    0.89376E-02   0.36          slac_p_reb
.2300E+00     6.170  0.215E+02   0.32692E+00   0.31880E+00    0.76485E-02   1.13          slac_p_reb
.2300E+00     7.310  0.254E+02   0.32497E+00   0.28280E+00    0.23122E-01   3.33          slac_p_reb
.2800E+00     1.790  0.548E+01   0.30880E+00   0.31650E+00    0.49193E-02  -2.45          slac_p_reb
.2800E+00     2.110  0.631E+01   0.30959E+00   0.31630E+00    0.52697E-02  -1.62          slac_p_reb
.2800E+00     2.340  0.690E+01   0.30965E+00   0.31310E+00    0.66212E-02  -0.27          slac_p_reb
.2800E+00     2.530  0.739E+01   0.30946E+00   0.31250E+00    0.73573E-02  -0.17          slac_p_reb
.2800E+00     2.710  0.785E+01   0.30915E+00   0.30730E+00    0.61717E-02   0.09          slac_p_reb
.2800E+00     2.890  0.831E+01   0.30876E+00   0.31350E+00    0.41340E-02  -1.32          slac_p_reb
.2800E+00     3.090  0.883E+01   0.30825E+00   0.30730E+00    0.96167E-02   0.01          slac_p_reb
.2800E+00     3.480  0.983E+01   0.30712E+00   0.30380E+00    0.46669E-02   0.51          slac_p_reb
.2800E+00     3.700  0.104E+02   0.30644E+00   0.30310E+00    0.97801E-02   0.12          slac_p_reb
.2800E+00     4.300  0.119E+02   0.30454E+00   0.30120E+00    0.55803E-02   0.36          slac_p_reb
.2800E+00     4.770  0.131E+02   0.30306E+00   0.29910E+00    0.53075E-02   0.56          slac_p_reb
.2800E+00     5.270  0.144E+02   0.30154E+00   0.30020E+00    0.45000E-02   0.09          slac_p_reb
.2800E+00     6.040  0.164E+02   0.29933E+00   0.30590E+00    0.73539E-02  -0.80          slac_p_reb
.2800E+00     6.740  0.182E+02   0.29747E+00   0.29550E+00    0.93477E-02   0.04          slac_p_reb
.2800E+00     7.730  0.208E+02   0.29504E+00   0.29020E+00    0.76007E-02   0.41          slac_p_reb
.2800E+00     8.220  0.220E+02   0.29394E+00   0.28320E+00    0.17018E-01   0.40          slac_p_reb
.3500E+00     1.830  0.428E+01   0.27266E+00   0.27730E+00    0.71512E-02  -0.42          slac_p_reb
.3500E+00     1.980  0.456E+01   0.27223E+00   0.26930E+00    0.34000E-02   0.74          slac_p_reb
.3500E+00     2.180  0.493E+01   0.27154E+00   0.26950E+00    0.27785E-02   0.54          slac_p_reb
.3500E+00     2.490  0.551E+01   0.27010E+00   0.26830E+00    0.75895E-02   0.06          slac_p_reb
.3500E+00     2.790  0.606E+01   0.26851E+00   0.26820E+00    0.63530E-02   0.00          slac_p_reb
.3500E+00     3.120  0.668E+01   0.26672E+00   0.26550E+00    0.26401E-02   0.21          slac_p_reb
.3500E+00     3.360  0.712E+01   0.26540E+00   0.26980E+00    0.84481E-02  -0.27          slac_p_reb
.3500E+00     3.740  0.783E+01   0.26338E+00   0.26310E+00    0.37643E-02   0.01          slac_p_reb
.3500E+00     4.150  0.859E+01   0.26128E+00   0.26550E+00    0.31890E-02  -1.75          slac_p_reb
.3500E+00     5.110  0.104E+02   0.25681E+00   0.25830E+00    0.40460E-02  -0.14          slac_p_reb
.3500E+00     5.660  0.114E+02   0.25453E+00   0.26110E+00    0.54037E-02  -1.48          slac_p_reb
.3500E+00     6.060  0.121E+02   0.25296E+00   0.24960E+00    0.30480E-02   1.21          slac_p_reb
.3500E+00     6.580  0.131E+02   0.25108E+00   0.25480E+00    0.52345E-02  -0.51          slac_p_reb
.3500E+00     7.370  0.146E+02   0.24844E+00   0.24810E+00    0.43046E-02   0.01          slac_p_reb
.3500E+00     8.150  0.160E+02   0.24610E+00   0.24060E+00    0.47508E-02   1.34          slac_p_reb
.3500E+00     9.340  0.182E+02   0.24291E+00   0.23510E+00    0.63640E-02   1.51          slac_p_reb
.3500E+00     9.990  0.194E+02   0.24135E+00   0.23740E+00    0.64031E-02   0.38          slac_p_reb
.3500E+00    10.950  0.212E+02   0.23922E+00   0.24740E+00    0.11353E-01  -0.52          slac_p_reb
.4500E+00     1.870  0.317E+01   0.21767E+00   0.22260E+00    0.75273E-02  -0.43          slac_p_reb
.4500E+00     2.010  0.334E+01   0.21566E+00   0.20910E+00    0.53488E-02   1.51          slac_p_reb
.4500E+00     2.290  0.368E+01   0.21201E+00   0.21200E+00    0.23022E-02   0.00          slac_p_reb
.4500E+00     2.440  0.386E+01   0.21017E+00   0.20620E+00    0.28653E-02   1.92          slac_p_reb
.4500E+00     2.650  0.412E+01   0.20773E+00   0.20520E+00    0.36359E-02   0.48          slac_p_reb
.4500E+00     3.390  0.503E+01   0.20027E+00   0.20160E+00    0.20000E-02  -0.44          slac_p_reb
.4500E+00     3.750  0.547E+01   0.19722E+00   0.19870E+00    0.30529E-02  -0.24          slac_p_reb
.4500E+00     4.720  0.665E+01   0.19027E+00   0.19360E+00    0.22023E-02  -2.29          slac_p_reb
.4500E+00     5.280  0.734E+01   0.18695E+00   0.18810E+00    0.31145E-02  -0.14          slac_p_reb
.4500E+00     5.680  0.782E+01   0.18481E+00   0.18670E+00    0.27803E-02  -0.46          slac_p_reb
.4500E+00     6.070  0.830E+01   0.18286E+00   0.18300E+00    0.58181E-02  -0.00          slac_p_reb
.4500E+00     6.550  0.889E+01   0.18070E+00   0.18010E+00    0.22627E-02   0.07          slac_p_reb
.4500E+00     7.090  0.955E+01   0.17847E+00   0.17830E+00    0.24413E-02   0.00          slac_p_reb
.4500E+00     7.840  0.105E+02   0.17567E+00   0.18040E+00    0.58669E-02  -0.65          slac_p_reb
.4500E+00     8.440  0.112E+02   0.17367E+00   0.17170E+00    0.31890E-02   0.38          slac_p_reb
.4500E+00     9.440  0.124E+02   0.17066E+00   0.17110E+00    0.27785E-02  -0.02          slac_p_reb
.4500E+00    10.800  0.141E+02   0.16719E+00   0.16790E+00    0.33541E-02  -0.05          slac_p_reb
.4500E+00    11.600  0.151E+02   0.16537E+00   0.16600E+00    0.44204E-02  -0.02          slac_p_reb
.4500E+00    12.580  0.163E+02   0.16335E+00   0.16340E+00    0.41677E-02  -0.00          slac_p_reb
.4500E+00    15.010  0.192E+02   0.15909E+00   0.15680E+00    0.14849E-01   0.02          slac_p_reb
.4500E+00    16.360  0.209E+02   0.15709E+00   0.16380E+00    0.12043E-01  -0.31          slac_p_reb
.5500E+00     2.770  0.315E+01   0.15025E+00   0.14770E+00    0.27731E-02   0.85          slac_p_reb
.5500E+00     3.470  0.372E+01   0.14036E+00   0.13890E+00    0.22672E-02   0.41          slac_p_reb
.5500E+00     3.740  0.394E+01   0.13730E+00   0.13960E+00    0.43966E-02  -0.27          slac_p_reb
.5500E+00     4.040  0.419E+01   0.13422E+00   0.13210E+00    0.15556E-02   1.85          slac_p_reb
.5500E+00     4.800  0.481E+01   0.12781E+00   0.12870E+00    0.37336E-02  -0.06          slac_p_reb
.5500E+00     5.320  0.523E+01   0.12423E+00   0.12450E+00    0.26077E-02  -0.01          slac_p_reb
.5500E+00     5.730  0.557E+01   0.12175E+00   0.12170E+00    0.20616E-02   0.00          slac_p_reb
.5500E+00     6.240  0.599E+01   0.11899E+00   0.11960E+00    0.17692E-02  -0.12          slac_p_reb
.5500E+00     7.450  0.698E+01   0.11363E+00   0.11390E+00    0.12806E-02  -0.05          slac_p_reb
.5500E+00     8.370  0.773E+01   0.11036E+00   0.11200E+00    0.19849E-02  -0.68          slac_p_reb
.5500E+00     9.390  0.856E+01   0.10726E+00   0.10840E+00    0.19416E-02  -0.34          slac_p_reb
.5500E+00    10.600  0.955E+01   0.10421E+00   0.10420E+00    0.17493E-02   0.00          slac_p_reb
.5500E+00    11.870  0.106E+02   0.10147E+00   0.10220E+00    0.19235E-02  -0.14          slac_p_reb
.5500E+00    12.840  0.114E+02   0.99673E-01   0.10070E+00    0.21954E-02  -0.22          slac_p_reb
.5500E+00    13.690  0.121E+02   0.98249E-01   0.97800E-01    0.24187E-02   0.03          slac_p_reb
.5500E+00    14.650  0.129E+02   0.96773E-01   0.97300E-01    0.23324E-02  -0.05          slac_p_reb
.5500E+00    15.570  0.136E+02   0.95471E-01   0.97800E-01    0.43863E-02  -0.28          slac_p_reb
.5500E+00    16.710  0.146E+02   0.94039E-01   0.11090E+00    0.18784E-01  -0.81          slac_p_reb
.5500E+00    17.890  0.155E+02   0.92685E-01   0.85600E-01    0.57428E-02   1.52          slac_p_reb
.5500E+00    19.470  0.168E+02   0.91040E-01   0.88900E-01    0.53000E-02   0.16          slac_p_reb
.6500E+00     4.290  0.319E+01   0.82966E-01   0.82800E-01    0.11314E-02   0.02          slac_p_reb
.6500E+00     5.050  0.360E+01   0.76630E-01   0.80600E-01    0.25495E-02  -2.43          slac_p_reb
.6500E+00     5.710  0.396E+01   0.72393E-01   0.71000E-01    0.15264E-02   0.83          slac_p_reb
.6500E+00     6.290  0.427E+01   0.69310E-01   0.69500E-01    0.10630E-02  -0.03          slac_p_reb
.6500E+00     6.810  0.455E+01   0.66966E-01   0.67300E-01    0.10630E-02  -0.10          slac_p_reb
.6500E+00     7.240  0.478E+01   0.65236E-01   0.58900E-01    0.49244E-02   1.66          slac_p_reb
.6500E+00     7.890  0.513E+01   0.62944E-01   0.63500E-01    0.78102E-03  -0.51          slac_p_reb
.6500E+00     8.630  0.553E+01   0.60717E-01   0.61300E-01    0.84853E-03  -0.47          slac_p_reb
.6500E+00     9.520  0.601E+01   0.58411E-01   0.57700E-01    0.11314E-02   0.40          slac_p_reb
.6500E+00    10.600  0.659E+01   0.56105E-01   0.56600E-01    0.94340E-03  -0.27          slac_p_reb
.6500E+00    11.490  0.707E+01   0.54467E-01   0.54100E-01    0.12207E-02   0.09          slac_p_reb
.6500E+00    13.150  0.796E+01   0.51930E-01   0.52600E-01    0.94340E-03  -0.50          slac_p_reb
.6500E+00    14.460  0.867E+01   0.50275E-01   0.50700E-01    0.14422E-02  -0.09          slac_p_reb
.6500E+00    15.560  0.926E+01   0.49052E-01   0.49300E-01    0.12083E-02  -0.04          slac_p_reb
.6500E+00    16.640  0.984E+01   0.48007E-01   0.46500E-01    0.13038E-02   1.34          slac_p_reb
.6500E+00    18.320  0.107E+02   0.46571E-01   0.44900E-01    0.25554E-02   0.43          slac_p_reb
.6500E+00    20.620  0.120E+02   0.44905E-01   0.42200E-01    0.27203E-02   0.99          slac_p_reb
.6500E+00    22.210  0.128E+02   0.43946E-01   0.44500E-01    0.23770E-02  -0.05          slac_p_reb
.7500E+00     6.660  0.310E+01   0.33642E-01   0.33800E-01    0.64031E-03  -0.06          slac_p_reb
.7500E+00     7.290  0.331E+01   0.31552E-01   0.31700E-01    0.58310E-03  -0.06          slac_p_reb
.7500E+00     8.040  0.356E+01   0.29511E-01   0.28500E-01    0.70711E-03   2.04          slac_p_reb
.7500E+00     8.880  0.384E+01   0.27643E-01   0.28000E-01    0.50000E-03  -0.51          slac_p_reb
.7500E+00    10.240  0.430E+01   0.25274E-01   0.26100E-01    0.50000E-03  -2.73          slac_p_reb
.7500E+00    11.590  0.475E+01   0.23471E-01   0.24000E-01    0.42426E-03  -1.56          slac_p_reb
.7500E+00    13.080  0.524E+01   0.21914E-01   0.22300E-01    0.50000E-03  -0.60          slac_p_reb
.7500E+00    14.460  0.570E+01   0.20750E-01   0.20700E-01    0.50000E-03   0.01          slac_p_reb
.7500E+00    15.710  0.612E+01   0.19859E-01   0.20300E-01    0.78102E-03  -0.32          slac_p_reb
.7500E+00    17.030  0.656E+01   0.19070E-01   0.18600E-01    0.53852E-03   0.76          slac_p_reb
.7500E+00    18.420  0.702E+01   0.18348E-01   0.18700E-01    0.64031E-03  -0.30          slac_p_reb
.7500E+00    19.920  0.752E+01   0.17669E-01   0.15900E-01    0.10000E-02   3.13          slac_p_reb
.7500E+00    21.580  0.808E+01   0.17037E-01   0.16400E-01    0.11662E-02   0.30          slac_p_reb
.7500E+00    24.460  0.904E+01   0.16127E-01   0.15500E-01    0.10296E-02   0.37          slac_p_reb
.7500E+00    26.690  0.978E+01   0.15537E-01   0.14400E-01    0.11180E-02   1.03          slac_p_reb
.8500E+00    12.180  0.303E+01   0.68429E-02   0.68000E-02    0.28284E-03   0.02          slac_p_reb
.8500E+00    13.970  0.335E+01   0.59990E-02   0.62000E-02    0.22361E-03  -0.81          slac_p_reb
.8500E+00    15.450  0.361E+01   0.54651E-02   0.58000E-02    0.22361E-03  -2.24          slac_p_reb
.8500E+00    16.610  0.381E+01   0.51280E-02   0.54000E-02    0.28284E-03  -0.92          slac_p_reb
.8500E+00    18.480  0.414E+01   0.46830E-02   0.48000E-02    0.22361E-03  -0.27          slac_p_reb
.8500E+00    19.950  0.440E+01   0.43960E-02   0.47000E-02    0.22361E-03  -1.85          slac_p_reb
.8500E+00    23.390  0.501E+01   0.38912E-02   0.38000E-02    0.31623E-03   0.08          slac_p_reb
.8500E+00    29.170  0.603E+01   0.33281E-02   0.28000E-02    0.22361E-03   5.58          slac_p_reb



 CHI SQUARE=  112.71 FOR  157 POINTS   CHISQ/NPTS=    0.72
 Signed chisquare total =    2.34
 Modified residual =  540.72



     X        Q2         W2       THEORY         DATA         ERROR        chi^2     _w    ITYPE
.7000E-01     2.010  0.276E+02   0.32429E+00   0.34030E+00    0.13881E-01  -1.33          slac_d_reb
.1000E+00     1.820  0.173E+02   0.32259E+00   0.32430E+00    0.55154E-02  -0.10          slac_d_reb
.1000E+00     1.990  0.188E+02   0.32519E+00   0.32660E+00    0.50249E-02  -0.08          slac_d_reb
.1000E+00     2.140  0.201E+02   0.32747E+00   0.33290E+00    0.10610E-01  -0.26          slac_d_reb
.1000E+00     2.370  0.222E+02   0.33049E+00   0.32490E+00    0.85440E-02   0.43          slac_d_reb
.1000E+00     2.940  0.273E+02   0.33589E+00   0.33460E+00    0.11789E-01   0.01          slac_d_reb
.1000E+00     3.340  0.309E+02   0.33866E+00   0.34520E+00    0.17536E-01  -0.14          slac_d_reb
.1400E+00     1.740  0.116E+02   0.31720E+00   0.31610E+00    0.49193E-02   0.05          slac_d_reb
.1400E+00     2.010  0.132E+02   0.31976E+00   0.31960E+00    0.51662E-02   0.00          slac_d_reb
.1400E+00     2.190  0.143E+02   0.32127E+00   0.31340E+00    0.47202E-02   2.78          slac_d_reb
.1400E+00     2.370  0.154E+02   0.32253E+00   0.32020E+00    0.45255E-02   0.27          slac_d_reb
.1400E+00     2.580  0.167E+02   0.32363E+00   0.31650E+00    0.82680E-02   0.74          slac_d_reb
.1400E+00     2.800  0.181E+02   0.32460E+00   0.32830E+00    0.91214E-02  -0.16          slac_d_reb
.1400E+00     3.000  0.193E+02   0.32529E+00   0.32220E+00    0.97908E-02   0.10          slac_d_reb
.1400E+00     3.310  0.212E+02   0.32619E+00   0.33320E+00    0.87000E-02  -0.65          slac_d_reb
.1400E+00     3.770  0.240E+02   0.32709E+00   0.32010E+00    0.94847E-02   0.54          slac_d_reb
.1400E+00     4.180  0.266E+02   0.32770E+00   0.31130E+00    0.12093E-01   1.84          slac_d_reb
.1400E+00     5.000  0.316E+02   0.32842E+00   0.32720E+00    0.72732E-02   0.03          slac_d_reb
.2000E+00     1.870  0.836E+01   0.29926E+00   0.30700E+00    0.40497E-02  -3.65          slac_d_reb
.2000E+00     2.570  0.112E+02   0.30075E+00   0.30670E+00    0.44045E-02  -1.82          slac_d_reb
.2000E+00     2.740  0.118E+02   0.30079E+00   0.30660E+00    0.71449E-02  -0.66          slac_d_reb
.2000E+00     3.010  0.129E+02   0.30071E+00   0.31270E+00    0.94826E-02  -1.60          slac_d_reb
.2000E+00     3.250  0.139E+02   0.30054E+00   0.31250E+00    0.73573E-02  -2.64          slac_d_reb
.2000E+00     3.540  0.150E+02   0.30025E+00   0.30740E+00    0.72201E-02  -0.98          slac_d_reb
.2000E+00     4.170  0.176E+02   0.29945E+00   0.31330E+00    0.71021E-02  -3.80          slac_d_reb
.2000E+00     4.590  0.192E+02   0.29884E+00   0.30160E+00    0.97581E-02  -0.08          slac_d_reb
.2000E+00     5.200  0.217E+02   0.29796E+00   0.30410E+00    0.77104E-02  -0.63          slac_d_reb
.2300E+00     1.730  0.667E+01   0.28588E+00   0.28980E+00    0.35228E-02  -1.24          slac_d_reb
.2300E+00     2.010  0.761E+01   0.28653E+00   0.29130E+00    0.29206E-02  -2.66          slac_d_reb
.2300E+00     2.220  0.831E+01   0.28676E+00   0.28630E+00    0.76276E-02   0.00          slac_d_reb
.2300E+00     2.500  0.925E+01   0.28669E+00   0.29180E+00    0.32650E-02  -2.45          slac_d_reb
.2300E+00     2.820  0.103E+02   0.28630E+00   0.28630E+00    0.41049E-02   0.00          slac_d_reb
.2300E+00     3.000  0.109E+02   0.28601E+00   0.28800E+00    0.57801E-02  -0.12          slac_d_reb
.2300E+00     3.290  0.119E+02   0.28545E+00   0.28830E+00    0.51225E-02  -0.31          slac_d_reb
.2300E+00     3.620  0.130E+02   0.28475E+00   0.28060E+00    0.77987E-02   0.28          slac_d_reb
.2300E+00     4.010  0.143E+02   0.28388E+00   0.28220E+00    0.50478E-02   0.11          slac_d_reb
.2300E+00     4.460  0.158E+02   0.28287E+00   0.28580E+00    0.56727E-02  -0.27          slac_d_reb
.2300E+00     5.000  0.176E+02   0.28167E+00   0.28200E+00    0.41485E-02  -0.01          slac_d_reb
.2300E+00     5.330  0.187E+02   0.28096E+00   0.28590E+00    0.10565E-01  -0.22          slac_d_reb
.2300E+00     5.720  0.200E+02   0.28014E+00   0.27960E+00    0.69311E-02   0.01          slac_d_reb
.2300E+00     6.090  0.213E+02   0.27939E+00   0.27610E+00    0.10481E-01   0.10          slac_d_reb
.2300E+00     7.310  0.254E+02   0.27712E+00   0.27030E+00    0.16716E-01   0.17          slac_d_reb
.2800E+00     1.920  0.582E+01   0.26179E+00   0.26370E+00    0.35805E-02  -0.29          slac_d_reb
.2800E+00     2.110  0.631E+01   0.26157E+00   0.26580E+00    0.42544E-02  -0.99          slac_d_reb
.2800E+00     2.350  0.692E+01   0.26108E+00   0.26350E+00    0.47707E-02  -0.26          slac_d_reb
.2800E+00     2.530  0.739E+01   0.26059E+00   0.26460E+00    0.50249E-02  -0.64          slac_d_reb
.2800E+00     3.090  0.883E+01   0.25872E+00   0.26220E+00    0.70228E-02  -0.25          slac_d_reb
.2800E+00     3.320  0.942E+01   0.25789E+00   0.26960E+00    0.84723E-02  -1.91          slac_d_reb
.2800E+00     3.530  0.996E+01   0.25714E+00   0.25480E+00    0.36235E-02   0.42          slac_d_reb
.2800E+00     4.300  0.119E+02   0.25445E+00   0.25660E+00    0.44407E-02  -0.23          slac_d_reb
.2800E+00     4.760  0.131E+02   0.25293E+00   0.25680E+00    0.42012E-02  -0.85          slac_d_reb
.2800E+00     5.290  0.145E+02   0.25129E+00   0.25130E+00    0.40224E-02  -0.00          slac_d_reb
.2800E+00     6.070  0.165E+02   0.24906E+00   0.25530E+00    0.54562E-02  -1.31          slac_d_reb
.2800E+00     6.750  0.182E+02   0.24730E+00   0.24940E+00    0.61555E-02  -0.12          slac_d_reb
.2800E+00     7.500  0.202E+02   0.24551E+00   0.25060E+00    0.74330E-02  -0.47          slac_d_reb
.2800E+00     8.220  0.220E+02   0.24395E+00   0.24510E+00    0.10021E-01  -0.01          slac_d_reb
.3500E+00     1.830  0.428E+01   0.22499E+00   0.22620E+00    0.45277E-02  -0.07          slac_d_reb
.3500E+00     2.010  0.461E+01   0.22402E+00   0.22400E+00    0.22825E-02   0.00          slac_d_reb
.3500E+00     2.180  0.493E+01   0.22310E+00   0.22460E+00    0.21095E-02  -0.51          slac_d_reb
.3500E+00     2.500  0.552E+01   0.22121E+00   0.22190E+00    0.14213E-02  -0.23          slac_d_reb
.3500E+00     2.790  0.606E+01   0.21946E+00   0.21390E+00    0.42802E-02   1.69          slac_d_reb
.3500E+00     3.080  0.660E+01   0.21779E+00   0.21700E+00    0.24042E-02   0.11          slac_d_reb
.3500E+00     3.360  0.712E+01   0.21620E+00   0.21410E+00    0.57245E-02   0.13          slac_d_reb
.3500E+00     3.740  0.783E+01   0.21419E+00   0.21020E+00    0.28320E-02   1.98          slac_d_reb
.3500E+00     4.160  0.861E+01   0.21210E+00   0.21250E+00    0.24207E-02  -0.03          slac_d_reb
.3500E+00     5.010  0.102E+02   0.20833E+00   0.20810E+00    0.19925E-02   0.01          slac_d_reb
.3500E+00     5.840  0.117E+02   0.20516E+00   0.20640E+00    0.30232E-02  -0.17          slac_d_reb
.3500E+00     6.410  0.128E+02   0.20322E+00   0.20160E+00    0.27203E-02   0.35          slac_d_reb
.3500E+00     7.370  0.146E+02   0.20030E+00   0.19910E+00    0.35777E-02   0.11          slac_d_reb
.3500E+00     8.130  0.160E+02   0.19827E+00   0.19600E+00    0.38013E-02   0.36          slac_d_reb
.3500E+00     9.310  0.182E+02   0.19546E+00   0.19080E+00    0.47508E-02   0.96          slac_d_reb
.3500E+00    10.010  0.195E+02   0.19398E+00   0.19420E+00    0.40224E-02  -0.00          slac_d_reb
.3500E+00    10.960  0.212E+02   0.19214E+00   0.18990E+00    0.65054E-02   0.12          slac_d_reb
.4500E+00     1.870  0.317E+01   0.17390E+00   0.16850E+00    0.50695E-02   1.14          slac_d_reb
.4500E+00     2.000  0.333E+01   0.17199E+00   0.17510E+00    0.21633E-02  -2.06          slac_d_reb
.4500E+00     2.290  0.368E+01   0.16823E+00   0.16870E+00    0.14422E-02  -0.11          slac_d_reb
.4500E+00     2.440  0.386E+01   0.16645E+00   0.16420E+00    0.19849E-02   1.28          slac_d_reb
.4500E+00     2.650  0.412E+01   0.16413E+00   0.16220E+00    0.27459E-02   0.49          slac_d_reb
.4500E+00     3.360  0.499E+01   0.15751E+00   0.15760E+00    0.18385E-02  -0.00          slac_d_reb
.4500E+00     3.800  0.553E+01   0.15416E+00   0.15670E+00    0.40497E-02  -0.39          slac_d_reb
.4500E+00     4.590  0.649E+01   0.14913E+00   0.14980E+00    0.20518E-02  -0.11          slac_d_reb
.4500E+00     4.970  0.696E+01   0.14704E+00   0.14670E+00    0.16401E-02   0.04          slac_d_reb
.4500E+00     5.300  0.736E+01   0.14542E+00   0.14510E+00    0.21213E-02   0.02          slac_d_reb
.4500E+00     5.680  0.782E+01   0.14368E+00   0.14280E+00    0.17029E-02   0.27          slac_d_reb
.4500E+00     6.070  0.830E+01   0.14202E+00   0.14610E+00    0.34409E-02  -1.41          slac_d_reb
.4500E+00     6.510  0.884E+01   0.14033E+00   0.14130E+00    0.21260E-02  -0.21          slac_d_reb
.4500E+00     7.110  0.957E+01   0.13823E+00   0.13930E+00    0.16125E-02  -0.44          slac_d_reb
.4500E+00     7.840  0.105E+02   0.13594E+00   0.13950E+00    0.36125E-02  -0.97          slac_d_reb
.4500E+00     8.430  0.112E+02   0.13430E+00   0.13380E+00    0.20809E-02   0.06          slac_d_reb
.4500E+00     9.050  0.119E+02   0.13271E+00   0.13460E+00    0.24413E-02  -0.60          slac_d_reb
.4500E+00     9.830  0.129E+02   0.13090E+00   0.13100E+00    0.19235E-02  -0.00          slac_d_reb
.4500E+00    10.690  0.139E+02   0.12912E+00   0.12920E+00    0.25080E-02  -0.00          slac_d_reb
.4500E+00    11.610  0.151E+02   0.12739E+00   0.12920E+00    0.29530E-02  -0.38          slac_d_reb
.4500E+00    12.750  0.165E+02   0.12548E+00   0.12640E+00    0.31765E-02  -0.08          slac_d_reb
.4500E+00    15.020  0.192E+02   0.12227E+00   0.13260E+00    0.13014E-01  -0.63          slac_d_reb
.4500E+00    16.390  0.209E+02   0.12062E+00   0.13590E+00    0.10341E-01  -2.18          slac_d_reb
.5500E+00     2.770  0.315E+01   0.11416E+00   0.11570E+00    0.18868E-02  -0.67          slac_d_reb
.5500E+00     3.470  0.372E+01   0.10592E+00   0.10540E+00    0.17692E-02   0.09          slac_d_reb
.5500E+00     3.740  0.394E+01   0.10341E+00   0.10270E+00    0.23259E-02   0.09          slac_d_reb
.5500E+00     4.070  0.421E+01   0.10066E+00   0.10070E+00    0.11314E-02  -0.00          slac_d_reb
.5500E+00     4.990  0.496E+01   0.94598E-01   0.93600E-01    0.80623E-03   1.53          slac_d_reb
.5500E+00     5.330  0.524E+01   0.92790E-01   0.92600E-01    0.18028E-02   0.01          slac_d_reb
.5500E+00     5.770  0.560E+01   0.90674E-01   0.91400E-01    0.13454E-02  -0.29          slac_d_reb
.5500E+00     6.250  0.600E+01   0.88625E-01   0.88700E-01    0.12042E-02  -0.00          slac_d_reb
.5500E+00     7.500  0.702E+01   0.84278E-01   0.84900E-01    0.89443E-03  -0.48          slac_d_reb
.5500E+00     8.380  0.774E+01   0.81845E-01   0.81800E-01    0.13601E-02   0.00          slac_d_reb
.5500E+00     9.020  0.826E+01   0.80292E-01   0.84100E-01    0.19799E-02  -3.70          slac_d_reb
.5500E+00     9.910  0.899E+01   0.78389E-01   0.78500E-01    0.98489E-03  -0.01          slac_d_reb
.5500E+00    10.720  0.965E+01   0.76879E-01   0.77600E-01    0.13416E-02  -0.29          slac_d_reb
.5500E+00    11.860  0.106E+02   0.74997E-01   0.76200E-01    0.14318E-02  -0.71          slac_d_reb
.5500E+00    12.880  0.114E+02   0.73544E-01   0.73700E-01    0.15652E-02  -0.01          slac_d_reb
.5500E+00    14.120  0.124E+02   0.71987E-01   0.72100E-01    0.16155E-02  -0.00          slac_d_reb
.5500E+00    15.550  0.136E+02   0.70403E-01   0.70500E-01    0.26907E-02  -0.00          slac_d_reb
.5500E+00    16.710  0.146E+02   0.69290E-01   0.64300E-01    0.85703E-02   0.34          slac_d_reb
.5500E+00    17.890  0.155E+02   0.68260E-01   0.71800E-01    0.48260E-02  -0.54          slac_d_reb
.5500E+00    19.510  0.168E+02   0.66982E-01   0.68900E-01    0.40817E-02  -0.22          slac_d_reb
.6500E+00     4.150  0.312E+01   0.61053E-01   0.62000E-01    0.17493E-02  -0.29          slac_d_reb
.6500E+00     4.410  0.326E+01   0.59180E-01   0.59800E-01    0.92195E-03  -0.45          slac_d_reb
.6500E+00     5.010  0.358E+01   0.55512E-01   0.55800E-01    0.64031E-03  -0.20          slac_d_reb
.6500E+00     5.720  0.396E+01   0.52123E-01   0.52800E-01    0.92195E-03  -0.54          slac_d_reb
.6500E+00     6.270  0.426E+01   0.49967E-01   0.50200E-01    0.70711E-03  -0.11          slac_d_reb
.6500E+00     6.780  0.453E+01   0.48269E-01   0.49400E-01    0.72111E-03  -2.46          slac_d_reb
.6500E+00     7.980  0.518E+01   0.45023E-01   0.44900E-01    0.64031E-03   0.04          slac_d_reb
.6500E+00     8.610  0.552E+01   0.43651E-01   0.43500E-01    0.56569E-03   0.07          slac_d_reb
.6500E+00     9.750  0.613E+01   0.41551E-01   0.41900E-01    0.58310E-03  -0.36          slac_d_reb
.6500E+00    10.600  0.659E+01   0.40261E-01   0.40700E-01    0.58310E-03  -0.57          slac_d_reb
.6500E+00    11.530  0.709E+01   0.39026E-01   0.38700E-01    0.80623E-03   0.16          slac_d_reb
.6500E+00    13.170  0.797E+01   0.37226E-01   0.37900E-01    0.67082E-03  -1.01          slac_d_reb
.6500E+00    14.200  0.853E+01   0.36277E-01   0.38000E-01    0.13038E-02  -1.75          slac_d_reb
.6500E+00    15.240  0.909E+01   0.35420E-01   0.35300E-01    0.67082E-03   0.03          slac_d_reb
.6500E+00    16.890  0.998E+01   0.34262E-01   0.34100E-01    0.10817E-02   0.02          slac_d_reb
.6500E+00    18.280  0.107E+02   0.33418E-01   0.32800E-01    0.18358E-02   0.11          slac_d_reb
.6500E+00    20.630  0.120E+02   0.32198E-01   0.34400E-01    0.21095E-02  -1.09          slac_d_reb
.6500E+00    22.210  0.128E+02   0.31518E-01   0.32300E-01    0.17464E-02  -0.20          slac_d_reb
.7500E+00     6.660  0.310E+01   0.24018E-01   0.24300E-01    0.42426E-03  -0.44          slac_d_reb
.7500E+00     7.300  0.332E+01   0.22557E-01   0.22500E-01    0.42426E-03   0.02          slac_d_reb
.7500E+00     7.960  0.354E+01   0.21309E-01   0.21600E-01    0.78102E-03  -0.14          slac_d_reb
.7500E+00     8.900  0.385E+01   0.19859E-01   0.20100E-01    0.36056E-03  -0.45          slac_d_reb
.7500E+00    10.190  0.428E+01   0.18306E-01   0.18500E-01    0.28284E-03  -0.47          slac_d_reb
.7500E+00    11.570  0.474E+01   0.17028E-01   0.16900E-01    0.28284E-03   0.20          slac_d_reb
.7500E+00    13.070  0.524E+01   0.15943E-01   0.16100E-01    0.36056E-03  -0.19          slac_d_reb
.7500E+00    14.470  0.571E+01   0.15128E-01   0.14900E-01    0.36056E-03   0.40          slac_d_reb
.7500E+00    15.710  0.612E+01   0.14518E-01   0.14600E-01    0.50000E-03  -0.03          slac_d_reb
.7500E+00    16.960  0.654E+01   0.13999E-01   0.13800E-01    0.36056E-03   0.30          slac_d_reb
.7500E+00    18.420  0.702E+01   0.13472E-01   0.13800E-01    0.44721E-03  -0.54          slac_d_reb
.7500E+00    19.940  0.753E+01   0.12995E-01   0.13300E-01    0.80623E-03  -0.14          slac_d_reb
.7500E+00    21.560  0.807E+01   0.12567E-01   0.11700E-01    0.80623E-03   1.16          slac_d_reb
.7500E+00    24.370  0.901E+01   0.11946E-01   0.11400E-01    0.72111E-03   0.57          slac_d_reb
.7500E+00    26.730  0.979E+01   0.11511E-01   0.11200E-01    0.76158E-03   0.17          slac_d_reb
.8500E+00    12.180  0.303E+01   0.56750E-02   0.53000E-02    0.22361E-03   2.81          slac_d_reb
.8500E+00    13.950  0.334E+01   0.50847E-02   0.49000E-02    0.22361E-03   0.68          slac_d_reb
.8500E+00    15.450  0.361E+01   0.46975E-02   0.47000E-02    0.14142E-03  -0.00          slac_d_reb
.8500E+00    16.640  0.382E+01   0.44489E-02   0.41000E-02    0.14142E-03   6.09          slac_d_reb
.8500E+00    18.460  0.414E+01   0.41341E-02   0.40000E-02    0.14142E-03   0.90          slac_d_reb
.8500E+00    19.990  0.441E+01   0.39151E-02   0.40000E-02    0.22361E-03  -0.14          slac_d_reb
.8500E+00    23.400  0.501E+01   0.35445E-02   0.32000E-02    0.31623E-03   1.19          slac_d_reb
.8500E+00    29.090  0.602E+01   0.31238E-02   0.28000E-02    0.22361E-03   2.10          slac_d_reb



 CHI SQUARE=   98.37 FOR  157 POINTS   CHISQ/NPTS=    0.63
 Signed chisquare total =  -26.18
 Modified residual = 1638.06


Summary normalization chi2 contributions

 data set     normalization        error         chisq
slac_p_reb         1.0009         0.0210         0.0018
slac_d_reb         1.0053         0.0210         0.0637


Summary chi2 per data set

 data set      chisq    _w     signd    _w     resid     _w   npts   chisq/pts  _w
test_DN     ********        ********        ********           482********
slac_p_reb     112.7             2.3           540.7           157    0.72
slac_d_reb      98.4           -26.2          1638.1           157    0.63
------------------------------------------------------------------------------------
TOTAL       ************************     0.0****************   796****************
TOTAL+norm  ****************                                   796****************



            Momentum Sum Rule Check


      q2        xuv       xdv       xub       xdb       xsb       xcb       xbb      xglue     total
      1.69    0.3203    0.1363    0.0563    0.0741    0.0261    0.0000    0.0000    0.3871    1.0002
    100.00    0.2257    0.0961    0.0653    0.0779    0.0440    0.0257    0.0087    0.4540    0.9972
   1000.00    0.0000    0.0000    0.0000    0.0000    0.0000    0.0000    0.0000    0.0000    0.0000
   2000.00    0.0000    0.0000    0.0000    0.0000    0.0000    0.0000    0.0000    0.0000    0.0000


 Vector Boson Cross Sections

 sqrt(s)   sigma(W)    error    theory

   1960.     2.865     0.063       0.000     D0

   1960.     2.749     0.054       0.000     CDF

   7000.     9.95      0.29        0.000     CMS

   7000.     9.96      0.55        0.000     ATLAS

 sqrt(s)   sigma(Z)    error    theory

   1960.     .2649     .0094       0.000     D0

   1960.     .2549     .0057       0.000     CDF

   7000.     .931      0.035       0.000     CMS

   7000.     .82       0.08        0.000     ATLAS


 KP off-shell parameters -- N*(x-x0)*(x-x1)*(1+x0-x)

  N =   0.13158     +-     0.0000    
 x0 =  -0.25326     +-     0.0000    
 x1 =   0.15195    
